2022-11-03T16:21:54,109 [Thread-0] INFO  (DNGLoginUtility.java:51) - DNGLogin succesfull!
2022-11-03T16:21:54,129 [Thread-0] INFO  (RestUtility.java:45) - Fetching the project details for the server https://jazz-test6.conti.de/rm4
2022-11-03T16:21:54,431 [Thread-0] INFO  (RestUtility.java:81) - fetching the  details for the project ADAS_PG_SW_DesignAM
2022-11-03T16:21:56,614 [Thread-0] INFO  (RestUtility.java:131) - fetching the component details for the component ADAS_PG_SW_DesignAM
2022-11-03T16:21:58,001 [Thread-0] INFO  (RestUtility.java:81) - fetching the  details for the project Template_ProjectArea_BU4_RM_V24
2022-11-03T16:21:59,796 [Thread-0] INFO  (RestUtility.java:131) - fetching the component details for the component Template_DataModel_BU4_RM_V24
2022-11-03T16:22:00,447 [Thread-0] INFO  (RestUtility.java:81) - fetching the  details for the project ADAS_PG_SYS_RM
2022-11-03T16:22:04,098 [Thread-0] INFO  (RestUtility.java:131) - fetching the component details for the component ADAS_PG_SYS_RM
2022-11-03T16:22:11,308 [Thread-0] ERROR (RestUtility.java:278) - The GET response could not be obtained for the url https://jazz-test6.conti.de/rm4/cm/stream/_YkTmsCswEeyV0ve2WVyLQA   Not Found
2022-11-03T16:22:19,037 [Thread-0] ERROR (RestUtility.java:278) - The GET response could not be obtained for the url https://jazz-test6.conti.de/rm4/cm/stream/_4sCUwARQEe2ElJh91aOrbw   Not Found
2022-11-03T16:22:32,163 [Thread-0] ERROR (RestUtility.java:278) - The GET response could not be obtained for the url https://jazz-test6.conti.de/rm4/cm/stream/_Z3dIMElOEeywGf2P2QzSqA   Not Found
2022-11-03T16:22:44,944 [Thread-0] ERROR (RestUtility.java:278) - The GET response could not be obtained for the url https://jazz-test6.conti.de/rm4/cm/stream/_kSwKkP3FEeyElJh91aOrbw   Not Found
2022-11-03T16:23:00,617 [Thread-0] INFO  (RestUtility.java:81) - fetching the  details for the project ADAS_PG_SW_RM
2022-11-03T16:23:03,902 [Thread-0] INFO  (RestUtility.java:131) - fetching the component details for the component ADAS_PG_SW_RM
2022-11-03T16:23:07,372 [Thread-0] INFO  (RestUtility.java:81) - fetching the  details for the project ADAS_PG_STH_RM
2022-11-03T16:23:11,263 [Thread-0] INFO  (RestUtility.java:131) - fetching the component details for the component ADAS_PG_STH_RM
2022-11-03T16:23:12,297 [Thread-0] ERROR (RestUtility.java:278) - The GET response could not be obtained for the url https://jazz-test6.conti.de/rm4/cm/stream/_UK3VQFLEEeybb5qGPqhBnw   Not Found
2022-11-03T16:23:12,988 [Thread-0] ERROR (RestUtility.java:278) - The GET response could not be obtained for the url https://jazz-test6.conti.de/rm4/cm/stream/_PBv70FLDEeybb5qGPqhBnw   Not Found
2022-11-03T16:23:13,612 [Thread-0] ERROR (RestUtility.java:278) - The GET response could not be obtained for the url https://jazz-test6.conti.de/rm4/cm/stream/_Cl60EF6GEeybb5qGPqhBnw   Not Found
2022-11-03T16:23:14,845 [Thread-0] ERROR (RestUtility.java:278) - The GET response could not be obtained for the url https://jazz-test6.conti.de/rm4/cm/stream/_W22P0FLDEeybb5qGPqhBnw   Not Found
2022-11-03T16:23:16,164 [Thread-0] INFO  (RestUtility.java:81) - fetching the  details for the project ADAS_PG_SYS_DesignAM
2022-11-03T16:23:17,920 [Thread-0] INFO  (RestUtility.java:131) - fetching the component details for the component ADAS_PG_SYS_DesignAM
2022-11-03T16:23:21,307 [Thread-0] INFO  (RestUtility.java:81) - fetching the  details for the project Template_ProjectArea_BU4_AM_V2
2022-11-03T16:23:24,781 [Thread-0] INFO  (RestUtility.java:131) - fetching the component details for the component Template_ProjectArea_BU4_AM_V2
2022-11-03T16:23:24,965 [Thread-0] INFO  (RestUtility.java:131) - fetching the component details for the component Template_ProjectArea_Automotive_AM_V6
2022-11-03T16:23:26,315 [Thread-0] INFO  (RestUtility.java:81) - fetching the  details for the project Template_ProjectArea_BU4_RM_V26
2022-11-03T16:23:29,490 [Thread-0] INFO  (RestUtility.java:131) - fetching the component details for the component Template_ProjectArea_BU4_RM_V26
2022-11-03T16:28:05,961 [Thread-0] ERROR (DNGLoginUtility.java:56) - Exception while logging in DNGorg.eclipse.lyo.client.exception.RootServicesException: OSLCC003: An error occurred processing the root services document.  Server location: qetrqetr.
2022-11-03T16:28:05,967 [Thread-0] ERROR (ProjectDetailsApplication.java:183) - Unable to login to server 
2022-11-03T16:28:31,184 [Thread-0] ERROR (DNGLoginUtility.java:56) - Exception while logging in DNGorg.eclipse.lyo.client.exception.RootServicesException: OSLCC003: An error occurred processing the root services document.  Server location: wtt.
2022-11-03T16:28:31,190 [Thread-0] ERROR (ProjectDetailsApplication.java:183) - Unable to login to server 
2022-11-03T16:34:44,110 [Thread-0] INFO  (DNGLoginUtility.java:51) - DNGLogin succesfull!
2022-11-03T16:34:45,653 [Thread-0] ERROR (DNGLoginUtility.java:64) - Exception while logging in DNGjava.lang.RuntimeException: A javax.ws.rs.ext.MessageBodyReader implementation was not found for class org.eclipse.lyo.oslc4j.core.model.ServiceProviderCatalog type and application/octet-stream media type.  Verify that all entity providers are correctly registered.  Add a custom javax.ws.rs.ext.MessageBodyReader provider to handle the type and media type if a JAX-RS entity provider does not currently exist.
2022-11-03T16:34:45,653 [Thread-0] ERROR (ProjectDetailsApplication.java:185) - Unable to login to server 
2022-11-03T16:36:43,380 [Thread-0] ERROR (DNGLoginUtility.java:64) - Exception while logging in DNGorg.eclipse.lyo.client.exception.RootServicesException: OSLCC003: An error occurred processing the root services document.  Server location: https://jazz-test6.conti.de/rm.
2022-11-03T16:36:43,388 [Thread-0] ERROR (ProjectDetailsApplication.java:185) - Unable to login to server 
2022-11-03T16:37:07,927 [Thread-1] INFO  (DNGLoginUtility.java:51) - DNGLogin succesfull!
2022-11-03T16:37:10,864 [Thread-1] INFO  (DNGLoginUtility.java:132) - unable to fetch servercapability urlorg.eclipse.lyo.client.exception.ResourceNotFoundException: OSLCC004: The requested resource could not be found.  Resource: https://jazz-test6.conti.de/rm4/oslc_rm/catalog  Value: null.
2022-11-03T16:37:10,870 [Thread-1] ERROR (DNGLoginUtility.java:64) - Exception while logging in DNGorg.apache.wink.client.ClientRuntimeException: java.lang.RuntimeException: java.lang.RuntimeException: java.lang.IllegalStateException: Target host is null
2022-11-03T16:37:10,870 [Thread-1] ERROR (ProjectDetailsApplication.java:185) - Unable to login to server 
2022-11-03T16:39:47,287 [Thread-0] INFO  (DNGLoginUtility.java:51) - DNGLogin succesfull!
2022-11-03T16:39:50,079 [Thread-0] ERROR (DNGLoginUtility.java:64) - Exception while logging in DNGjava.lang.RuntimeException: A javax.ws.rs.ext.MessageBodyReader implementation was not found for class org.eclipse.lyo.oslc4j.core.model.ServiceProviderCatalog type and application/octet-stream media type.  Verify that all entity providers are correctly registered.  Add a custom javax.ws.rs.ext.MessageBodyReader provider to handle the type and media type if a JAX-RS entity provider does not currently exist.
2022-11-03T16:39:55,674 [Thread-0] ERROR (ProjectDetailsApplication.java:166) - Unable to login to server 
2022-11-03T16:43:37,246 [Thread-1] INFO  (DNGLoginUtility.java:51) - DNGLogin succesfull!
2022-11-03T16:43:40,540 [Thread-1] INFO  (DNGLoginUtility.java:132) - unable to fetch servercapability urlorg.eclipse.lyo.client.exception.ResourceNotFoundException: OSLCC004: The requested resource could not be found.  Resource: https://jazz-test6.conti.de/rm4/oslc_rm/catalog  Value: null.
2022-11-03T16:43:40,566 [Thread-1] ERROR (DNGLoginUtility.java:64) - Exception while logging in DNGorg.apache.wink.client.ClientRuntimeException: java.lang.RuntimeException: java.lang.RuntimeException: java.lang.IllegalStateException: Target host is null
2022-11-03T16:43:40,569 [Thread-1] ERROR (ProjectDetailsApplication.java:166) - Unable to login to server 
2022-11-03T16:48:15,418 [Thread-0] INFO  (DNGLoginUtility.java:51) - DNGLogin succesfull!
2022-11-03T16:48:15,425 [Thread-0] INFO  (RestUtility.java:45) - Fetching the project details for the server https://jazz-test6.conti.de/rm4
2022-11-03T16:48:16,001 [Thread-0] INFO  (RestUtility.java:81) - fetching the  details for the project ADAS_PG_SW_DesignAM
2022-11-03T16:48:21,042 [Thread-0] INFO  (RestUtility.java:131) - fetching the component details for the component ADAS_PG_SW_DesignAM
2022-11-03T16:48:25,138 [Thread-0] INFO  (RestUtility.java:81) - fetching the  details for the project Template_ProjectArea_BU4_RM_V24
2022-11-03T16:48:29,660 [Thread-0] INFO  (RestUtility.java:131) - fetching the component details for the component Template_DataModel_BU4_RM_V24
2022-11-03T16:48:30,358 [Thread-0] INFO  (RestUtility.java:81) - fetching the  details for the project ADAS_PG_SYS_RM
2022-11-03T16:48:33,738 [Thread-0] INFO  (RestUtility.java:131) - fetching the component details for the component ADAS_PG_SYS_RM
2022-11-03T16:49:05,282 [Thread-0] INFO  (DNGLoginUtility.java:51) - DNGLogin succesfull!
2022-11-03T16:49:05,289 [Thread-0] INFO  (RestUtility.java:45) - Fetching the project details for the server https://jazz-test6.conti.de/rm4
2022-11-03T16:49:05,581 [Thread-0] ERROR (RestUtility.java:278) - The GET response could not be obtained for the url https://jazz-test6.conti.de/rm4/oslc_rm/catalog   Unauthorized
2022-11-03T16:49:05,583 [Thread-0] ERROR (ProjectDetailsApplication.java:152) - No project details found to update in the excel
2022-11-03T17:10:12,548 [Thread-0] INFO  (DNGLoginUtility.java:51) - DNGLogin succesfull!
2022-11-03T17:10:12,555 [Thread-0] INFO  (RestUtility.java:45) - Fetching the project details for the server https://jazz-test6.conti.de/rm4
2022-11-03T17:10:12,923 [Thread-0] INFO  (RestUtility.java:81) - fetching the  details for the project ADAS_PG_SW_DesignAM
2022-11-03T17:10:16,153 [Thread-0] INFO  (RestUtility.java:131) - fetching the component details for the component ADAS_PG_SW_DesignAM
2022-11-03T17:10:18,530 [Thread-0] INFO  (RestUtility.java:81) - fetching the  details for the project Template_ProjectArea_BU4_RM_V24
2022-11-03T17:10:22,001 [Thread-0] INFO  (RestUtility.java:131) - fetching the component details for the component Template_DataModel_BU4_RM_V24
2022-11-03T17:10:22,613 [Thread-0] INFO  (RestUtility.java:81) - fetching the  details for the project ADAS_PG_SYS_RM
2022-11-03T17:10:24,373 [Thread-0] INFO  (RestUtility.java:131) - fetching the component details for the component ADAS_PG_SYS_RM
2022-11-03T17:10:32,949 [Thread-0] ERROR (RestUtility.java:278) - The GET response could not be obtained for the url https://jazz-test6.conti.de/rm4/cm/stream/_YkTmsCswEeyV0ve2WVyLQA   Not Found
2022-11-03T17:10:42,656 [Thread-0] ERROR (RestUtility.java:278) - The GET response could not be obtained for the url https://jazz-test6.conti.de/rm4/cm/stream/_4sCUwARQEe2ElJh91aOrbw   Not Found
2022-11-03T17:10:55,883 [Thread-0] ERROR (RestUtility.java:278) - The GET response could not be obtained for the url https://jazz-test6.conti.de/rm4/cm/stream/_Z3dIMElOEeywGf2P2QzSqA   Not Found
2022-11-03T17:11:10,626 [Thread-0] ERROR (RestUtility.java:278) - The GET response could not be obtained for the url https://jazz-test6.conti.de/rm4/cm/stream/_kSwKkP3FEeyElJh91aOrbw   Not Found
2022-11-03T17:11:26,401 [Thread-0] INFO  (RestUtility.java:81) - fetching the  details for the project ADAS_PG_SW_RM
2022-11-03T17:11:29,366 [Thread-0] INFO  (RestUtility.java:131) - fetching the component details for the component ADAS_PG_SW_RM
2022-11-03T17:11:35,000 [Thread-0] INFO  (RestUtility.java:81) - fetching the  details for the project ADAS_PG_STH_RM
2022-11-03T17:11:37,660 [Thread-0] INFO  (RestUtility.java:131) - fetching the component details for the component ADAS_PG_STH_RM
2022-11-03T17:11:39,296 [Thread-0] ERROR (RestUtility.java:278) - The GET response could not be obtained for the url https://jazz-test6.conti.de/rm4/cm/stream/_UK3VQFLEEeybb5qGPqhBnw   Not Found
2022-11-03T17:11:40,118 [Thread-0] ERROR (RestUtility.java:278) - The GET response could not be obtained for the url https://jazz-test6.conti.de/rm4/cm/stream/_PBv70FLDEeybb5qGPqhBnw   Not Found
2022-11-03T17:11:40,833 [Thread-0] ERROR (RestUtility.java:278) - The GET response could not be obtained for the url https://jazz-test6.conti.de/rm4/cm/stream/_Cl60EF6GEeybb5qGPqhBnw   Not Found
2022-11-03T17:11:43,188 [Thread-0] ERROR (RestUtility.java:278) - The GET response could not be obtained for the url https://jazz-test6.conti.de/rm4/cm/stream/_W22P0FLDEeybb5qGPqhBnw   Not Found
2022-11-03T17:11:45,033 [Thread-0] INFO  (RestUtility.java:81) - fetching the  details for the project ADAS_PG_SYS_DesignAM
2022-11-03T17:11:48,725 [Thread-0] INFO  (RestUtility.java:131) - fetching the component details for the component ADAS_PG_SYS_DesignAM
2022-11-03T17:11:53,942 [Thread-0] INFO  (RestUtility.java:81) - fetching the  details for the project Template_ProjectArea_BU4_AM_V2
2022-11-03T17:11:57,322 [Thread-0] INFO  (RestUtility.java:131) - fetching the component details for the component Template_ProjectArea_BU4_AM_V2
2022-11-03T17:11:57,526 [Thread-0] INFO  (RestUtility.java:131) - fetching the component details for the component Template_ProjectArea_Automotive_AM_V6
2022-11-03T17:12:00,085 [Thread-0] INFO  (RestUtility.java:81) - fetching the  details for the project Template_ProjectArea_BU4_RM_V26
2022-11-03T17:12:03,874 [Thread-0] INFO  (RestUtility.java:131) - fetching the component details for the component Template_ProjectArea_BU4_RM_V26
2022-11-03T17:12:06,213 [Thread-0] ERROR (ExcelUtility.java:123) - exception while creating excel java.io.FileNotFoundException: D:\GIT\Conti_AM\ProjectDetailsApplication\ProjectDetailsReport_2022\11\03_171206.xlsx (The system cannot find the path specified)
2022-11-03T17:12:06,214 [Thread-0] ERROR (ProjectDetailsApplication.java:177) - Exception in the main application java.lang.NullPointerException
2022-11-03T17:14:52,950 [Thread-0] INFO  (DNGLoginUtility.java:51) - DNGLogin succesfull!
2022-11-03T17:14:52,957 [Thread-0] INFO  (RestUtility.java:45) - Fetching the project details for the server https://jazz-test6.conti.de/rm4
2022-11-03T17:14:53,492 [Thread-0] INFO  (RestUtility.java:81) - fetching the  details for the project ADAS_PG_SW_DesignAM
2022-11-03T17:14:56,729 [Thread-0] INFO  (RestUtility.java:131) - fetching the component details for the component ADAS_PG_SW_DesignAM
2022-11-03T17:14:59,799 [Thread-0] INFO  (RestUtility.java:81) - fetching the  details for the project Template_ProjectArea_BU4_RM_V24
2022-11-03T17:15:01,948 [Thread-0] INFO  (RestUtility.java:131) - fetching the component details for the component Template_DataModel_BU4_RM_V24
2022-11-03T17:15:03,083 [Thread-0] INFO  (RestUtility.java:81) - fetching the  details for the project ADAS_PG_SYS_RM
2022-11-03T17:15:07,173 [Thread-0] INFO  (RestUtility.java:131) - fetching the component details for the component ADAS_PG_SYS_RM
2022-11-03T17:15:16,490 [Thread-0] ERROR (RestUtility.java:278) - The GET response could not be obtained for the url https://jazz-test6.conti.de/rm4/cm/stream/_YkTmsCswEeyV0ve2WVyLQA   Not Found
2022-11-03T17:15:28,364 [Thread-0] ERROR (RestUtility.java:278) - The GET response could not be obtained for the url https://jazz-test6.conti.de/rm4/cm/stream/_4sCUwARQEe2ElJh91aOrbw   Not Found
2022-11-03T17:15:44,850 [Thread-0] ERROR (RestUtility.java:278) - The GET response could not be obtained for the url https://jazz-test6.conti.de/rm4/cm/stream/_Z3dIMElOEeywGf2P2QzSqA   Not Found
2022-11-03T17:16:07,179 [Thread-0] ERROR (RestUtility.java:278) - The GET response could not be obtained for the url https://jazz-test6.conti.de/rm4/cm/stream/_kSwKkP3FEeyElJh91aOrbw   Not Found
2022-11-03T17:16:33,596 [Thread-0] INFO  (RestUtility.java:81) - fetching the  details for the project ADAS_PG_SW_RM
2022-11-03T17:16:36,897 [Thread-0] INFO  (RestUtility.java:131) - fetching the component details for the component ADAS_PG_SW_RM
2022-11-03T17:16:40,558 [Thread-0] INFO  (RestUtility.java:81) - fetching the  details for the project ADAS_PG_STH_RM
2022-11-03T17:16:45,188 [Thread-0] INFO  (RestUtility.java:131) - fetching the component details for the component ADAS_PG_STH_RM
2022-11-03T17:16:46,904 [Thread-0] ERROR (RestUtility.java:278) - The GET response could not be obtained for the url https://jazz-test6.conti.de/rm4/cm/stream/_UK3VQFLEEeybb5qGPqhBnw   Not Found
2022-11-03T17:16:47,723 [Thread-0] ERROR (RestUtility.java:278) - The GET response could not be obtained for the url https://jazz-test6.conti.de/rm4/cm/stream/_PBv70FLDEeybb5qGPqhBnw   Not Found
2022-11-03T17:16:49,054 [Thread-0] ERROR (RestUtility.java:278) - The GET response could not be obtained for the url https://jazz-test6.conti.de/rm4/cm/stream/_Cl60EF6GEeybb5qGPqhBnw   Not Found
2022-11-03T17:16:51,923 [Thread-0] ERROR (RestUtility.java:278) - The GET response could not be obtained for the url https://jazz-test6.conti.de/rm4/cm/stream/_W22P0FLDEeybb5qGPqhBnw   Not Found
2022-11-03T17:16:53,866 [Thread-0] INFO  (RestUtility.java:81) - fetching the  details for the project ADAS_PG_SYS_DesignAM
2022-11-03T17:16:57,764 [Thread-0] INFO  (RestUtility.java:131) - fetching the component details for the component ADAS_PG_SYS_DesignAM
2022-11-03T17:17:02,576 [Thread-0] INFO  (RestUtility.java:81) - fetching the  details for the project Template_ProjectArea_BU4_AM_V2
2022-11-03T17:17:06,874 [Thread-0] INFO  (RestUtility.java:131) - fetching the component details for the component Template_ProjectArea_BU4_AM_V2
2022-11-03T17:17:07,080 [Thread-0] INFO  (RestUtility.java:131) - fetching the component details for the component Template_ProjectArea_Automotive_AM_V6
2022-11-03T17:17:08,717 [Thread-0] INFO  (RestUtility.java:81) - fetching the  details for the project Template_ProjectArea_BU4_RM_V26
2022-11-03T17:17:11,996 [Thread-0] INFO  (RestUtility.java:131) - fetching the component details for the component Template_ProjectArea_BU4_RM_V26
