2024-10-24T10:13:41,229 [ForkJoinPool.commonPool-worker-4] INFO  (DNGLoginUtility.java:53) - DNGLogin succesfull!
2024-10-24T10:13:41,229 [ForkJoinPool.commonPool-worker-8] INFO  (DNGLoginUtility.java:53) - DNGLogin succesfull!
2024-10-24T10:13:41,229 [ForkJoinPool.commonPool-worker-5] INFO  (DNGLoginUtility.java:53) - DNGLogin succesfull!
2024-10-24T10:13:41,246 [ForkJoinPool.commonPool-worker-2] INFO  (DNGLoginUtility.java:53) - DNGLogin succesfull!
2024-10-24T10:13:41,246 [main] INFO  (DNGLoginUtility.java:53) - DNGLogin succesfull!
2024-10-24T10:13:41,248 [ForkJoinPool.commonPool-worker-7] INFO  (DNGLoginUtility.java:53) - DNGLogin succesfull!
2024-10-24T10:13:41,248 [ForkJoinPool.commonPool-worker-1] INFO  (DNGLoginUtility.java:53) - DNGLogin succesfull!
2024-10-24T10:13:41,249 [ForkJoinPool.commonPool-worker-6] INFO  (DNGLoginUtility.java:53) - DNGLogin succesfull!
2024-10-24T10:13:41,249 [ForkJoinPool.commonPool-worker-3] INFO  (DNGLoginUtility.java:53) - DNGLogin succesfull!
2024-10-24T10:13:42,861 [main] INFO  (RestUtility.java:87) - Time taken to load the small DNG module for BA SAM (PSS) is 1.42
2024-10-24T10:13:43,062 [ForkJoinPool.commonPool-worker-7] INFO  (RestUtility.java:87) - Time taken to load the small DNG module for BA BA6 is 1.628
2024-10-24T10:13:43,170 [ForkJoinPool.commonPool-worker-5] INFO  (RestUtility.java:87) - Time taken to load the small DNG module for BA Rmfed is 1.736
2024-10-24T10:13:43,366 [ForkJoinPool.commonPool-worker-2] INFO  (RestUtility.java:87) - Time taken to load the small DNG module for BA BA7 is 1.934
2024-10-24T10:13:43,773 [ForkJoinPool.commonPool-worker-8] INFO  (RestUtility.java:87) - Time taken to load the small DNG module for BA BA8 is 2.34
2024-10-24T10:13:43,773 [ForkJoinPool.commonPool-worker-6] INFO  (RestUtility.java:87) - Time taken to load the small DNG module for BA SAM (HBS) is 2.34
2024-10-24T10:13:45,104 [ForkJoinPool.commonPool-worker-3] INFO  (RestUtility.java:87) - Time taken to load the small DNG module for BA AN is 3.672
2024-10-24T10:13:45,310 [ForkJoinPool.commonPool-worker-4] INFO  (RestUtility.java:87) - Time taken to load the small DNG module for BA AM is 3.878
2024-10-24T10:13:46,091 [ForkJoinPool.commonPool-worker-1] INFO  (RestUtility.java:87) - Time taken to load the small DNG module for BA SAM (VED) is 4.656
2024-10-24T10:13:47,869 [ForkJoinPool.commonPool-worker-7] INFO  (RestUtility.java:87) - Time taken to load the large DNG module for BA BA6 is 4.805
2024-10-24T10:13:47,971 [main] INFO  (RestUtility.java:87) - Time taken to load the large DNG module for BA SAM (PSS) is 5.108
2024-10-24T10:13:48,637 [ForkJoinPool.commonPool-worker-2] INFO  (RestUtility.java:87) - Time taken to load the large DNG module for BA BA7 is 5.265
2024-10-24T10:13:48,654 [ForkJoinPool.commonPool-worker-2] ERROR (ExcelUtility.java:153) -  Exception while updating the excel java.util.zip.ZipException: broken archive, entry with negative compressed size
2024-10-24T10:13:49,097 [ForkJoinPool.commonPool-worker-8] INFO  (RestUtility.java:87) - Time taken to load the large DNG module for BA BA8 is 5.32
2024-10-24T10:13:49,109 [ForkJoinPool.commonPool-worker-8] ERROR (ExcelUtility.java:153) -  Exception while updating the excel java.util.zip.ZipException: broken archive, entry with negative compressed size
2024-10-24T10:13:51,555 [ForkJoinPool.commonPool-worker-5] INFO  (RestUtility.java:87) - Time taken to load the large DNG module for BA Rmfed is 8.381
2024-10-24T10:13:51,565 [ForkJoinPool.commonPool-worker-5] ERROR (ExcelUtility.java:153) -  Exception while updating the excel java.util.zip.ZipException: broken archive, entry with negative compressed size
2024-10-24T10:13:53,911 [ForkJoinPool.commonPool-worker-6] INFO  (RestUtility.java:87) - Time taken to load the large DNG module for BA SAM (HBS) is 10.129
2024-10-24T10:13:53,922 [ForkJoinPool.commonPool-worker-6] ERROR (ExcelUtility.java:153) -  Exception while updating the excel java.util.zip.ZipException: broken archive, entry with negative compressed size
2024-10-24T10:13:56,879 [ForkJoinPool.commonPool-worker-3] INFO  (RestUtility.java:87) - Time taken to load the large DNG module for BA AN is 11.772
2024-10-24T10:13:56,890 [ForkJoinPool.commonPool-worker-3] ERROR (ExcelUtility.java:153) -  Exception while updating the excel java.util.zip.ZipException: broken archive, entry with negative compressed size
2024-10-24T10:14:00,280 [ForkJoinPool.commonPool-worker-4] INFO  (RestUtility.java:87) - Time taken to load the large DNG module for BA AM is 14.968
2024-10-24T10:14:00,288 [ForkJoinPool.commonPool-worker-4] ERROR (ExcelUtility.java:153) -  Exception while updating the excel java.util.zip.ZipException: broken archive, entry with negative compressed size
2024-10-24T10:14:04,272 [ForkJoinPool.commonPool-worker-1] INFO  (RestUtility.java:87) - Time taken to load the large DNG module for BA SAM (VED) is 18.179
2024-10-24T10:14:04,276 [ForkJoinPool.commonPool-worker-1] ERROR (ExcelUtility.java:153) -  Exception while updating the excel java.util.zip.ZipException: broken archive, entry with negative compressed size
2024-10-24T10:15:52,553 [ForkJoinPool.commonPool-worker-1] INFO  (DNGLoginUtility.java:53) - DNGLogin succesfull!
2024-10-24T10:15:52,553 [ForkJoinPool.commonPool-worker-8] INFO  (DNGLoginUtility.java:53) - DNGLogin succesfull!
2024-10-24T10:15:52,553 [main] INFO  (DNGLoginUtility.java:53) - DNGLogin succesfull!
2024-10-24T10:15:52,553 [ForkJoinPool.commonPool-worker-7] INFO  (DNGLoginUtility.java:53) - DNGLogin succesfull!
2024-10-24T10:15:52,553 [ForkJoinPool.commonPool-worker-5] INFO  (DNGLoginUtility.java:53) - DNGLogin succesfull!
2024-10-24T10:15:52,553 [ForkJoinPool.commonPool-worker-2] INFO  (DNGLoginUtility.java:53) - DNGLogin succesfull!
2024-10-24T10:15:52,553 [ForkJoinPool.commonPool-worker-3] INFO  (DNGLoginUtility.java:53) - DNGLogin succesfull!
2024-10-24T10:15:52,553 [ForkJoinPool.commonPool-worker-4] INFO  (DNGLoginUtility.java:53) - DNGLogin succesfull!
2024-10-24T10:15:52,553 [ForkJoinPool.commonPool-worker-6] INFO  (DNGLoginUtility.java:53) - DNGLogin succesfull!
2024-10-24T10:15:53,606 [ForkJoinPool.commonPool-worker-5] INFO  (RestUtility.java:87) - Time taken to load the small DNG module for BA Rmfed is 0.9
2024-10-24T10:15:53,696 [ForkJoinPool.commonPool-worker-6] INFO  (RestUtility.java:87) - Time taken to load the small DNG module for BA BA6 is 0.99
2024-10-24T10:15:53,787 [main] INFO  (RestUtility.java:87) - Time taken to load the small DNG module for BA SAM (PSS) is 1.084
2024-10-24T10:15:53,810 [ForkJoinPool.commonPool-worker-7] INFO  (RestUtility.java:87) - Time taken to load the small DNG module for BA BA8 is 1.105
2024-10-24T10:15:53,820 [ForkJoinPool.commonPool-worker-3] INFO  (RestUtility.java:87) - Time taken to load the small DNG module for BA SAM (HBS) is 1.106
2024-10-24T10:15:53,885 [ForkJoinPool.commonPool-worker-4] INFO  (RestUtility.java:87) - Time taken to load the small DNG module for BA BA7 is 1.181
2024-10-24T10:15:53,890 [ForkJoinPool.commonPool-worker-2] INFO  (RestUtility.java:87) - Time taken to load the small DNG module for BA AN is 1.186
2024-10-24T10:15:55,988 [ForkJoinPool.commonPool-worker-8] INFO  (RestUtility.java:87) - Time taken to load the small DNG module for BA AM is 3.284
2024-10-24T10:15:57,013 [ForkJoinPool.commonPool-worker-1] INFO  (RestUtility.java:87) - Time taken to load the small DNG module for BA SAM (VED) is 4.307
2024-10-24T10:15:57,411 [ForkJoinPool.commonPool-worker-5] INFO  (RestUtility.java:87) - Time taken to load the large DNG module for BA Rmfed is 3.801
2024-10-24T10:15:58,287 [ForkJoinPool.commonPool-worker-6] INFO  (RestUtility.java:87) - Time taken to load the large DNG module for BA BA6 is 4.588
2024-10-24T10:15:58,439 [ForkJoinPool.commonPool-worker-3] INFO  (RestUtility.java:87) - Time taken to load the large DNG module for BA SAM (HBS) is 4.615
2024-10-24T10:15:58,530 [ForkJoinPool.commonPool-worker-7] INFO  (RestUtility.java:87) - Time taken to load the large DNG module for BA BA8 is 4.716
2024-10-24T10:15:58,534 [ForkJoinPool.commonPool-worker-7] ERROR (ExcelUtility.java:153) -  Exception while updating the excel java.io.IOException: Truncated ZIP file
2024-10-24T10:15:58,609 [main] INFO  (RestUtility.java:87) - Time taken to load the large DNG module for BA SAM (PSS) is 4.82
2024-10-24T10:15:58,611 [main] ERROR (ExcelUtility.java:153) -  Exception while updating the excel org.apache.poi.EmptyFileException: The supplied file was empty (zero bytes long)
2024-10-24T10:15:58,871 [ForkJoinPool.commonPool-worker-4] INFO  (RestUtility.java:87) - Time taken to load the large DNG module for BA BA7 is 4.984
2024-10-24T10:15:59,540 [ForkJoinPool.commonPool-worker-2] INFO  (RestUtility.java:87) - Time taken to load the large DNG module for BA AN is 5.646
2024-10-24T10:16:16,146 [ForkJoinPool.commonPool-worker-1] INFO  (RestUtility.java:87) - Time taken to load the large DNG module for BA SAM (VED) is 19.131
2024-10-24T10:16:17,901 [ForkJoinPool.commonPool-worker-8] INFO  (RestUtility.java:87) - Time taken to load the large DNG module for BA AM is 21.91
2024-10-24T10:20:56,153 [ForkJoinPool.commonPool-worker-8] INFO  (DNGLoginUtility.java:53) - DNGLogin succesfull!
2024-10-24T10:20:56,153 [ForkJoinPool.commonPool-worker-2] INFO  (DNGLoginUtility.java:53) - DNGLogin succesfull!
2024-10-24T10:20:56,153 [ForkJoinPool.commonPool-worker-5] INFO  (DNGLoginUtility.java:53) - DNGLogin succesfull!
2024-10-24T10:20:56,153 [ForkJoinPool.commonPool-worker-3] INFO  (DNGLoginUtility.java:53) - DNGLogin succesfull!
2024-10-24T10:20:56,153 [ForkJoinPool.commonPool-worker-6] INFO  (DNGLoginUtility.java:53) - DNGLogin succesfull!
2024-10-24T10:20:56,153 [ForkJoinPool.commonPool-worker-7] INFO  (DNGLoginUtility.java:53) - DNGLogin succesfull!
2024-10-24T10:20:56,164 [ForkJoinPool.commonPool-worker-1] INFO  (DNGLoginUtility.java:53) - DNGLogin succesfull!
2024-10-24T10:20:56,218 [ForkJoinPool.commonPool-worker-4] INFO  (DNGLoginUtility.java:53) - DNGLogin succesfull!
2024-10-24T10:20:56,218 [main] INFO  (DNGLoginUtility.java:53) - DNGLogin succesfull!
2024-10-24T10:20:57,243 [ForkJoinPool.commonPool-worker-5] INFO  (RestUtility.java:87) - Time taken to load the small DNG module for BA Rmfed is 0.925
2024-10-24T10:20:57,446 [ForkJoinPool.commonPool-worker-6] INFO  (RestUtility.java:87) - Time taken to load the small DNG module for BA BA6 is 1.136
2024-10-24T10:20:57,447 [ForkJoinPool.commonPool-worker-3] INFO  (RestUtility.java:87) - Time taken to load the small DNG module for BA SAM (HBS) is 1.134
2024-10-24T10:20:57,548 [ForkJoinPool.commonPool-worker-7] INFO  (RestUtility.java:87) - Time taken to load the small DNG module for BA BA8 is 1.238
2024-10-24T10:20:57,548 [main] INFO  (RestUtility.java:87) - Time taken to load the small DNG module for BA SAM (PSS) is 1.127
2024-10-24T10:20:57,650 [ForkJoinPool.commonPool-worker-4] INFO  (RestUtility.java:87) - Time taken to load the small DNG module for BA BA7 is 1.229
2024-10-24T10:20:57,752 [ForkJoinPool.commonPool-worker-2] INFO  (RestUtility.java:87) - Time taken to load the small DNG module for BA AN is 1.429
2024-10-24T10:20:59,288 [ForkJoinPool.commonPool-worker-1] INFO  (RestUtility.java:87) - Time taken to load the small DNG module for BA SAM (VED) is 2.972
2024-10-24T10:20:59,520 [ForkJoinPool.commonPool-worker-8] INFO  (RestUtility.java:87) - Time taken to load the small DNG module for BA AM is 3.197
2024-10-24T10:21:01,111 [ForkJoinPool.commonPool-worker-5] INFO  (RestUtility.java:87) - Time taken to load the large DNG module for BA Rmfed is 3.864
2024-10-24T10:21:02,257 [ForkJoinPool.commonPool-worker-3] INFO  (RestUtility.java:87) - Time taken to load the large DNG module for BA SAM (HBS) is 4.808
2024-10-24T10:21:02,261 [ForkJoinPool.commonPool-worker-6] INFO  (RestUtility.java:87) - Time taken to load the large DNG module for BA BA6 is 4.81
2024-10-24T10:21:02,411 [ForkJoinPool.commonPool-worker-6] ERROR (ExcelUtility.java:153) -  Exception while updating the excel java.lang.IllegalArgumentException: This Style does not belong to the supplied Workbook Styles Source. Are you trying to assign a style from one workbook to the cell of a different workbook?
2024-10-24T10:21:02,465 [ForkJoinPool.commonPool-worker-7] INFO  (RestUtility.java:87) - Time taken to load the large DNG module for BA BA8 is 4.914
2024-10-24T10:21:02,491 [ForkJoinPool.commonPool-worker-7] ERROR (ExcelUtility.java:153) -  Exception while updating the excel org.apache.poi.ooxml.POIXMLException: OOXML file structure broken/invalid - core document '/xl/workbook.xml' not found.
2024-10-24T10:21:02,646 [main] INFO  (RestUtility.java:87) - Time taken to load the large DNG module for BA SAM (PSS) is 5.095
2024-10-24T10:21:02,768 [ForkJoinPool.commonPool-worker-4] INFO  (RestUtility.java:87) - Time taken to load the large DNG module for BA BA7 is 5.115
2024-10-24T10:21:02,774 [ForkJoinPool.commonPool-worker-4] ERROR (ExcelUtility.java:153) -  Exception while updating the excel org.apache.poi.ooxml.POIXMLException: OOXML file structure broken/invalid - core document '/xl/workbook.xml' not found.
2024-10-24T10:21:03,536 [ForkJoinPool.commonPool-worker-2] INFO  (RestUtility.java:87) - Time taken to load the large DNG module for BA AN is 5.782
2024-10-24T10:21:14,854 [ForkJoinPool.commonPool-worker-8] INFO  (RestUtility.java:87) - Time taken to load the large DNG module for BA AM is 15.331
2024-10-24T10:21:16,904 [ForkJoinPool.commonPool-worker-1] INFO  (RestUtility.java:87) - Time taken to load the large DNG module for BA SAM (VED) is 17.612
2024-10-24T10:28:10,303 [main] INFO  (DNGLoginUtility.java:53) - DNGLogin succesfull!
2024-10-24T10:28:11,635 [main] INFO  (RestUtility.java:87) - Time taken to load the small DNG module for BA Rmfed is 1.124
2024-10-24T10:28:15,727 [main] INFO  (RestUtility.java:87) - Time taken to load the large DNG module for BA Rmfed is 4.089
2024-10-24T10:28:15,934 [main] ERROR (ExcelUtility.java:153) -  Exception while updating the excel java.io.FileNotFoundException: D:\Workspace\PeformanceMonitorDNG\DNGperformanceOutput.xlsx (The process cannot access the file because it is being used by another process)
2024-10-24T10:28:18,797 [main] INFO  (DNGLoginUtility.java:53) - DNGLogin succesfull!
2024-10-24T10:28:20,232 [main] INFO  (RestUtility.java:87) - Time taken to load the small DNG module for BA AN is 1.247
2024-10-24T10:28:25,969 [main] INFO  (RestUtility.java:87) - Time taken to load the large DNG module for BA AN is 5.733
2024-10-24T10:28:26,122 [main] ERROR (ExcelUtility.java:153) -  Exception while updating the excel java.io.FileNotFoundException: D:\Workspace\PeformanceMonitorDNG\DNGperformanceOutput.xlsx (The process cannot access the file because it is being used by another process)
2024-10-24T10:28:29,139 [main] INFO  (DNGLoginUtility.java:53) - DNGLogin succesfull!
2024-10-24T10:28:32,521 [main] INFO  (RestUtility.java:87) - Time taken to load the small DNG module for BA SAM (VED) is 3.212
2024-10-24T10:28:48,700 [main] INFO  (RestUtility.java:87) - Time taken to load the large DNG module for BA SAM (VED) is 16.175
2024-10-24T10:28:48,864 [main] ERROR (ExcelUtility.java:153) -  Exception while updating the excel java.io.FileNotFoundException: D:\Workspace\PeformanceMonitorDNG\DNGperformanceOutput.xlsx (The process cannot access the file because it is being used by another process)
2024-10-24T10:28:51,547 [main] INFO  (DNGLoginUtility.java:53) - DNGLogin succesfull!
2024-10-24T10:28:54,435 [main] INFO  (RestUtility.java:87) - Time taken to load the small DNG module for BA SAM (HBS) is 2.744
2024-10-24T10:29:04,468 [main] INFO  (RestUtility.java:87) - Time taken to load the large DNG module for BA SAM (HBS) is 10.029
2024-10-24T10:29:04,587 [main] ERROR (ExcelUtility.java:153) -  Exception while updating the excel java.io.FileNotFoundException: D:\Workspace\PeformanceMonitorDNG\DNGperformanceOutput.xlsx (The process cannot access the file because it is being used by another process)
2024-10-24T10:29:07,133 [main] INFO  (DNGLoginUtility.java:53) - DNGLogin succesfull!
2024-10-24T10:29:13,072 [main] INFO  (RestUtility.java:87) - Time taken to load the small DNG module for BA AM is 5.785
2024-10-24T10:29:31,709 [main] INFO  (RestUtility.java:87) - Time taken to load the large DNG module for BA AM is 18.634
2024-10-24T10:29:31,827 [main] ERROR (ExcelUtility.java:153) -  Exception while updating the excel java.io.FileNotFoundException: D:\Workspace\PeformanceMonitorDNG\DNGperformanceOutput.xlsx (The process cannot access the file because it is being used by another process)
2024-10-24T10:29:34,780 [main] INFO  (DNGLoginUtility.java:53) - DNGLogin succesfull!
2024-10-24T10:29:36,317 [main] INFO  (RestUtility.java:87) - Time taken to load the small DNG module for BA SAM (PSS) is 1.33
2024-10-24T10:29:41,232 [main] INFO  (RestUtility.java:87) - Time taken to load the large DNG module for BA SAM (PSS) is 4.912
2024-10-24T10:29:41,317 [main] ERROR (ExcelUtility.java:153) -  Exception while updating the excel java.io.FileNotFoundException: D:\Workspace\PeformanceMonitorDNG\DNGperformanceOutput.xlsx (The process cannot access the file because it is being used by another process)
2024-10-24T10:29:44,408 [main] INFO  (DNGLoginUtility.java:53) - DNGLogin succesfull!
2024-10-24T10:29:45,839 [main] INFO  (RestUtility.java:87) - Time taken to load the small DNG module for BA BA6 is 1.228
2024-10-24T10:29:50,654 [main] INFO  (RestUtility.java:87) - Time taken to load the large DNG module for BA BA6 is 4.809
2024-10-24T10:29:50,743 [main] ERROR (ExcelUtility.java:153) -  Exception while updating the excel java.io.FileNotFoundException: D:\Workspace\PeformanceMonitorDNG\DNGperformanceOutput.xlsx (The process cannot access the file because it is being used by another process)
2024-10-24T10:29:53,417 [main] INFO  (DNGLoginUtility.java:53) - DNGLogin succesfull!
2024-10-24T10:51:31,568 [ForkJoinPool.commonPool-worker-7] INFO  (DNGLoginUtility.java:53) - DNGLogin succesfull!
2024-10-24T10:51:31,568 [ForkJoinPool.commonPool-worker-2] INFO  (DNGLoginUtility.java:53) - DNGLogin succesfull!
2024-10-24T10:51:31,568 [ForkJoinPool.commonPool-worker-4] INFO  (DNGLoginUtility.java:53) - DNGLogin succesfull!
2024-10-24T10:51:31,568 [ForkJoinPool.commonPool-worker-8] INFO  (DNGLoginUtility.java:53) - DNGLogin succesfull!
2024-10-24T10:51:31,568 [ForkJoinPool.commonPool-worker-5] INFO  (DNGLoginUtility.java:53) - DNGLogin succesfull!
2024-10-24T10:51:31,568 [ForkJoinPool.commonPool-worker-6] INFO  (DNGLoginUtility.java:53) - DNGLogin succesfull!
2024-10-24T10:51:31,573 [ForkJoinPool.commonPool-worker-3] INFO  (DNGLoginUtility.java:53) - DNGLogin succesfull!
2024-10-24T10:51:31,597 [main] INFO  (DNGLoginUtility.java:53) - DNGLogin succesfull!
2024-10-24T10:51:31,765 [ForkJoinPool.commonPool-worker-1] INFO  (DNGLoginUtility.java:53) - DNGLogin succesfull!
2024-10-24T10:51:32,756 [ForkJoinPool.commonPool-worker-5] INFO  (RestUtility.java:87) - Time taken to load the small DNG module for BA Rmfed is 1.017
2024-10-24T10:51:32,857 [ForkJoinPool.commonPool-worker-6] INFO  (RestUtility.java:87) - Time taken to load the small DNG module for BA BA6 is 1.12
2024-10-24T10:51:32,857 [main] INFO  (RestUtility.java:87) - Time taken to load the small DNG module for BA SAM (PSS) is 1.117
2024-10-24T10:51:33,066 [ForkJoinPool.commonPool-worker-4] INFO  (RestUtility.java:87) - Time taken to load the small DNG module for BA BA7 is 1.328
2024-10-24T10:51:33,083 [ForkJoinPool.commonPool-worker-7] INFO  (RestUtility.java:87) - Time taken to load the small DNG module for BA BA8 is 1.342
2024-10-24T10:51:33,269 [ForkJoinPool.commonPool-worker-3] INFO  (RestUtility.java:87) - Time taken to load the small DNG module for BA SAM (HBS) is 1.53
2024-10-24T10:51:34,087 [ForkJoinPool.commonPool-worker-2] INFO  (RestUtility.java:87) - Time taken to load the small DNG module for BA AN is 2.349
2024-10-24T10:51:36,747 [ForkJoinPool.commonPool-worker-5] INFO  (RestUtility.java:87) - Time taken to load the large DNG module for BA Rmfed is 3.989
2024-10-24T10:51:37,054 [ForkJoinPool.commonPool-worker-8] INFO  (RestUtility.java:87) - Time taken to load the small DNG module for BA AM is 5.317
2024-10-24T10:51:37,671 [ForkJoinPool.commonPool-worker-6] INFO  (RestUtility.java:87) - Time taken to load the large DNG module for BA BA6 is 4.81
2024-10-24T10:51:38,082 [main] INFO  (RestUtility.java:87) - Time taken to load the large DNG module for BA SAM (PSS) is 5.22
2024-10-24T10:51:38,085 [ForkJoinPool.commonPool-worker-7] INFO  (RestUtility.java:87) - Time taken to load the large DNG module for BA BA8 is 5.0
2024-10-24T10:51:38,089 [ForkJoinPool.commonPool-worker-3] INFO  (RestUtility.java:87) - Time taken to load the large DNG module for BA SAM (HBS) is 4.817
2024-10-24T10:51:38,285 [ForkJoinPool.commonPool-worker-4] INFO  (RestUtility.java:87) - Time taken to load the large DNG module for BA BA7 is 5.216
2024-10-24T10:51:41,318 [ForkJoinPool.commonPool-worker-1] INFO  (RestUtility.java:87) - Time taken to load the small DNG module for BA SAM (VED) is 9.353
2024-10-24T10:51:45,656 [ForkJoinPool.commonPool-worker-2] INFO  (RestUtility.java:87) - Time taken to load the large DNG module for BA AN is 11.566
2024-10-24T10:51:54,568 [ForkJoinPool.commonPool-worker-8] INFO  (RestUtility.java:87) - Time taken to load the large DNG module for BA AM is 17.511
2024-10-24T10:52:53,242 [ForkJoinPool.commonPool-worker-1] INFO  (RestUtility.java:87) - Time taken to load the large DNG module for BA SAM (VED) is 71.922
2024-10-24T10:57:38,542 [ForkJoinPool.commonPool-worker-2] INFO  (DNGLoginUtility.java:53) - DNGLogin succesfull!
2024-10-24T10:57:38,542 [ForkJoinPool.commonPool-worker-8] INFO  (DNGLoginUtility.java:53) - DNGLogin succesfull!
2024-10-24T10:57:38,542 [ForkJoinPool.commonPool-worker-7] INFO  (DNGLoginUtility.java:53) - DNGLogin succesfull!
2024-10-24T10:57:38,542 [ForkJoinPool.commonPool-worker-6] INFO  (DNGLoginUtility.java:53) - DNGLogin succesfull!
2024-10-24T10:57:38,542 [ForkJoinPool.commonPool-worker-1] INFO  (DNGLoginUtility.java:53) - DNGLogin succesfull!
2024-10-24T10:57:38,542 [ForkJoinPool.commonPool-worker-4] INFO  (DNGLoginUtility.java:53) - DNGLogin succesfull!
2024-10-24T10:57:38,542 [ForkJoinPool.commonPool-worker-3] INFO  (DNGLoginUtility.java:53) - DNGLogin succesfull!
2024-10-24T10:57:39,188 [main] INFO  (DNGLoginUtility.java:53) - DNGLogin succesfull!
2024-10-24T10:57:39,219 [ForkJoinPool.commonPool-worker-5] INFO  (DNGLoginUtility.java:53) - DNGLogin succesfull!
2024-10-24T10:57:39,739 [ForkJoinPool.commonPool-worker-6] INFO  (RestUtility.java:87) - Time taken to load the small DNG module for BA BA6 is 0.987
2024-10-24T10:57:39,822 [ForkJoinPool.commonPool-worker-3] INFO  (RestUtility.java:87) - Time taken to load the small DNG module for BA SAM (HBS) is 1.071
2024-10-24T10:57:39,940 [ForkJoinPool.commonPool-worker-7] INFO  (RestUtility.java:87) - Time taken to load the small DNG module for BA BA8 is 1.188
2024-10-24T10:57:40,066 [ForkJoinPool.commonPool-worker-2] INFO  (RestUtility.java:87) - Time taken to load the small DNG module for BA AN is 1.317
2024-10-24T10:57:40,182 [ForkJoinPool.commonPool-worker-5] INFO  (RestUtility.java:87) - Time taken to load the small DNG module for BA Rmfed is 0.815
2024-10-24T10:57:40,204 [ForkJoinPool.commonPool-worker-4] INFO  (RestUtility.java:87) - Time taken to load the small DNG module for BA BA7 is 1.457
2024-10-24T10:57:40,417 [main] INFO  (RestUtility.java:87) - Time taken to load the small DNG module for BA SAM (PSS) is 1.082
2024-10-24T10:57:42,512 [ForkJoinPool.commonPool-worker-1] INFO  (RestUtility.java:87) - Time taken to load the small DNG module for BA SAM (VED) is 3.76
2024-10-24T10:57:42,525 [ForkJoinPool.commonPool-worker-8] INFO  (RestUtility.java:87) - Time taken to load the small DNG module for BA AM is 3.775
2024-10-24T10:57:44,166 [ForkJoinPool.commonPool-worker-5] INFO  (RestUtility.java:87) - Time taken to load the large DNG module for BA Rmfed is 3.982
2024-10-24T10:57:44,286 [ForkJoinPool.commonPool-worker-6] INFO  (RestUtility.java:87) - Time taken to load the large DNG module for BA BA6 is 4.542
2024-10-24T10:57:44,673 [ForkJoinPool.commonPool-worker-3] INFO  (RestUtility.java:87) - Time taken to load the large DNG module for BA SAM (HBS) is 4.849
2024-10-24T10:57:44,781 [ForkJoinPool.commonPool-worker-7] INFO  (RestUtility.java:87) - Time taken to load the large DNG module for BA BA8 is 4.838
2024-10-24T10:57:45,189 [ForkJoinPool.commonPool-worker-4] INFO  (RestUtility.java:87) - Time taken to load the large DNG module for BA BA7 is 4.983
2024-10-24T10:57:45,291 [main] INFO  (RestUtility.java:87) - Time taken to load the large DNG module for BA SAM (PSS) is 4.871
2024-10-24T10:57:45,804 [ForkJoinPool.commonPool-worker-2] INFO  (RestUtility.java:87) - Time taken to load the large DNG module for BA AN is 5.736
2024-10-24T10:57:59,937 [ForkJoinPool.commonPool-worker-1] INFO  (RestUtility.java:87) - Time taken to load the large DNG module for BA SAM (VED) is 17.422
2024-10-24T10:58:06,493 [ForkJoinPool.commonPool-worker-8] INFO  (RestUtility.java:87) - Time taken to load the large DNG module for BA AM is 23.966
2024-10-24T11:59:08,149 [ForkJoinPool.commonPool-worker-4] INFO  (DNGLoginUtility.java:53) - DNGLogin succesfull!
2024-10-24T11:59:08,150 [ForkJoinPool.commonPool-worker-2] INFO  (DNGLoginUtility.java:53) - DNGLogin succesfull!
2024-10-24T11:59:08,149 [ForkJoinPool.commonPool-worker-8] INFO  (DNGLoginUtility.java:53) - DNGLogin succesfull!
2024-10-24T11:59:08,149 [ForkJoinPool.commonPool-worker-6] INFO  (DNGLoginUtility.java:53) - DNGLogin succesfull!
2024-10-24T11:59:08,150 [ForkJoinPool.commonPool-worker-3] INFO  (DNGLoginUtility.java:53) - DNGLogin succesfull!
2024-10-24T11:59:08,149 [ForkJoinPool.commonPool-worker-5] INFO  (DNGLoginUtility.java:53) - DNGLogin succesfull!
2024-10-24T11:59:08,150 [ForkJoinPool.commonPool-worker-1] INFO  (DNGLoginUtility.java:53) - DNGLogin succesfull!
2024-10-24T11:59:08,149 [ForkJoinPool.commonPool-worker-7] INFO  (DNGLoginUtility.java:53) - DNGLogin succesfull!
2024-10-24T11:59:08,149 [main] INFO  (DNGLoginUtility.java:53) - DNGLogin succesfull!
2024-10-24T11:59:09,267 [ForkJoinPool.commonPool-worker-5] INFO  (RestUtility.java:87) - Time taken to load the small DNG module for BA Rmfed is 0.918
2024-10-24T11:59:09,481 [ForkJoinPool.commonPool-worker-8] INFO  (RestUtility.java:87) - Time taken to load the small DNG module for BA BA8 is 1.131
2024-10-24T11:59:09,485 [ForkJoinPool.commonPool-worker-7] INFO  (RestUtility.java:87) - Time taken to load the small DNG module for BA BA6 is 1.132
2024-10-24T11:59:09,675 [main] INFO  (RestUtility.java:87) - Time taken to load the small DNG module for BA SAM (PSS) is 1.326
2024-10-24T11:59:09,802 [ForkJoinPool.commonPool-worker-2] INFO  (RestUtility.java:87) - Time taken to load the small DNG module for BA BA7 is 1.454
2024-10-24T11:59:10,297 [ForkJoinPool.commonPool-worker-6] INFO  (RestUtility.java:87) - Time taken to load the small DNG module for BA SAM (HBS) is 1.949
2024-10-24T11:59:10,901 [ForkJoinPool.commonPool-worker-3] INFO  (RestUtility.java:87) - Time taken to load the small DNG module for BA AN is 2.553
2024-10-24T11:59:13,361 [ForkJoinPool.commonPool-worker-5] INFO  (RestUtility.java:87) - Time taken to load the large DNG module for BA Rmfed is 4.092
2024-10-24T11:59:13,368 [ForkJoinPool.commonPool-worker-1] INFO  (RestUtility.java:87) - Time taken to load the small DNG module for BA SAM (VED) is 5.019
2024-10-24T11:59:13,834 [ForkJoinPool.commonPool-worker-4] INFO  (RestUtility.java:87) - Time taken to load the small DNG module for BA AM is 5.484
2024-10-24T11:59:14,398 [ForkJoinPool.commonPool-worker-7] INFO  (RestUtility.java:87) - Time taken to load the large DNG module for BA BA6 is 4.911
2024-10-24T11:59:14,486 [main] INFO  (RestUtility.java:87) - Time taken to load the large DNG module for BA SAM (PSS) is 4.809
2024-10-24T11:59:14,488 [ForkJoinPool.commonPool-worker-8] INFO  (RestUtility.java:87) - Time taken to load the large DNG module for BA BA8 is 5.005
2024-10-24T11:59:15,222 [ForkJoinPool.commonPool-worker-2] INFO  (RestUtility.java:87) - Time taken to load the large DNG module for BA BA7 is 5.418
2024-10-24T11:59:20,384 [ForkJoinPool.commonPool-worker-6] INFO  (RestUtility.java:87) - Time taken to load the large DNG module for BA SAM (HBS) is 10.085
2024-10-24T11:59:23,195 [ForkJoinPool.commonPool-worker-3] INFO  (RestUtility.java:87) - Time taken to load the large DNG module for BA AN is 12.292
2024-10-24T11:59:34,459 [ForkJoinPool.commonPool-worker-1] INFO  (RestUtility.java:87) - Time taken to load the large DNG module for BA SAM (VED) is 21.088
2024-10-24T11:59:35,376 [ForkJoinPool.commonPool-worker-4] INFO  (RestUtility.java:87) - Time taken to load the large DNG module for BA AM is 21.54
2024-10-24T12:05:13,676 [main] INFO  (EncryptionDecryption.java:34) - Encrpting plainText password...
2024-10-24T12:05:13,749 [main] INFO  (EncryptionDecryption.java:45) - Encrpted plainText password!
2024-10-24T12:06:03,364 [ForkJoinPool.commonPool-worker-1] INFO  (DNGLoginUtility.java:53) - DNGLogin succesfull!
2024-10-24T12:06:03,769 [pool-3-thread-1] ERROR (RestUtility.java:51) - Unable to reach the DNG Module/View. Time taken to load the module is 0
2024-10-24T12:06:03,772 [ForkJoinPool.commonPool-worker-1] INFO  (RestUtility.java:87) - Time taken to load the small DNG module for BA SAM (VED) is 0.0
2024-10-24T12:06:04,384 [pool-4-thread-1] ERROR (RestUtility.java:51) - Unable to reach the DNG Module/View. Time taken to load the module is 0
2024-10-24T12:06:04,385 [ForkJoinPool.commonPool-worker-1] INFO  (RestUtility.java:87) - Time taken to load the large DNG module for BA SAM (VED) is 0.0
2024-10-24T12:06:04,426 [main] INFO  (DNGLoginUtility.java:53) - DNGLogin succesfull!
2024-10-24T12:06:04,588 [ForkJoinPool.commonPool-worker-3] INFO  (DNGLoginUtility.java:53) - DNGLogin succesfull!
2024-10-24T12:06:04,753 [pool-5-thread-1] ERROR (RestUtility.java:51) - Unable to reach the DNG Module/View. Time taken to load the module is 0
2024-10-24T12:06:04,754 [main] INFO  (RestUtility.java:87) - Time taken to load the small DNG module for BA SAM (PSS) is 0.0
2024-10-24T12:06:04,895 [pool-6-thread-1] ERROR (RestUtility.java:51) - Unable to reach the DNG Module/View. Time taken to load the module is 0
2024-10-24T12:06:04,897 [ForkJoinPool.commonPool-worker-3] INFO  (RestUtility.java:87) - Time taken to load the small DNG module for BA AN is 0.0
2024-10-24T12:06:05,272 [ForkJoinPool.commonPool-worker-6] INFO  (DNGLoginUtility.java:53) - DNGLogin succesfull!
2024-10-24T12:06:05,280 [pool-7-thread-1] ERROR (RestUtility.java:51) - Unable to reach the DNG Module/View. Time taken to load the module is 0
2024-10-24T12:06:05,281 [main] INFO  (RestUtility.java:87) - Time taken to load the large DNG module for BA SAM (PSS) is 0.0
2024-10-24T12:06:05,413 [ForkJoinPool.commonPool-worker-8] INFO  (DNGLoginUtility.java:53) - DNGLogin succesfull!
2024-10-24T12:06:05,612 [pool-8-thread-1] ERROR (RestUtility.java:51) - Unable to reach the DNG Module/View. Time taken to load the module is 0
2024-10-24T12:06:05,614 [ForkJoinPool.commonPool-worker-3] INFO  (RestUtility.java:87) - Time taken to load the large DNG module for BA AN is 0.0
2024-10-24T12:06:05,621 [pool-9-thread-1] ERROR (RestUtility.java:51) - Unable to reach the DNG Module/View. Time taken to load the module is 0
2024-10-24T12:06:05,623 [ForkJoinPool.commonPool-worker-6] INFO  (RestUtility.java:87) - Time taken to load the small DNG module for BA SAM (HBS) is 0.0
2024-10-24T12:06:05,817 [pool-10-thread-1] ERROR (RestUtility.java:51) - Unable to reach the DNG Module/View. Time taken to load the module is 0
2024-10-24T12:06:05,819 [ForkJoinPool.commonPool-worker-8] INFO  (RestUtility.java:87) - Time taken to load the small DNG module for BA BA8 is 0.0
2024-10-24T12:06:06,023 [ForkJoinPool.commonPool-worker-2] INFO  (DNGLoginUtility.java:53) - DNGLogin succesfull!
2024-10-24T12:06:06,229 [pool-11-thread-1] ERROR (RestUtility.java:51) - Unable to reach the DNG Module/View. Time taken to load the module is 0
2024-10-24T12:06:06,230 [ForkJoinPool.commonPool-worker-6] INFO  (RestUtility.java:87) - Time taken to load the large DNG module for BA SAM (HBS) is 0.0
2024-10-24T12:06:06,435 [pool-12-thread-1] ERROR (RestUtility.java:51) - Unable to reach the DNG Module/View. Time taken to load the module is 0
2024-10-24T12:06:06,436 [ForkJoinPool.commonPool-worker-8] INFO  (RestUtility.java:87) - Time taken to load the large DNG module for BA BA8 is 0.0
2024-10-24T12:06:06,436 [ForkJoinPool.commonPool-worker-7] INFO  (DNGLoginUtility.java:53) - DNGLogin succesfull!
2024-10-24T12:06:06,437 [pool-13-thread-1] ERROR (RestUtility.java:51) - Unable to reach the DNG Module/View. Time taken to load the module is 0
2024-10-24T12:06:06,438 [ForkJoinPool.commonPool-worker-2] INFO  (RestUtility.java:87) - Time taken to load the small DNG module for BA BA7 is 0.0
2024-10-24T12:06:06,636 [ForkJoinPool.commonPool-worker-5] INFO  (DNGLoginUtility.java:53) - DNGLogin succesfull!
2024-10-24T12:06:06,843 [pool-15-thread-1] ERROR (RestUtility.java:51) - Unable to reach the DNG Module/View. Time taken to load the module is 0
2024-10-24T12:06:06,845 [ForkJoinPool.commonPool-worker-7] INFO  (RestUtility.java:87) - Time taken to load the small DNG module for BA BA6 is 0.0
2024-10-24T12:06:07,044 [pool-14-thread-1] ERROR (RestUtility.java:51) - Unable to reach the DNG Module/View. Time taken to load the module is 0
2024-10-24T12:06:07,045 [ForkJoinPool.commonPool-worker-2] INFO  (RestUtility.java:87) - Time taken to load the large DNG module for BA BA7 is 0.0
2024-10-24T12:06:07,055 [pool-17-thread-1] ERROR (RestUtility.java:51) - Unable to reach the DNG Module/View. Time taken to load the module is 0
2024-10-24T12:06:07,057 [ForkJoinPool.commonPool-worker-5] INFO  (RestUtility.java:87) - Time taken to load the small DNG module for BA Rmfed is 0.0
2024-10-24T12:06:07,251 [ForkJoinPool.commonPool-worker-4] INFO  (DNGLoginUtility.java:53) - DNGLogin succesfull!
2024-10-24T12:06:07,398 [pool-16-thread-1] ERROR (RestUtility.java:51) - Unable to reach the DNG Module/View. Time taken to load the module is 0
2024-10-24T12:06:07,399 [ForkJoinPool.commonPool-worker-7] INFO  (RestUtility.java:87) - Time taken to load the large DNG module for BA BA6 is 0.0
2024-10-24T12:06:07,659 [pool-18-thread-1] ERROR (RestUtility.java:51) - Unable to reach the DNG Module/View. Time taken to load the module is 0
2024-10-24T12:06:07,660 [pool-19-thread-1] ERROR (RestUtility.java:51) - Unable to reach the DNG Module/View. Time taken to load the module is 0
2024-10-24T12:06:07,661 [ForkJoinPool.commonPool-worker-5] INFO  (RestUtility.java:87) - Time taken to load the large DNG module for BA Rmfed is 0.0
2024-10-24T12:06:07,662 [ForkJoinPool.commonPool-worker-4] INFO  (RestUtility.java:87) - Time taken to load the small DNG module for BA AM is 0.0
2024-10-24T12:06:08,273 [pool-20-thread-1] ERROR (RestUtility.java:51) - Unable to reach the DNG Module/View. Time taken to load the module is 0
2024-10-24T12:06:08,275 [ForkJoinPool.commonPool-worker-4] INFO  (RestUtility.java:87) - Time taken to load the large DNG module for BA AM is 0.0
