2024-11-22T12:08:39,858 [ForkJoinPool.commonPool-worker-4] INFO  (DNGLoginUtility.java:53) - DNGLogin succesfull!
2024-11-22T12:08:39,858 [ForkJoinPool.commonPool-worker-7] INFO  (DNGLoginUtility.java:53) - DNGLogin succesfull!
2024-11-22T12:08:39,928 [ForkJoinPool.commonPool-worker-5] INFO  (DNGLoginUtility.java:53) - DNGLogin succesfull!
2024-11-22T12:08:39,930 [main] INFO  (DNGLoginUtility.java:53) - DNGLogin succesfull!
2024-11-22T12:08:40,291 [ForkJoinPool.commonPool-worker-1] INFO  (DNGLoginUtility.java:53) - DNGLogin succesfull!
2024-11-22T12:08:40,305 [ForkJoinPool.commonPool-worker-6] INFO  (DNGLoginUtility.java:53) - DNGLogin succesfull!
2024-11-22T12:08:40,338 [ForkJoinPool.commonPool-worker-2] INFO  (DNGLoginUtility.java:53) - DNGLogin succesfull!
2024-11-22T12:08:40,371 [ForkJoinPool.commonPool-worker-3] INFO  (DNGLoginUtility.java:53) - DNGLogin succesfull!
2024-11-22T12:08:40,604 [ForkJoinPool.commonPool-worker-8] INFO  (DNGLoginUtility.java:53) - DNGLogin succesfull!
2024-11-22T12:09:03,235 [ForkJoinPool.commonPool-worker-4] INFO  (RestUtility.java:88) - Time taken to load the small DNG module for BA BA7 is 21.789
2024-11-22T12:09:16,373 [ForkJoinPool.commonPool-worker-8] INFO  (RestUtility.java:88) - Time taken to load the small DNG module for BA AM-BU4 is 28.706
2024-11-22T12:09:17,209 [ForkJoinPool.commonPool-worker-4] INFO  (RestUtility.java:88) - Time taken to load the large DNG module for BA BA7 is 7.91
2024-11-22T12:09:34,828 [ForkJoinPool.commonPool-worker-8] INFO  (RestUtility.java:88) - Time taken to load the large DNG module for BA AM-BU4 is 18.452
2024-11-22T12:11:54,938 [ForkJoinPool.commonPool-worker-7] INFO  (RestUtility.java:88) - Time taken to load the small DNG module for BA BA8 is 194.838
2024-11-22T12:12:07,709 [ForkJoinPool.commonPool-worker-7] INFO  (RestUtility.java:88) - Time taken to load the large DNG module for BA BA8 is 12.761
2024-11-22T12:12:17,286 [ForkJoinPool.commonPool-worker-3] INFO  (RestUtility.java:88) - Time taken to load the small DNG module for BA SAM (HBS)-BU3 is 216.723
2024-11-22T12:12:24,968 [ForkJoinPool.commonPool-worker-5] INFO  (RestUtility.java:88) - Time taken to load the small DNG module for BA BA6 is 224.843
2024-11-22T12:12:27,999 [ForkJoinPool.commonPool-worker-3] INFO  (RestUtility.java:88) - Time taken to load the large DNG module for BA SAM (HBS)-BU3 is 10.711
2024-11-22T12:12:30,673 [ForkJoinPool.commonPool-worker-5] INFO  (RestUtility.java:88) - Time taken to load the large DNG module for BA BA6 is 5.703
2024-11-22T12:12:59,514 [ForkJoinPool.commonPool-worker-7] INFO  (DNGLoginUtility.java:53) - DNGLogin succesfull!
2024-11-22T12:12:59,579 [ForkJoinPool.commonPool-worker-3] INFO  (DNGLoginUtility.java:53) - DNGLogin succesfull!
2024-11-22T12:12:59,584 [ForkJoinPool.commonPool-worker-1] INFO  (DNGLoginUtility.java:53) - DNGLogin succesfull!
2024-11-22T12:12:59,591 [ForkJoinPool.commonPool-worker-2] INFO  (DNGLoginUtility.java:53) - DNGLogin succesfull!
2024-11-22T12:12:59,831 [ForkJoinPool.commonPool-worker-5] INFO  (DNGLoginUtility.java:53) - DNGLogin succesfull!
2024-11-22T12:12:59,992 [ForkJoinPool.commonPool-worker-6] INFO  (DNGLoginUtility.java:53) - DNGLogin succesfull!
2024-11-22T12:13:00,175 [main] INFO  (DNGLoginUtility.java:53) - DNGLogin succesfull!
2024-11-22T12:13:00,190 [ForkJoinPool.commonPool-worker-4] INFO  (DNGLoginUtility.java:53) - DNGLogin succesfull!
2024-11-22T12:13:00,851 [ForkJoinPool.commonPool-worker-5] INFO  (RestUtility.java:88) - Time taken to load the small DNG module for BA Rmfed is 0.846
2024-11-22T12:13:00,963 [ForkJoinPool.commonPool-worker-8] INFO  (DNGLoginUtility.java:53) - DNGLogin succesfull!
2024-11-22T12:13:00,964 [ForkJoinPool.commonPool-worker-7] INFO  (RestUtility.java:88) - Time taken to load the small DNG module for BA BA6 is 1.189
2024-11-22T12:13:01,257 [ForkJoinPool.commonPool-worker-6] INFO  (RestUtility.java:88) - Time taken to load the small DNG module for BA SAM (HBS)-BU3 is 1.086
2024-11-22T12:13:01,291 [ForkJoinPool.commonPool-worker-2] INFO  (RestUtility.java:88) - Time taken to load the small DNG module for BA BA7 is 1.459
2024-11-22T12:13:02,364 [ForkJoinPool.commonPool-worker-8] INFO  (RestUtility.java:88) - Time taken to load the small DNG module for BA BA8 is 1.147
2024-11-22T12:13:02,696 [ForkJoinPool.commonPool-worker-3] INFO  (RestUtility.java:88) - Time taken to load the small DNG module for BA AN-BU1 is 2.892
2024-11-22T12:13:03,202 [ForkJoinPool.commonPool-worker-4] INFO  (RestUtility.java:88) - Time taken to load the small DNG module for BA AM-BU4 is 2.763
2024-11-22T12:13:04,974 [ForkJoinPool.commonPool-worker-5] INFO  (RestUtility.java:88) - Time taken to load the large DNG module for BA Rmfed is 4.121
2024-11-22T12:13:05,457 [ForkJoinPool.commonPool-worker-1] INFO  (RestUtility.java:88) - Time taken to load the small DNG module for BA SAM (VED)-BU2 is 5.654
2024-11-22T12:13:05,891 [ForkJoinPool.commonPool-worker-7] INFO  (RestUtility.java:88) - Time taken to load the large DNG module for BA BA6 is 4.925
2024-11-22T12:13:06,056 [ForkJoinPool.commonPool-worker-6] INFO  (RestUtility.java:88) - Time taken to load the large DNG module for BA SAM (HBS)-BU3 is 4.796
2024-11-22T12:13:06,737 [ForkJoinPool.commonPool-worker-2] INFO  (RestUtility.java:88) - Time taken to load the large DNG module for BA BA7 is 5.444
2024-11-22T12:13:07,437 [ForkJoinPool.commonPool-worker-8] INFO  (RestUtility.java:88) - Time taken to load the large DNG module for BA BA8 is 5.069
2024-11-22T12:13:11,543 [main] INFO  (RestUtility.java:88) - Time taken to load the small DNG module for BA SAM (PSS)-BU5 is 11.103
2024-11-22T12:13:12,130 [pool-20-thread-1] ERROR (RestUtility.java:52) - Unable to reach the DNG Module/View. Time taken to load the module is 0
2024-11-22T12:13:12,131 [main] INFO  (RestUtility.java:88) - Time taken to load the large DNG module for BA SAM (PSS)-BU5 is 0.0
2024-11-22T12:13:14,569 [ForkJoinPool.commonPool-worker-3] INFO  (RestUtility.java:88) - Time taken to load the large DNG module for BA AN-BU1 is 11.871
2024-11-22T12:13:17,293 [ForkJoinPool.commonPool-worker-4] INFO  (RestUtility.java:88) - Time taken to load the large DNG module for BA AM-BU4 is 14.089
2024-11-22T12:13:24,923 [ForkJoinPool.commonPool-worker-1] INFO  (RestUtility.java:88) - Time taken to load the large DNG module for BA SAM (VED)-BU2 is 19.464
2024-11-22T12:26:18,484 [ForkJoinPool.commonPool-worker-6] INFO  (DNGLoginUtility.java:53) - DNGLogin succesfull!
2024-11-22T12:26:18,493 [ForkJoinPool.commonPool-worker-4] INFO  (DNGLoginUtility.java:53) - DNGLogin succesfull!
2024-11-22T12:26:18,493 [ForkJoinPool.commonPool-worker-5] INFO  (DNGLoginUtility.java:53) - DNGLogin succesfull!
2024-11-22T12:26:18,502 [ForkJoinPool.commonPool-worker-8] INFO  (DNGLoginUtility.java:53) - DNGLogin succesfull!
2024-11-22T12:26:18,523 [ForkJoinPool.commonPool-worker-7] INFO  (DNGLoginUtility.java:53) - DNGLogin succesfull!
2024-11-22T12:26:18,581 [ForkJoinPool.commonPool-worker-2] INFO  (DNGLoginUtility.java:53) - DNGLogin succesfull!
2024-11-22T12:26:18,834 [main] INFO  (DNGLoginUtility.java:53) - DNGLogin succesfull!
2024-11-22T12:26:18,988 [ForkJoinPool.commonPool-worker-3] INFO  (DNGLoginUtility.java:53) - DNGLogin succesfull!
2024-11-22T12:26:18,988 [ForkJoinPool.commonPool-worker-1] INFO  (DNGLoginUtility.java:53) - DNGLogin succesfull!
2024-11-22T12:26:19,656 [ForkJoinPool.commonPool-worker-5] INFO  (RestUtility.java:88) - Time taken to load the small DNG module for BA Rmfed is 0.979
2024-11-22T12:26:19,797 [ForkJoinPool.commonPool-worker-6] INFO  (RestUtility.java:88) - Time taken to load the small DNG module for BA BA6 is 1.104
2024-11-22T12:26:20,027 [ForkJoinPool.commonPool-worker-4] INFO  (RestUtility.java:88) - Time taken to load the small DNG module for BA BA7 is 1.337
2024-11-22T12:26:20,176 [ForkJoinPool.commonPool-worker-7] INFO  (RestUtility.java:88) - Time taken to load the small DNG module for BA BA8 is 1.46
2024-11-22T12:26:20,198 [ForkJoinPool.commonPool-worker-2] INFO  (RestUtility.java:88) - Time taken to load the small DNG module for BA AN-BU1 is 1.44
2024-11-22T12:26:20,301 [ForkJoinPool.commonPool-worker-3] INFO  (RestUtility.java:88) - Time taken to load the small DNG module for BA SAM (HBS)-BU3 is 1.127
2024-11-22T12:26:21,414 [ForkJoinPool.commonPool-worker-8] INFO  (RestUtility.java:88) - Time taken to load the small DNG module for BA AM-BU4 is 2.722
2024-11-22T12:26:22,935 [ForkJoinPool.commonPool-worker-1] INFO  (RestUtility.java:88) - Time taken to load the small DNG module for BA SAM (VED)-BU2 is 3.765
2024-11-22T12:26:23,679 [ForkJoinPool.commonPool-worker-5] INFO  (RestUtility.java:88) - Time taken to load the large DNG module for BA Rmfed is 4.022
2024-11-22T12:26:24,646 [ForkJoinPool.commonPool-worker-6] INFO  (RestUtility.java:88) - Time taken to load the large DNG module for BA BA6 is 4.845
2024-11-22T12:26:25,159 [ForkJoinPool.commonPool-worker-7] INFO  (RestUtility.java:88) - Time taken to load the large DNG module for BA BA8 is 4.981
2024-11-22T12:26:25,301 [ForkJoinPool.commonPool-worker-4] INFO  (RestUtility.java:88) - Time taken to load the large DNG module for BA BA7 is 5.271
2024-11-22T12:26:25,319 [ForkJoinPool.commonPool-worker-3] INFO  (RestUtility.java:88) - Time taken to load the large DNG module for BA SAM (HBS)-BU3 is 5.013
2024-11-22T12:26:26,050 [main] INFO  (RestUtility.java:88) - Time taken to load the small DNG module for BA SAM (PSS)-BU5 is 7.025
2024-11-22T12:26:26,529 [ForkJoinPool.commonPool-worker-2] INFO  (RestUtility.java:88) - Time taken to load the large DNG module for BA AN-BU1 is 6.328
2024-11-22T12:26:27,590 [pool-20-thread-1] ERROR (RestUtility.java:52) - Unable to reach the DNG Module/View. Time taken to load the module is 0
2024-11-22T12:26:27,591 [main] INFO  (RestUtility.java:88) - Time taken to load the large DNG module for BA SAM (PSS)-BU5 is 0.0
2024-11-22T12:26:37,648 [ForkJoinPool.commonPool-worker-8] INFO  (RestUtility.java:88) - Time taken to load the large DNG module for BA AM-BU4 is 16.231
2024-11-22T12:26:44,598 [ForkJoinPool.commonPool-worker-1] INFO  (RestUtility.java:88) - Time taken to load the large DNG module for BA SAM (VED)-BU2 is 21.66
2024-11-22T12:28:47,456 [ForkJoinPool.commonPool-worker-1] INFO  (DNGLoginUtility.java:53) - DNGLogin succesfull!
2024-11-22T12:28:47,456 [ForkJoinPool.commonPool-worker-4] INFO  (DNGLoginUtility.java:53) - DNGLogin succesfull!
2024-11-22T12:28:47,512 [ForkJoinPool.commonPool-worker-6] INFO  (DNGLoginUtility.java:53) - DNGLogin succesfull!
2024-11-22T12:28:47,521 [ForkJoinPool.commonPool-worker-2] INFO  (DNGLoginUtility.java:53) - DNGLogin succesfull!
2024-11-22T12:28:47,525 [ForkJoinPool.commonPool-worker-3] INFO  (DNGLoginUtility.java:53) - DNGLogin succesfull!
2024-11-22T12:28:47,555 [main] INFO  (DNGLoginUtility.java:53) - DNGLogin succesfull!
2024-11-22T12:28:47,573 [ForkJoinPool.commonPool-worker-7] INFO  (DNGLoginUtility.java:53) - DNGLogin succesfull!
2024-11-22T12:28:47,619 [ForkJoinPool.commonPool-worker-8] INFO  (DNGLoginUtility.java:53) - DNGLogin succesfull!
2024-11-22T12:28:47,664 [ForkJoinPool.commonPool-worker-5] INFO  (DNGLoginUtility.java:53) - DNGLogin succesfull!
2024-11-22T12:28:48,781 [ForkJoinPool.commonPool-worker-6] INFO  (RestUtility.java:88) - Time taken to load the small DNG module for BA BA6 is 1.069
2024-11-22T12:28:48,993 [ForkJoinPool.commonPool-worker-4] INFO  (RestUtility.java:88) - Time taken to load the small DNG module for BA BA7 is 1.339
2024-11-22T12:28:48,993 [ForkJoinPool.commonPool-worker-7] INFO  (RestUtility.java:88) - Time taken to load the small DNG module for BA BA8 is 1.231
2024-11-22T12:28:49,064 [ForkJoinPool.commonPool-worker-2] INFO  (RestUtility.java:88) - Time taken to load the small DNG module for BA AN-BU1 is 1.368
2024-11-22T12:28:50,424 [ForkJoinPool.commonPool-worker-8] INFO  (RestUtility.java:88) - Time taken to load the small DNG module for BA AM-BU4 is 2.623
2024-11-22T12:28:50,639 [ForkJoinPool.commonPool-worker-3] INFO  (RestUtility.java:88) - Time taken to load the small DNG module for BA SAM (HBS)-BU3 is 2.93
2024-11-22T12:28:50,761 [ForkJoinPool.commonPool-worker-5] INFO  (RestUtility.java:88) - Time taken to load the small DNG module for BA Rmfed is 2.876
2024-11-22T12:28:51,305 [main] INFO  (RestUtility.java:88) - Time taken to load the small DNG module for BA SAM (PSS)-BU5 is 3.594
2024-11-22T12:28:51,773 [ForkJoinPool.commonPool-worker-1] INFO  (RestUtility.java:88) - Time taken to load the small DNG module for BA SAM (VED)-BU2 is 4.128
2024-11-22T12:28:54,682 [ForkJoinPool.commonPool-worker-5] INFO  (RestUtility.java:88) - Time taken to load the large DNG module for BA Rmfed is 3.917
2024-11-22T12:28:54,844 [ForkJoinPool.commonPool-worker-6] INFO  (RestUtility.java:88) - Time taken to load the large DNG module for BA BA6 is 6.06
2024-11-22T12:28:55,200 [ForkJoinPool.commonPool-worker-7] INFO  (RestUtility.java:88) - Time taken to load the large DNG module for BA BA8 is 6.202
2024-11-22T12:28:55,467 [ForkJoinPool.commonPool-worker-3] INFO  (RestUtility.java:88) - Time taken to load the large DNG module for BA SAM (HBS)-BU3 is 4.825
2024-11-22T12:28:55,538 [ForkJoinPool.commonPool-worker-4] INFO  (RestUtility.java:88) - Time taken to load the large DNG module for BA BA7 is 6.543
2024-11-22T12:28:56,665 [ForkJoinPool.commonPool-worker-2] INFO  (RestUtility.java:88) - Time taken to load the large DNG module for BA AN-BU1 is 7.599
2024-11-22T12:29:07,609 [ForkJoinPool.commonPool-worker-8] INFO  (RestUtility.java:88) - Time taken to load the large DNG module for BA AM-BU4 is 17.183
2024-11-22T12:29:10,943 [ForkJoinPool.commonPool-worker-1] INFO  (RestUtility.java:88) - Time taken to load the large DNG module for BA SAM (VED)-BU2 is 19.168
2024-11-22T12:37:11,308 [main] ERROR (RestUtility.java:93) - Module not loading due to performance issue. Time taken to load the module for BASAM (PSS)-BU5 is more than 500 secs
2024-11-22T12:37:51,931 [ForkJoinPool.commonPool-worker-3] INFO  (DNGLoginUtility.java:53) - DNGLogin succesfull!
2024-11-22T12:37:51,987 [ForkJoinPool.commonPool-worker-1] INFO  (DNGLoginUtility.java:53) - DNGLogin succesfull!
2024-11-22T12:37:52,029 [ForkJoinPool.commonPool-worker-7] INFO  (DNGLoginUtility.java:53) - DNGLogin succesfull!
2024-11-22T12:37:52,046 [main] INFO  (DNGLoginUtility.java:53) - DNGLogin succesfull!
2024-11-22T12:37:52,055 [ForkJoinPool.commonPool-worker-6] INFO  (DNGLoginUtility.java:53) - DNGLogin succesfull!
2024-11-22T12:37:52,068 [ForkJoinPool.commonPool-worker-2] INFO  (DNGLoginUtility.java:53) - DNGLogin succesfull!
2024-11-22T12:37:52,094 [ForkJoinPool.commonPool-worker-5] INFO  (DNGLoginUtility.java:53) - DNGLogin succesfull!
2024-11-22T12:37:52,098 [ForkJoinPool.commonPool-worker-4] INFO  (DNGLoginUtility.java:53) - DNGLogin succesfull!
2024-11-22T12:37:52,165 [ForkJoinPool.commonPool-worker-8] INFO  (DNGLoginUtility.java:53) - DNGLogin succesfull!
2024-11-22T12:37:53,095 [ForkJoinPool.commonPool-worker-5] INFO  (RestUtility.java:88) - Time taken to load the small DNG module for BA Rmfed is 0.829
2024-11-22T12:37:53,441 [ForkJoinPool.commonPool-worker-3] INFO  (RestUtility.java:88) - Time taken to load the small DNG module for BA AN-BU1 is 1.329
2024-11-22T12:37:53,509 [ForkJoinPool.commonPool-worker-7] INFO  (RestUtility.java:88) - Time taken to load the small DNG module for BA BA6 is 1.273
2024-11-22T12:37:53,535 [ForkJoinPool.commonPool-worker-8] INFO  (RestUtility.java:88) - Time taken to load the small DNG module for BA BA8 is 1.163
2024-11-22T12:37:53,581 [ForkJoinPool.commonPool-worker-2] INFO  (RestUtility.java:88) - Time taken to load the small DNG module for BA BA7 is 1.321
2024-11-22T12:37:54,184 [ForkJoinPool.commonPool-worker-6] INFO  (RestUtility.java:88) - Time taken to load the small DNG module for BA SAM (HBS)-BU3 is 1.933
2024-11-22T12:37:55,403 [ForkJoinPool.commonPool-worker-1] INFO  (RestUtility.java:88) - Time taken to load the small DNG module for BA SAM (VED)-BU2 is 3.185
2024-11-22T12:37:55,816 [main] INFO  (RestUtility.java:88) - Time taken to load the small DNG module for BA SAM (PSS)-BU5 is 3.572
2024-11-22T12:37:56,470 [pool-19-thread-1] ERROR (RestUtility.java:52) - Unable to reach the DNG Module/View. Time taken to load the module is 0
2024-11-22T12:37:56,471 [main] INFO  (RestUtility.java:88) - Time taken to load the large DNG module for BA SAM (PSS)-BU5 is 0.0
2024-11-22T12:37:56,654 [ForkJoinPool.commonPool-worker-4] INFO  (RestUtility.java:88) - Time taken to load the small DNG module for BA AM-BU4 is 4.374
2024-11-22T12:37:57,058 [ForkJoinPool.commonPool-worker-5] INFO  (RestUtility.java:88) - Time taken to load the large DNG module for BA Rmfed is 3.96
2024-11-22T12:37:58,175 [ForkJoinPool.commonPool-worker-7] INFO  (RestUtility.java:88) - Time taken to load the large DNG module for BA BA6 is 4.663
2024-11-22T12:37:58,479 [ForkJoinPool.commonPool-worker-8] INFO  (RestUtility.java:88) - Time taken to load the large DNG module for BA BA8 is 4.944
2024-11-22T12:37:58,904 [ForkJoinPool.commonPool-worker-2] INFO  (RestUtility.java:88) - Time taken to load the large DNG module for BA BA7 is 5.321
2024-11-22T12:37:59,745 [ForkJoinPool.commonPool-worker-3] INFO  (RestUtility.java:88) - Time taken to load the large DNG module for BA AN-BU1 is 6.301
2024-11-22T12:38:04,159 [ForkJoinPool.commonPool-worker-6] INFO  (RestUtility.java:88) - Time taken to load the large DNG module for BA SAM (HBS)-BU3 is 9.962
2024-11-22T12:38:14,301 [ForkJoinPool.commonPool-worker-4] INFO  (RestUtility.java:88) - Time taken to load the large DNG module for BA AM-BU4 is 17.643
2024-11-22T12:38:15,632 [ForkJoinPool.commonPool-worker-1] INFO  (RestUtility.java:88) - Time taken to load the large DNG module for BA SAM (VED)-BU2 is 20.227
2024-11-22T12:38:53,972 [ForkJoinPool.commonPool-worker-3] INFO  (DNGLoginUtility.java:53) - DNGLogin succesfull!
2024-11-22T12:38:54,313 [ForkJoinPool.commonPool-worker-7] INFO  (DNGLoginUtility.java:53) - DNGLogin succesfull!
2024-11-22T12:38:54,913 [main] INFO  (DNGLoginUtility.java:53) - DNGLogin succesfull!
2024-11-22T12:38:54,914 [ForkJoinPool.commonPool-worker-6] INFO  (DNGLoginUtility.java:53) - DNGLogin succesfull!
2024-11-22T12:38:54,916 [ForkJoinPool.commonPool-worker-8] INFO  (DNGLoginUtility.java:53) - DNGLogin succesfull!
2024-11-22T12:38:55,863 [ForkJoinPool.commonPool-worker-2] INFO  (DNGLoginUtility.java:53) - DNGLogin succesfull!
2024-11-22T12:38:56,081 [ForkJoinPool.commonPool-worker-1] INFO  (DNGLoginUtility.java:53) - DNGLogin succesfull!
2024-11-22T12:38:56,560 [ForkJoinPool.commonPool-worker-6] INFO  (RestUtility.java:88) - Time taken to load the small DNG module for BA BA6 is 1.126
2024-11-22T12:38:56,585 [ForkJoinPool.commonPool-worker-5] INFO  (DNGLoginUtility.java:53) - DNGLogin succesfull!
2024-11-22T12:38:57,313 [ForkJoinPool.commonPool-worker-4] INFO  (DNGLoginUtility.java:53) - DNGLogin succesfull!
2024-11-22T12:38:57,480 [ForkJoinPool.commonPool-worker-7] INFO  (RestUtility.java:88) - Time taken to load the small DNG module for BA BA8 is 1.951
2024-11-22T12:38:57,846 [ForkJoinPool.commonPool-worker-3] INFO  (RestUtility.java:88) - Time taken to load the small DNG module for BA SAM (HBS)-BU3 is 1.981
2024-11-22T12:38:58,036 [ForkJoinPool.commonPool-worker-5] INFO  (RestUtility.java:88) - Time taken to load the small DNG module for BA Rmfed is 1.245
2024-11-22T12:38:58,761 [ForkJoinPool.commonPool-worker-1] INFO  (RestUtility.java:88) - Time taken to load the small DNG module for BA SAM (VED)-BU2 is 2.366
2024-11-22T12:38:59,046 [main] INFO  (RestUtility.java:88) - Time taken to load the small DNG module for BA SAM (PSS)-BU5 is 3.611
2024-11-22T12:38:59,049 [ForkJoinPool.commonPool-worker-8] INFO  (RestUtility.java:88) - Time taken to load the small DNG module for BA AM-BU4 is 3.616
2024-11-22T12:38:59,085 [ForkJoinPool.commonPool-worker-2] INFO  (RestUtility.java:88) - Time taken to load the small DNG module for BA AN-BU1 is 3.003
2024-11-22T12:38:59,230 [ForkJoinPool.commonPool-worker-4] INFO  (RestUtility.java:88) - Time taken to load the small DNG module for BA BA7 is 1.74
2024-11-22T12:39:02,651 [ForkJoinPool.commonPool-worker-3] INFO  (RestUtility.java:88) - Time taken to load the large DNG module for BA SAM (HBS)-BU3 is 4.803
2024-11-22T12:39:02,847 [ForkJoinPool.commonPool-worker-7] INFO  (RestUtility.java:88) - Time taken to load the large DNG module for BA BA8 is 5.365
2024-11-22T12:39:03,000 [ForkJoinPool.commonPool-worker-5] INFO  (RestUtility.java:88) - Time taken to load the large DNG module for BA Rmfed is 4.961
2024-11-22T12:39:03,952 [ForkJoinPool.commonPool-worker-6] INFO  (RestUtility.java:88) - Time taken to load the large DNG module for BA BA6 is 7.39
2024-11-22T12:39:05,197 [ForkJoinPool.commonPool-worker-4] INFO  (RestUtility.java:88) - Time taken to load the large DNG module for BA BA7 is 5.964
2024-11-22T12:39:09,590 [ForkJoinPool.commonPool-worker-2] INFO  (RestUtility.java:88) - Time taken to load the large DNG module for BA AN-BU1 is 10.501
2024-11-22T12:39:12,786 [ForkJoinPool.commonPool-worker-1] INFO  (RestUtility.java:88) - Time taken to load the large DNG module for BA SAM (VED)-BU2 is 14.022
2024-11-22T12:39:15,563 [ForkJoinPool.commonPool-worker-8] INFO  (RestUtility.java:88) - Time taken to load the large DNG module for BA AM-BU4 is 16.512
2024-11-22T12:44:42,501 [ForkJoinPool.commonPool-worker-2] INFO  (DNGLoginUtility.java:53) - DNGLogin succesfull!
2024-11-22T12:44:42,512 [ForkJoinPool.commonPool-worker-3] INFO  (DNGLoginUtility.java:53) - DNGLogin succesfull!
2024-11-22T12:44:42,512 [main] INFO  (DNGLoginUtility.java:53) - DNGLogin succesfull!
2024-11-22T12:44:42,513 [ForkJoinPool.commonPool-worker-6] INFO  (DNGLoginUtility.java:53) - DNGLogin succesfull!
2024-11-22T12:44:42,513 [ForkJoinPool.commonPool-worker-5] INFO  (DNGLoginUtility.java:53) - DNGLogin succesfull!
2024-11-22T12:44:42,517 [ForkJoinPool.commonPool-worker-7] INFO  (DNGLoginUtility.java:53) - DNGLogin succesfull!
2024-11-22T12:44:42,532 [ForkJoinPool.commonPool-worker-4] INFO  (DNGLoginUtility.java:53) - DNGLogin succesfull!
2024-11-22T12:44:42,535 [ForkJoinPool.commonPool-worker-8] INFO  (DNGLoginUtility.java:53) - DNGLogin succesfull!
2024-11-22T12:44:42,536 [ForkJoinPool.commonPool-worker-1] INFO  (DNGLoginUtility.java:53) - DNGLogin succesfull!
2024-11-22T12:44:42,996 [pool-6-thread-1] ERROR (RestUtility.java:52) - Unable to reach the DNG Module/View. Time taken to load the module is 0
2024-11-22T12:44:42,999 [main] INFO  (RestUtility.java:88) - Time taken to load the small DNG module for BA SAM (PSS)-BU5 is 0.0
2024-11-22T12:44:43,525 [pool-12-thread-1] ERROR (RestUtility.java:52) - Unable to reach the DNG Module/View. Time taken to load the module is 0
2024-11-22T12:44:43,527 [main] INFO  (RestUtility.java:88) - Time taken to load the large DNG module for BA SAM (PSS)-BU5 is 0.0
2024-11-22T12:44:43,633 [ForkJoinPool.commonPool-worker-5] INFO  (RestUtility.java:88) - Time taken to load the small DNG module for BA Rmfed is 0.919
2024-11-22T12:44:43,921 [ForkJoinPool.commonPool-worker-6] INFO  (RestUtility.java:88) - Time taken to load the small DNG module for BA BA6 is 1.207
2024-11-22T12:44:44,060 [ForkJoinPool.commonPool-worker-4] INFO  (RestUtility.java:88) - Time taken to load the small DNG module for BA BA7 is 1.326
2024-11-22T12:44:44,068 [ForkJoinPool.commonPool-worker-7] INFO  (RestUtility.java:88) - Time taken to load the small DNG module for BA BA8 is 1.365
2024-11-22T12:44:44,200 [ForkJoinPool.commonPool-worker-2] INFO  (RestUtility.java:88) - Time taken to load the small DNG module for BA AN-BU1 is 1.505
2024-11-22T12:44:44,679 [ForkJoinPool.commonPool-worker-3] INFO  (RestUtility.java:88) - Time taken to load the small DNG module for BA SAM (HBS)-BU3 is 1.968
2024-11-22T12:44:46,007 [ForkJoinPool.commonPool-worker-8] INFO  (RestUtility.java:88) - Time taken to load the small DNG module for BA AM-BU4 is 3.28
2024-11-22T12:44:46,044 [ForkJoinPool.commonPool-worker-1] INFO  (RestUtility.java:88) - Time taken to load the small DNG module for BA SAM (VED)-BU2 is 3.314
2024-11-22T12:44:47,704 [ForkJoinPool.commonPool-worker-5] INFO  (RestUtility.java:88) - Time taken to load the large DNG module for BA Rmfed is 4.068
2024-11-22T12:44:48,914 [ForkJoinPool.commonPool-worker-6] INFO  (RestUtility.java:88) - Time taken to load the large DNG module for BA BA6 is 4.991
2024-11-22T12:44:49,233 [ForkJoinPool.commonPool-worker-7] INFO  (RestUtility.java:88) - Time taken to load the large DNG module for BA BA8 is 5.163
2024-11-22T12:44:49,451 [ForkJoinPool.commonPool-worker-4] INFO  (RestUtility.java:88) - Time taken to load the large DNG module for BA BA7 is 5.389
2024-11-22T12:44:50,308 [ForkJoinPool.commonPool-worker-2] INFO  (RestUtility.java:88) - Time taken to load the large DNG module for BA AN-BU1 is 6.106
2024-11-22T12:44:54,549 [ForkJoinPool.commonPool-worker-3] INFO  (RestUtility.java:88) - Time taken to load the large DNG module for BA SAM (HBS)-BU3 is 9.865
2024-11-22T12:45:02,267 [ForkJoinPool.commonPool-worker-8] INFO  (RestUtility.java:88) - Time taken to load the large DNG module for BA AM-BU4 is 16.257
2024-11-22T12:45:05,190 [ForkJoinPool.commonPool-worker-1] INFO  (RestUtility.java:88) - Time taken to load the large DNG module for BA SAM (VED)-BU2 is 19.143
2024-11-22T13:12:36,602 [ForkJoinPool.commonPool-worker-5] INFO  (DNGLoginUtility.java:53) - DNGLogin succesfull!
2024-11-22T13:12:36,926 [ForkJoinPool.commonPool-worker-1] INFO  (DNGLoginUtility.java:53) - DNGLogin succesfull!
2024-11-22T13:12:37,065 [pool-3-thread-1] ERROR (RestUtility.java:52) - Unable to reach the DNG Module/View. Time taken to load the module is 0
2024-11-22T13:12:37,067 [ForkJoinPool.commonPool-worker-5] INFO  (RestUtility.java:88) - Time taken to load the small DNG module for BA Rmfed is 0.0
2024-11-22T13:12:37,220 [ForkJoinPool.commonPool-worker-4] INFO  (DNGLoginUtility.java:53) - DNGLogin succesfull!
2024-11-22T13:12:37,276 [main] INFO  (DNGLoginUtility.java:53) - DNGLogin succesfull!
2024-11-22T13:12:37,320 [pool-5-thread-1] ERROR (RestUtility.java:52) - Unable to reach the DNG Module/View. Time taken to load the module is 0
2024-11-22T13:12:37,321 [ForkJoinPool.commonPool-worker-1] INFO  (RestUtility.java:88) - Time taken to load the small DNG module for BA SAM (VED)-BU2 is 0.0
2024-11-22T13:12:37,456 [ForkJoinPool.commonPool-worker-3] INFO  (DNGLoginUtility.java:53) - DNGLogin succesfull!
2024-11-22T13:12:37,456 [ForkJoinPool.commonPool-worker-2] INFO  (DNGLoginUtility.java:53) - DNGLogin succesfull!
2024-11-22T13:12:37,604 [pool-4-thread-1] ERROR (RestUtility.java:52) - Unable to reach the DNG Module/View. Time taken to load the module is 0
2024-11-22T13:12:37,604 [pool-7-thread-1] ERROR (RestUtility.java:52) - Unable to reach the DNG Module/View. Time taken to load the module is 0
2024-11-22T13:12:37,604 [ForkJoinPool.commonPool-worker-5] INFO  (RestUtility.java:88) - Time taken to load the large DNG module for BA Rmfed is 0.0
2024-11-22T13:12:37,604 [ForkJoinPool.commonPool-worker-4] INFO  (RestUtility.java:88) - Time taken to load the small DNG module for BA BA7 is 0.0
2024-11-22T13:12:37,660 [pool-8-thread-1] ERROR (RestUtility.java:52) - Unable to reach the DNG Module/View. Time taken to load the module is 0
2024-11-22T13:12:37,661 [main] INFO  (RestUtility.java:88) - Time taken to load the small DNG module for BA SAM (PSS)-BU5 is 0.0
2024-11-22T13:12:37,845 [pool-10-thread-1] ERROR (RestUtility.java:52) - Unable to reach the DNG Module/View. Time taken to load the module is 0
2024-11-22T13:12:37,845 [pool-11-thread-1] ERROR (RestUtility.java:52) - Unable to reach the DNG Module/View. Time taken to load the module is 0
2024-11-22T13:12:37,846 [ForkJoinPool.commonPool-worker-3] INFO  (RestUtility.java:88) - Time taken to load the small DNG module for BA SAM (HBS)-BU3 is 0.0
2024-11-22T13:12:37,846 [ForkJoinPool.commonPool-worker-2] INFO  (RestUtility.java:88) - Time taken to load the small DNG module for BA AN-BU1 is 0.0
2024-11-22T13:12:37,874 [pool-6-thread-1] ERROR (RestUtility.java:52) - Unable to reach the DNG Module/View. Time taken to load the module is 0
2024-11-22T13:12:37,875 [ForkJoinPool.commonPool-worker-1] INFO  (RestUtility.java:88) - Time taken to load the large DNG module for BA SAM (VED)-BU2 is 0.0
2024-11-22T13:12:38,158 [pool-9-thread-1] ERROR (RestUtility.java:52) - Unable to reach the DNG Module/View. Time taken to load the module is 0
2024-11-22T13:12:38,160 [ForkJoinPool.commonPool-worker-4] INFO  (RestUtility.java:88) - Time taken to load the large DNG module for BA BA7 is 0.0
2024-11-22T13:12:38,185 [pool-12-thread-1] ERROR (RestUtility.java:52) - Unable to reach the DNG Module/View. Time taken to load the module is 0
2024-11-22T13:12:38,186 [main] INFO  (RestUtility.java:88) - Time taken to load the large DNG module for BA SAM (PSS)-BU5 is 0.0
2024-11-22T13:12:38,341 [pool-14-thread-1] ERROR (RestUtility.java:52) - Unable to reach the DNG Module/View. Time taken to load the module is 0
2024-11-22T13:12:38,341 [ForkJoinPool.commonPool-worker-2] INFO  (RestUtility.java:88) - Time taken to load the large DNG module for BA AN-BU1 is 0.0
2024-11-22T13:12:38,356 [pool-13-thread-1] ERROR (RestUtility.java:52) - Unable to reach the DNG Module/View. Time taken to load the module is 0
2024-11-22T13:12:38,357 [ForkJoinPool.commonPool-worker-3] INFO  (RestUtility.java:88) - Time taken to load the large DNG module for BA SAM (HBS)-BU3 is 0.0
2024-11-22T13:12:38,361 [ForkJoinPool.commonPool-worker-6] INFO  (DNGLoginUtility.java:53) - DNGLogin succesfull!
2024-11-22T13:12:38,699 [pool-15-thread-1] ERROR (RestUtility.java:52) - Unable to reach the DNG Module/View. Time taken to load the module is 0
2024-11-22T13:12:38,700 [ForkJoinPool.commonPool-worker-6] INFO  (RestUtility.java:88) - Time taken to load the small DNG module for BA BA6 is 0.0
2024-11-22T13:12:39,230 [pool-16-thread-1] ERROR (RestUtility.java:52) - Unable to reach the DNG Module/View. Time taken to load the module is 0
2024-11-22T13:12:39,230 [ForkJoinPool.commonPool-worker-8] INFO  (DNGLoginUtility.java:53) - DNGLogin succesfull!
2024-11-22T13:12:39,231 [ForkJoinPool.commonPool-worker-6] INFO  (RestUtility.java:88) - Time taken to load the large DNG module for BA BA6 is 0.0
2024-11-22T13:12:39,367 [ForkJoinPool.commonPool-worker-7] INFO  (DNGLoginUtility.java:53) - DNGLogin succesfull!
2024-11-22T13:12:39,591 [pool-17-thread-1] ERROR (RestUtility.java:52) - Unable to reach the DNG Module/View. Time taken to load the module is 0
2024-11-22T13:12:39,591 [ForkJoinPool.commonPool-worker-8] INFO  (RestUtility.java:88) - Time taken to load the small DNG module for BA AM-BU4 is 0.0
2024-11-22T13:12:39,750 [pool-18-thread-1] ERROR (RestUtility.java:52) - Unable to reach the DNG Module/View. Time taken to load the module is 0
2024-11-22T13:12:39,750 [ForkJoinPool.commonPool-worker-7] INFO  (RestUtility.java:88) - Time taken to load the small DNG module for BA BA8 is 0.0
2024-11-22T13:12:40,128 [pool-19-thread-1] ERROR (RestUtility.java:52) - Unable to reach the DNG Module/View. Time taken to load the module is 0
2024-11-22T13:12:40,129 [ForkJoinPool.commonPool-worker-8] INFO  (RestUtility.java:88) - Time taken to load the large DNG module for BA AM-BU4 is 0.0
2024-11-22T13:12:40,245 [pool-20-thread-1] ERROR (RestUtility.java:52) - Unable to reach the DNG Module/View. Time taken to load the module is 0
2024-11-22T13:12:40,246 [ForkJoinPool.commonPool-worker-7] INFO  (RestUtility.java:88) - Time taken to load the large DNG module for BA BA8 is 0.0
2024-11-22T13:12:58,560 [ForkJoinPool.commonPool-worker-8] INFO  (DNGLoginUtility.java:53) - DNGLogin succesfull!
2024-11-22T13:12:58,828 [ForkJoinPool.commonPool-worker-4] INFO  (DNGLoginUtility.java:53) - DNGLogin succesfull!
2024-11-22T13:12:59,080 [pool-3-thread-1] ERROR (RestUtility.java:52) - Unable to reach the DNG Module/View. Time taken to load the module is 0
2024-11-22T13:12:59,082 [ForkJoinPool.commonPool-worker-8] INFO  (RestUtility.java:88) - Time taken to load the small DNG module for BA BA8 is 0.0
2024-11-22T13:12:59,333 [ForkJoinPool.commonPool-worker-2] INFO  (DNGLoginUtility.java:53) - DNGLogin succesfull!
2024-11-22T13:12:59,334 [pool-5-thread-1] ERROR (RestUtility.java:52) - Unable to reach the DNG Module/View. Time taken to load the module is 0
2024-11-22T13:12:59,335 [ForkJoinPool.commonPool-worker-4] INFO  (RestUtility.java:88) - Time taken to load the small DNG module for BA AM-BU4 is 0.0
2024-11-22T13:12:59,465 [ForkJoinPool.commonPool-worker-3] INFO  (DNGLoginUtility.java:53) - DNGLogin succesfull!
2024-11-22T13:12:59,590 [pool-4-thread-1] ERROR (RestUtility.java:52) - Unable to reach the DNG Module/View. Time taken to load the module is 0
2024-11-22T13:12:59,591 [ForkJoinPool.commonPool-worker-8] INFO  (RestUtility.java:88) - Time taken to load the large DNG module for BA BA8 is 0.0
2024-11-22T13:12:59,704 [pool-7-thread-1] ERROR (RestUtility.java:52) - Unable to reach the DNG Module/View. Time taken to load the module is 0
2024-11-22T13:12:59,705 [ForkJoinPool.commonPool-worker-2] INFO  (RestUtility.java:88) - Time taken to load the small DNG module for BA BA7 is 0.0
2024-11-22T13:12:59,821 [pool-8-thread-1] ERROR (RestUtility.java:52) - Unable to reach the DNG Module/View. Time taken to load the module is 0
2024-11-22T13:12:59,822 [ForkJoinPool.commonPool-worker-3] INFO  (RestUtility.java:88) - Time taken to load the small DNG module for BA AN-BU1 is 0.0
2024-11-22T13:12:59,865 [pool-6-thread-1] ERROR (RestUtility.java:52) - Unable to reach the DNG Module/View. Time taken to load the module is 0
2024-11-22T13:12:59,866 [ForkJoinPool.commonPool-worker-4] INFO  (RestUtility.java:88) - Time taken to load the large DNG module for BA AM-BU4 is 0.0
2024-11-22T13:13:00,199 [pool-9-thread-1] ERROR (RestUtility.java:52) - Unable to reach the DNG Module/View. Time taken to load the module is 0
2024-11-22T13:13:00,199 [ForkJoinPool.commonPool-worker-2] INFO  (RestUtility.java:88) - Time taken to load the large DNG module for BA BA7 is 0.0
2024-11-22T13:13:00,332 [pool-10-thread-1] ERROR (RestUtility.java:52) - Unable to reach the DNG Module/View. Time taken to load the module is 0
2024-11-22T13:13:00,332 [ForkJoinPool.commonPool-worker-3] INFO  (RestUtility.java:88) - Time taken to load the large DNG module for BA AN-BU1 is 0.0
2024-11-22T13:13:01,048 [main] INFO  (DNGLoginUtility.java:53) - DNGLogin succesfull!
2024-11-22T13:13:01,274 [ForkJoinPool.commonPool-worker-6] INFO  (DNGLoginUtility.java:53) - DNGLogin succesfull!
2024-11-22T13:13:01,431 [pool-11-thread-1] ERROR (RestUtility.java:52) - Unable to reach the DNG Module/View. Time taken to load the module is 0
2024-11-22T13:13:01,432 [main] INFO  (RestUtility.java:88) - Time taken to load the small DNG module for BA SAM (PSS)-BU5 is 0.0
2024-11-22T13:13:01,711 [pool-13-thread-1] ERROR (RestUtility.java:52) - Unable to reach the DNG Module/View. Time taken to load the module is 0
2024-11-22T13:13:01,712 [ForkJoinPool.commonPool-worker-6] INFO  (RestUtility.java:88) - Time taken to load the small DNG module for BA SAM (HBS)-BU3 is 0.0
2024-11-22T13:13:01,934 [pool-12-thread-1] ERROR (RestUtility.java:52) - Unable to reach the DNG Module/View. Time taken to load the module is 0
2024-11-22T13:13:01,934 [main] INFO  (RestUtility.java:88) - Time taken to load the large DNG module for BA SAM (PSS)-BU5 is 0.0
2024-11-22T13:13:02,016 [ForkJoinPool.commonPool-worker-1] INFO  (DNGLoginUtility.java:53) - DNGLogin succesfull!
2024-11-22T13:13:02,185 [pool-14-thread-1] ERROR (RestUtility.java:52) - Unable to reach the DNG Module/View. Time taken to load the module is 0
2024-11-22T13:13:02,186 [ForkJoinPool.commonPool-worker-6] INFO  (RestUtility.java:88) - Time taken to load the large DNG module for BA SAM (HBS)-BU3 is 0.0
2024-11-22T13:13:02,296 [ForkJoinPool.commonPool-worker-5] INFO  (DNGLoginUtility.java:53) - DNGLogin succesfull!
2024-11-22T13:13:02,323 [ForkJoinPool.commonPool-worker-7] INFO  (DNGLoginUtility.java:53) - DNGLogin succesfull!
2024-11-22T13:13:02,425 [pool-15-thread-1] ERROR (RestUtility.java:52) - Unable to reach the DNG Module/View. Time taken to load the module is 0
2024-11-22T13:13:02,426 [ForkJoinPool.commonPool-worker-1] INFO  (RestUtility.java:88) - Time taken to load the small DNG module for BA SAM (VED)-BU2 is 0.0
2024-11-22T13:13:02,663 [pool-18-thread-1] ERROR (RestUtility.java:52) - Unable to reach the DNG Module/View. Time taken to load the module is 0
2024-11-22T13:13:02,663 [pool-17-thread-1] ERROR (RestUtility.java:52) - Unable to reach the DNG Module/View. Time taken to load the module is 0
2024-11-22T13:13:02,664 [ForkJoinPool.commonPool-worker-7] INFO  (RestUtility.java:88) - Time taken to load the small DNG module for BA BA6 is 0.0
2024-11-22T13:13:02,664 [ForkJoinPool.commonPool-worker-5] INFO  (RestUtility.java:88) - Time taken to load the small DNG module for BA Rmfed is 0.0
2024-11-22T13:13:02,924 [pool-16-thread-1] ERROR (RestUtility.java:52) - Unable to reach the DNG Module/View. Time taken to load the module is 0
2024-11-22T13:13:02,924 [ForkJoinPool.commonPool-worker-1] INFO  (RestUtility.java:88) - Time taken to load the large DNG module for BA SAM (VED)-BU2 is 0.0
2024-11-22T13:13:03,225 [pool-20-thread-1] ERROR (RestUtility.java:52) - Unable to reach the DNG Module/View. Time taken to load the module is 0
2024-11-22T13:13:03,226 [ForkJoinPool.commonPool-worker-5] INFO  (RestUtility.java:88) - Time taken to load the large DNG module for BA Rmfed is 0.0
2024-11-22T13:13:03,226 [pool-19-thread-1] ERROR (RestUtility.java:52) - Unable to reach the DNG Module/View. Time taken to load the module is 0
2024-11-22T13:13:03,227 [ForkJoinPool.commonPool-worker-7] INFO  (RestUtility.java:88) - Time taken to load the large DNG module for BA BA6 is 0.0
2024-11-22T13:24:12,724 [ForkJoinPool.commonPool-worker-6] INFO  (DNGLoginUtility.java:53) - DNGLogin succesfull!
2024-11-22T13:24:12,750 [ForkJoinPool.commonPool-worker-8] INFO  (DNGLoginUtility.java:53) - DNGLogin succesfull!
2024-11-22T13:24:12,754 [ForkJoinPool.commonPool-worker-2] INFO  (DNGLoginUtility.java:53) - DNGLogin succesfull!
2024-11-22T13:24:12,803 [ForkJoinPool.commonPool-worker-5] INFO  (DNGLoginUtility.java:53) - DNGLogin succesfull!
2024-11-22T13:24:13,365 [ForkJoinPool.commonPool-worker-3] INFO  (DNGLoginUtility.java:53) - DNGLogin succesfull!
2024-11-22T13:24:13,738 [pool-7-thread-1] ERROR (RestUtility.java:52) - Unable to reach the DNG Module/View. Time taken to load the module is 0
2024-11-22T13:24:13,739 [ForkJoinPool.commonPool-worker-3] INFO  (RestUtility.java:88) - Time taken to load the small DNG module for BA SAM (HBS)-BU3 is 0.0
2024-11-22T13:24:13,797 [ForkJoinPool.commonPool-worker-5] INFO  (RestUtility.java:88) - Time taken to load the small DNG module for BA Rmfed is 0.837
2024-11-22T13:24:13,926 [ForkJoinPool.commonPool-worker-6] INFO  (RestUtility.java:88) - Time taken to load the small DNG module for BA BA6 is 0.998
2024-11-22T13:24:14,293 [pool-8-thread-1] ERROR (RestUtility.java:52) - Unable to reach the DNG Module/View. Time taken to load the module is 0
2024-11-22T13:24:14,294 [ForkJoinPool.commonPool-worker-3] INFO  (RestUtility.java:88) - Time taken to load the large DNG module for BA SAM (HBS)-BU3 is 0.0
2024-11-22T13:24:14,418 [ForkJoinPool.commonPool-worker-2] INFO  (RestUtility.java:88) - Time taken to load the small DNG module for BA AN-BU1 is 1.479
2024-11-22T13:24:14,661 [main] INFO  (DNGLoginUtility.java:53) - DNGLogin succesfull!
2024-11-22T13:24:15,022 [pool-12-thread-1] ERROR (RestUtility.java:52) - Unable to reach the DNG Module/View. Time taken to load the module is 0
2024-11-22T13:24:15,022 [main] INFO  (RestUtility.java:88) - Time taken to load the small DNG module for BA SAM (PSS)-BU5 is 0.0
2024-11-22T13:24:15,219 [ForkJoinPool.commonPool-worker-8] INFO  (RestUtility.java:88) - Time taken to load the small DNG module for BA AM-BU4 is 2.291
2024-11-22T13:24:15,566 [pool-13-thread-1] ERROR (RestUtility.java:52) - Unable to reach the DNG Module/View. Time taken to load the module is 0
2024-11-22T13:24:15,566 [main] INFO  (RestUtility.java:88) - Time taken to load the large DNG module for BA SAM (PSS)-BU5 is 0.0
2024-11-22T13:24:17,043 [ForkJoinPool.commonPool-worker-4] INFO  (DNGLoginUtility.java:53) - DNGLogin succesfull!
2024-11-22T13:24:17,161 [ForkJoinPool.commonPool-worker-7] INFO  (DNGLoginUtility.java:53) - DNGLogin succesfull!
2024-11-22T13:24:17,489 [pool-15-thread-1] ERROR (RestUtility.java:52) - Unable to reach the DNG Module/View. Time taken to load the module is 0
2024-11-22T13:24:17,490 [ForkJoinPool.commonPool-worker-4] INFO  (RestUtility.java:88) - Time taken to load the small DNG module for BA BA7 is 0.0
2024-11-22T13:24:17,526 [pool-16-thread-1] ERROR (RestUtility.java:52) - Unable to reach the DNG Module/View. Time taken to load the module is 0
2024-11-22T13:24:17,527 [ForkJoinPool.commonPool-worker-7] INFO  (RestUtility.java:88) - Time taken to load the small DNG module for BA BA8 is 0.0
2024-11-22T13:24:17,699 [ForkJoinPool.commonPool-worker-5] INFO  (RestUtility.java:88) - Time taken to load the large DNG module for BA Rmfed is 3.9
2024-11-22T13:24:17,723 [ForkJoinPool.commonPool-worker-1] INFO  (DNGLoginUtility.java:53) - DNGLogin succesfull!
2024-11-22T13:24:17,983 [pool-17-thread-1] ERROR (RestUtility.java:52) - Unable to reach the DNG Module/View. Time taken to load the module is 0
2024-11-22T13:24:17,984 [ForkJoinPool.commonPool-worker-4] INFO  (RestUtility.java:88) - Time taken to load the large DNG module for BA BA7 is 0.0
2024-11-22T13:24:18,031 [pool-18-thread-1] ERROR (RestUtility.java:52) - Unable to reach the DNG Module/View. Time taken to load the module is 0
2024-11-22T13:24:18,031 [ForkJoinPool.commonPool-worker-7] INFO  (RestUtility.java:88) - Time taken to load the large DNG module for BA BA8 is 0.0
2024-11-22T13:24:18,099 [pool-19-thread-1] ERROR (RestUtility.java:52) - Unable to reach the DNG Module/View. Time taken to load the module is 0
2024-11-22T13:24:18,100 [ForkJoinPool.commonPool-worker-1] INFO  (RestUtility.java:88) - Time taken to load the small DNG module for BA SAM (VED)-BU2 is 0.0
2024-11-22T13:24:18,613 [pool-20-thread-1] ERROR (RestUtility.java:52) - Unable to reach the DNG Module/View. Time taken to load the module is 0
2024-11-22T13:24:18,614 [ForkJoinPool.commonPool-worker-1] INFO  (RestUtility.java:88) - Time taken to load the large DNG module for BA SAM (VED)-BU2 is 0.0
2024-11-22T13:24:18,810 [ForkJoinPool.commonPool-worker-6] INFO  (RestUtility.java:88) - Time taken to load the large DNG module for BA BA6 is 4.883
2024-11-22T13:24:20,553 [ForkJoinPool.commonPool-worker-2] INFO  (RestUtility.java:88) - Time taken to load the large DNG module for BA AN-BU1 is 6.133
2024-11-22T13:24:29,159 [ForkJoinPool.commonPool-worker-8] INFO  (RestUtility.java:88) - Time taken to load the large DNG module for BA AM-BU4 is 13.939
2024-11-22T13:49:36,062 [main] INFO  (DNGLoginUtility.java:53) - DNGLogin succesfull!
2024-11-22T13:49:36,460 [pool-3-thread-1] ERROR (RestUtility.java:52) - Unable to reach the DNG Module/View. Time taken to load the module is 0
2024-11-22T13:49:36,462 [main] INFO  (RestUtility.java:88) - Time taken to load the small DNG module for BA SAM (PSS)-BU5 is 0.0
2024-11-22T13:49:36,564 [ForkJoinPool.commonPool-worker-3] INFO  (DNGLoginUtility.java:53) - DNGLogin succesfull!
2024-11-22T13:49:36,945 [pool-4-thread-1] ERROR (RestUtility.java:52) - Unable to reach the DNG Module/View. Time taken to load the module is 0
2024-11-22T13:49:36,945 [pool-5-thread-1] ERROR (RestUtility.java:52) - Unable to reach the DNG Module/View. Time taken to load the module is 0
2024-11-22T13:49:36,946 [main] INFO  (RestUtility.java:88) - Time taken to load the large DNG module for BA SAM (PSS)-BU5 is 0.0
2024-11-22T13:49:36,946 [ForkJoinPool.commonPool-worker-3] INFO  (RestUtility.java:88) - Time taken to load the small DNG module for BA SAM (HBS)-BU3 is 0.0
2024-11-22T13:49:37,390 [ForkJoinPool.commonPool-worker-6] INFO  (DNGLoginUtility.java:53) - DNGLogin succesfull!
2024-11-22T13:49:37,510 [pool-6-thread-1] ERROR (RestUtility.java:52) - Unable to reach the DNG Module/View. Time taken to load the module is 0
2024-11-22T13:49:37,511 [ForkJoinPool.commonPool-worker-3] INFO  (RestUtility.java:88) - Time taken to load the large DNG module for BA SAM (HBS)-BU3 is 0.0
2024-11-22T13:49:37,778 [pool-7-thread-1] ERROR (RestUtility.java:52) - Unable to reach the DNG Module/View. Time taken to load the module is 0
2024-11-22T13:49:37,779 [ForkJoinPool.commonPool-worker-6] INFO  (RestUtility.java:88) - Time taken to load the small DNG module for BA BA6 is 0.0
2024-11-22T13:49:38,293 [pool-8-thread-1] ERROR (RestUtility.java:52) - Unable to reach the DNG Module/View. Time taken to load the module is 0
2024-11-22T13:49:38,294 [ForkJoinPool.commonPool-worker-6] INFO  (RestUtility.java:88) - Time taken to load the large DNG module for BA BA6 is 0.0
2024-11-22T13:49:38,933 [ForkJoinPool.commonPool-worker-7] INFO  (DNGLoginUtility.java:53) - DNGLogin succesfull!
2024-11-22T13:49:39,183 [ForkJoinPool.commonPool-worker-1] INFO  (DNGLoginUtility.java:53) - DNGLogin succesfull!
2024-11-22T13:49:39,304 [pool-9-thread-1] ERROR (RestUtility.java:52) - Unable to reach the DNG Module/View. Time taken to load the module is 0
2024-11-22T13:49:39,304 [ForkJoinPool.commonPool-worker-7] INFO  (RestUtility.java:88) - Time taken to load the small DNG module for BA BA8 is 0.0
2024-11-22T13:49:39,416 [ForkJoinPool.commonPool-worker-8] INFO  (DNGLoginUtility.java:53) - DNGLogin succesfull!
2024-11-22T13:49:39,583 [pool-11-thread-1] ERROR (RestUtility.java:52) - Unable to reach the DNG Module/View. Time taken to load the module is 0
2024-11-22T13:49:39,583 [ForkJoinPool.commonPool-worker-1] INFO  (RestUtility.java:88) - Time taken to load the small DNG module for BA SAM (VED)-BU2 is 0.0
2024-11-22T13:49:39,779 [pool-13-thread-1] ERROR (RestUtility.java:52) - Unable to reach the DNG Module/View. Time taken to load the module is 0
2024-11-22T13:49:39,780 [ForkJoinPool.commonPool-worker-8] INFO  (RestUtility.java:88) - Time taken to load the small DNG module for BA AM-BU4 is 0.0
2024-11-22T13:49:39,849 [pool-10-thread-1] ERROR (RestUtility.java:52) - Unable to reach the DNG Module/View. Time taken to load the module is 0
2024-11-22T13:49:39,850 [ForkJoinPool.commonPool-worker-7] INFO  (RestUtility.java:88) - Time taken to load the large DNG module for BA BA8 is 0.0
2024-11-22T13:49:40,041 [ForkJoinPool.commonPool-worker-4] INFO  (DNGLoginUtility.java:53) - DNGLogin succesfull!
2024-11-22T13:49:40,122 [pool-12-thread-1] ERROR (RestUtility.java:52) - Unable to reach the DNG Module/View. Time taken to load the module is 0
2024-11-22T13:49:40,123 [ForkJoinPool.commonPool-worker-1] INFO  (RestUtility.java:88) - Time taken to load the large DNG module for BA SAM (VED)-BU2 is 0.0
2024-11-22T13:49:40,297 [pool-14-thread-1] ERROR (RestUtility.java:52) - Unable to reach the DNG Module/View. Time taken to load the module is 0
2024-11-22T13:49:40,297 [ForkJoinPool.commonPool-worker-2] INFO  (DNGLoginUtility.java:53) - DNGLogin succesfull!
2024-11-22T13:49:40,298 [ForkJoinPool.commonPool-worker-8] INFO  (RestUtility.java:88) - Time taken to load the large DNG module for BA AM-BU4 is 0.0
2024-11-22T13:49:40,358 [ForkJoinPool.commonPool-worker-5] INFO  (DNGLoginUtility.java:53) - DNGLogin succesfull!
2024-11-22T13:49:40,391 [pool-15-thread-1] ERROR (RestUtility.java:52) - Unable to reach the DNG Module/View. Time taken to load the module is 0
2024-11-22T13:49:40,392 [ForkJoinPool.commonPool-worker-4] INFO  (RestUtility.java:88) - Time taken to load the small DNG module for BA BA7 is 0.0
2024-11-22T13:49:40,638 [pool-17-thread-1] ERROR (RestUtility.java:52) - Unable to reach the DNG Module/View. Time taken to load the module is 0
2024-11-22T13:49:40,639 [ForkJoinPool.commonPool-worker-2] INFO  (RestUtility.java:88) - Time taken to load the small DNG module for BA AN-BU1 is 0.0
2024-11-22T13:49:40,731 [pool-18-thread-1] ERROR (RestUtility.java:52) - Unable to reach the DNG Module/View. Time taken to load the module is 0
2024-11-22T13:49:40,731 [ForkJoinPool.commonPool-worker-5] INFO  (RestUtility.java:88) - Time taken to load the small DNG module for BA Rmfed is 0.0
2024-11-22T13:49:40,877 [pool-16-thread-1] ERROR (RestUtility.java:52) - Unable to reach the DNG Module/View. Time taken to load the module is 0
2024-11-22T13:49:40,878 [ForkJoinPool.commonPool-worker-4] INFO  (RestUtility.java:88) - Time taken to load the large DNG module for BA BA7 is 0.0
2024-11-22T13:49:41,115 [pool-19-thread-1] ERROR (RestUtility.java:52) - Unable to reach the DNG Module/View. Time taken to load the module is 0
2024-11-22T13:49:41,116 [ForkJoinPool.commonPool-worker-2] INFO  (RestUtility.java:88) - Time taken to load the large DNG module for BA AN-BU1 is 0.0
2024-11-22T13:49:41,221 [pool-20-thread-1] ERROR (RestUtility.java:52) - Unable to reach the DNG Module/View. Time taken to load the module is 0
2024-11-22T13:49:41,222 [ForkJoinPool.commonPool-worker-5] INFO  (RestUtility.java:88) - Time taken to load the large DNG module for BA Rmfed is 0.0
2024-11-22T13:50:41,126 [ForkJoinPool.commonPool-worker-6] INFO  (DNGLoginUtility.java:53) - DNGLogin succesfull!
2024-11-22T13:50:41,562 [pool-3-thread-1] ERROR (RestUtility.java:52) - Unable to reach the DNG Module/View. Time taken to load the module is 0
2024-11-22T13:50:41,564 [ForkJoinPool.commonPool-worker-6] INFO  (RestUtility.java:88) - Time taken to load the small DNG module for BA BA6 is 0.0
2024-11-22T13:50:42,107 [pool-4-thread-1] ERROR (RestUtility.java:52) - Unable to reach the DNG Module/View. Time taken to load the module is 0
2024-11-22T13:50:42,108 [ForkJoinPool.commonPool-worker-6] INFO  (RestUtility.java:88) - Time taken to load the large DNG module for BA BA6 is 0.0
2024-11-22T13:50:42,534 [ForkJoinPool.commonPool-worker-7] INFO  (DNGLoginUtility.java:53) - DNGLogin succesfull!
2024-11-22T13:50:42,618 [ForkJoinPool.commonPool-worker-4] INFO  (DNGLoginUtility.java:53) - DNGLogin succesfull!
2024-11-22T13:50:42,912 [pool-5-thread-1] ERROR (RestUtility.java:52) - Unable to reach the DNG Module/View. Time taken to load the module is 0
2024-11-22T13:50:42,913 [ForkJoinPool.commonPool-worker-7] INFO  (RestUtility.java:88) - Time taken to load the small DNG module for BA BA8 is 0.0
2024-11-22T13:50:42,961 [pool-6-thread-1] ERROR (RestUtility.java:52) - Unable to reach the DNG Module/View. Time taken to load the module is 0
2024-11-22T13:50:42,962 [ForkJoinPool.commonPool-worker-4] INFO  (RestUtility.java:88) - Time taken to load the small DNG module for BA BA7 is 0.0
2024-11-22T13:50:43,425 [pool-7-thread-1] ERROR (RestUtility.java:52) - Unable to reach the DNG Module/View. Time taken to load the module is 0
2024-11-22T13:50:43,426 [ForkJoinPool.commonPool-worker-7] INFO  (RestUtility.java:88) - Time taken to load the large DNG module for BA BA8 is 0.0
2024-11-22T13:50:43,526 [pool-8-thread-1] ERROR (RestUtility.java:52) - Unable to reach the DNG Module/View. Time taken to load the module is 0
2024-11-22T13:50:43,526 [ForkJoinPool.commonPool-worker-4] INFO  (RestUtility.java:88) - Time taken to load the large DNG module for BA BA7 is 0.0
2024-11-22T13:50:44,031 [ForkJoinPool.commonPool-worker-8] INFO  (DNGLoginUtility.java:53) - DNGLogin succesfull!
2024-11-22T13:50:44,456 [pool-9-thread-1] ERROR (RestUtility.java:52) - Unable to reach the DNG Module/View. Time taken to load the module is 0
2024-11-22T13:50:44,457 [ForkJoinPool.commonPool-worker-8] INFO  (RestUtility.java:88) - Time taken to load the small DNG module for BA AM-BU4 is 0.0
2024-11-22T13:50:44,503 [main] INFO  (DNGLoginUtility.java:53) - DNGLogin succesfull!
2024-11-22T13:50:44,702 [ForkJoinPool.commonPool-worker-2] INFO  (DNGLoginUtility.java:53) - DNGLogin succesfull!
2024-11-22T13:50:44,711 [ForkJoinPool.commonPool-worker-5] INFO  (DNGLoginUtility.java:53) - DNGLogin succesfull!
2024-11-22T13:50:44,866 [pool-11-thread-1] ERROR (RestUtility.java:52) - Unable to reach the DNG Module/View. Time taken to load the module is 0
2024-11-22T13:50:44,867 [main] INFO  (RestUtility.java:88) - Time taken to load the small DNG module for BA SAM (PSS)-BU5 is 0.0
2024-11-22T13:50:44,975 [pool-10-thread-1] ERROR (RestUtility.java:52) - Unable to reach the DNG Module/View. Time taken to load the module is 0
2024-11-22T13:50:44,976 [ForkJoinPool.commonPool-worker-8] INFO  (RestUtility.java:88) - Time taken to load the large DNG module for BA AM-BU4 is 0.0
2024-11-22T13:50:45,048 [pool-13-thread-1] ERROR (RestUtility.java:52) - Unable to reach the DNG Module/View. Time taken to load the module is 0
2024-11-22T13:50:45,049 [ForkJoinPool.commonPool-worker-2] INFO  (RestUtility.java:88) - Time taken to load the small DNG module for BA AN-BU1 is 0.0
2024-11-22T13:50:45,112 [pool-14-thread-1] ERROR (RestUtility.java:52) - Unable to reach the DNG Module/View. Time taken to load the module is 0
2024-11-22T13:50:45,113 [ForkJoinPool.commonPool-worker-5] INFO  (RestUtility.java:88) - Time taken to load the small DNG module for BA Rmfed is 0.0
2024-11-22T13:50:45,192 [ForkJoinPool.commonPool-worker-1] INFO  (DNGLoginUtility.java:53) - DNGLogin succesfull!
2024-11-22T13:50:45,423 [pool-12-thread-1] ERROR (RestUtility.java:52) - Unable to reach the DNG Module/View. Time taken to load the module is 0
2024-11-22T13:50:45,425 [main] INFO  (RestUtility.java:88) - Time taken to load the large DNG module for BA SAM (PSS)-BU5 is 0.0
2024-11-22T13:50:45,570 [pool-15-thread-1] ERROR (RestUtility.java:52) - Unable to reach the DNG Module/View. Time taken to load the module is 0
2024-11-22T13:50:45,570 [ForkJoinPool.commonPool-worker-2] INFO  (RestUtility.java:88) - Time taken to load the large DNG module for BA AN-BU1 is 0.0
2024-11-22T13:50:45,571 [pool-17-thread-1] ERROR (RestUtility.java:52) - Unable to reach the DNG Module/View. Time taken to load the module is 0
2024-11-22T13:50:45,571 [ForkJoinPool.commonPool-worker-1] INFO  (RestUtility.java:88) - Time taken to load the small DNG module for BA SAM (VED)-BU2 is 0.0
2024-11-22T13:50:45,606 [pool-16-thread-1] ERROR (RestUtility.java:52) - Unable to reach the DNG Module/View. Time taken to load the module is 0
2024-11-22T13:50:45,607 [ForkJoinPool.commonPool-worker-5] INFO  (RestUtility.java:88) - Time taken to load the large DNG module for BA Rmfed is 0.0
2024-11-22T13:50:46,098 [pool-18-thread-1] ERROR (RestUtility.java:52) - Unable to reach the DNG Module/View. Time taken to load the module is 0
2024-11-22T13:50:46,099 [ForkJoinPool.commonPool-worker-1] INFO  (RestUtility.java:88) - Time taken to load the large DNG module for BA SAM (VED)-BU2 is 0.0
2024-11-22T13:50:48,083 [ForkJoinPool.commonPool-worker-3] INFO  (DNGLoginUtility.java:53) - DNGLogin succesfull!
2024-11-22T13:50:48,556 [pool-19-thread-1] ERROR (RestUtility.java:52) - Unable to reach the DNG Module/View. Time taken to load the module is 0
2024-11-22T13:50:48,557 [ForkJoinPool.commonPool-worker-3] INFO  (RestUtility.java:88) - Time taken to load the small DNG module for BA SAM (HBS)-BU3 is 0.0
2024-11-22T13:50:49,041 [pool-20-thread-1] ERROR (RestUtility.java:52) - Unable to reach the DNG Module/View. Time taken to load the module is 0
2024-11-22T13:50:49,042 [ForkJoinPool.commonPool-worker-3] INFO  (RestUtility.java:88) - Time taken to load the large DNG module for BA SAM (HBS)-BU3 is 0.0
2024-11-22T13:51:25,212 [main] INFO  (DNGLoginUtility.java:53) - DNGLogin succesfull!
2024-11-22T13:54:59,649 [main] INFO  (DNGLoginUtility.java:53) - DNGLogin succesfull!
2024-11-22T13:55:27,099 [ForkJoinPool.commonPool-worker-3] INFO  (DNGLoginUtility.java:53) - DNGLogin succesfull!
2024-11-22T13:56:02,856 [main] INFO  (DNGLoginUtility.java:53) - DNGLogin succesfull!
2024-11-22T13:59:25,848 [main] INFO  (DNGLoginUtility.java:53) - DNGLogin succesfull!
2024-11-22T14:07:46,062 [main] ERROR (RestUtility.java:93) - Module not loading due to performance issue. Time taken to load the module for BARmfed is more than 500 secs
2024-11-22T15:04:57,325 [main] INFO  (DNGLoginUtility.java:53) - DNGLogin succesfull!
2024-11-22T15:04:58,758 [main] INFO  (RestUtility.java:88) - Time taken to load the small DNG module for BA Rmfed is 1.127
2024-11-22T15:05:03,159 [main] INFO  (RestUtility.java:88) - Time taken to load the large DNG module for BA Rmfed is 4.398
