2025-07-29T11:32:36,834 [Thread-0] INFO  (DNGLoginUtility.java:50) - DNGLogin successful for the project BU4_Playground_SYS_RM
2025-07-29T11:32:42,542 [Thread-0] INFO  (RestUtility.java:466) - baseline test_new_6 has been created for the project BU4_Playground_SYS_RM,Weird_20250429090822937
2025-07-29T11:32:42,543 [Thread-0] INFO  (AddSupplierArtifactApplication.java:87) - Baseline created successfully for project: BU4_Playground_SYS_RM
2025-07-29T11:32:52,677 [Thread-0] INFO  (AddSupplierArtifactApplication.java:180) - Added Supplier_test_6 artifact in the Weird_20250429090822937
2025-07-29T11:32:55,452 [Thread-0] INFO  (RestUtility.java:550) - Updated content placed into module: Stakeholder for stream: Weird_20250429090822937
2025-07-29T11:32:55,453 [Thread-0] INFO  (AddSupplierArtifactApplication.java:200) - Added Supplier_test_6 artifact in the Weird_20250429090822937
2025-07-29T11:32:55,749 [Thread-0] ERROR (AddSupplierArtifactApplication.java:223) - [WARN] Rename_Source_Value (Stakeholder) not found. Skipping...Weird_20250429090822937
2025-07-29T11:32:55,959 [Thread-0] ERROR (AddSupplierArtifactApplication.java:223) - [WARN] Rename_Source_Value (Stakeholder) not found. Skipping...Weird_20250429090822937
2025-07-29T11:33:02,749 [Thread-0] INFO  (AddSupplierArtifactApplication.java:126) - Successfully delivered changeset: Weird_20250429090822937
2025-07-29T11:33:02,750 [Thread-0] INFO  (AddSupplierArtifactApplication.java:132) - Execution completed for Weird_20250429090822937
2025-07-29T11:52:15,492 [Thread-0] INFO  (DNGLoginUtility.java:50) - DNGLogin successful for the project ADCU_L2_RM
2025-07-29T11:52:19,638 [Thread-0] INFO  (RestUtility.java:466) - baseline test_new_7 has been created for the project ADCU_L2_RM,ADCU_L2_updateADCU_RM_ADC590
2025-07-29T11:52:19,639 [Thread-0] INFO  (AddSupplierArtifactApplication.java:96) - Baseline created successfully for project: ADCU_L2_RM
2025-07-29T11:52:27,108 [Thread-0] INFO  (AddSupplierArtifactApplication.java:182) - Added Supplier_new_7 artifact in the ADCU_L2_updateADCU_RM_ADC590
2025-07-29T11:52:29,254 [Thread-0] INFO  (RestUtility.java:550) - Updated content placed into module: Stakeholder for stream: ADCU_L2_updateADCU_RM_ADC590
2025-07-29T11:52:29,254 [Thread-0] INFO  (AddSupplierArtifactApplication.java:192) - Added Supplier_new_7 artifact in the ADCU_L2_updateADCU_RM_ADC590
2025-07-29T11:52:29,509 [Thread-0] ERROR (AddSupplierArtifactApplication.java:218) - [WARN] Rename_Source_Value (Stakeholder) not found. Skipping...ADCU_L2_updateADCU_RM_ADC590
2025-07-29T11:52:29,729 [Thread-0] ERROR (AddSupplierArtifactApplication.java:218) - [WARN] Rename_Source_Value (Stakeholder) not found. Skipping...ADCU_L2_updateADCU_RM_ADC590
2025-07-29T11:52:35,813 [Thread-0] INFO  (AddSupplierArtifactApplication.java:136) - Successfully delivered changeset: ADCU_L2_updateADCU_RM_ADC590
2025-07-29T11:52:35,814 [Thread-0] INFO  (AddSupplierArtifactApplication.java:142) - Execution completed for ADCU_L2_updateADCU_RM_ADC590
2025-07-29T11:52:38,883 [Thread-0] INFO  (DNGLoginUtility.java:50) - DNGLogin successful for the project ADCU_L2_RM
2025-07-29T11:52:42,058 [Thread-0] INFO  (RestUtility.java:466) - baseline test_new_7 has been created for the project ADCU_L2_RM,ADCU_L2_updateADCU_RM_Generic
2025-07-29T11:52:42,059 [Thread-0] INFO  (AddSupplierArtifactApplication.java:96) - Baseline created successfully for project: ADCU_L2_RM
2025-07-29T11:52:48,714 [Thread-0] INFO  (AddSupplierArtifactApplication.java:182) - Added Supplier_new_7 artifact in the ADCU_L2_updateADCU_RM_Generic
2025-07-29T11:52:50,972 [Thread-0] INFO  (RestUtility.java:550) - Updated content placed into module: Stakeholder for stream: ADCU_L2_updateADCU_RM_Generic
2025-07-29T11:52:50,973 [Thread-0] INFO  (AddSupplierArtifactApplication.java:192) - Added Supplier_new_7 artifact in the ADCU_L2_updateADCU_RM_Generic
2025-07-29T11:52:51,278 [Thread-0] ERROR (AddSupplierArtifactApplication.java:218) - [WARN] Rename_Source_Value (Stakeholder) not found. Skipping...ADCU_L2_updateADCU_RM_Generic
2025-07-29T11:52:51,480 [Thread-0] ERROR (AddSupplierArtifactApplication.java:218) - [WARN] Rename_Source_Value (Stakeholder) not found. Skipping...ADCU_L2_updateADCU_RM_Generic
2025-07-29T11:52:57,729 [Thread-0] INFO  (AddSupplierArtifactApplication.java:136) - Successfully delivered changeset: ADCU_L2_updateADCU_RM_Generic
2025-07-29T11:52:57,730 [Thread-0] INFO  (AddSupplierArtifactApplication.java:142) - Execution completed for ADCU_L2_updateADCU_RM_Generic
2025-07-29T11:53:00,489 [Thread-0] INFO  (DNGLoginUtility.java:50) - DNGLogin successful for the project ADCU_L2_RM
2025-07-29T11:53:03,664 [Thread-0] INFO  (RestUtility.java:466) - baseline test_new_7 has been created for the project ADCU_L2_RM,ADCU_L2_MT_RM_Generic
2025-07-29T11:53:03,664 [Thread-0] INFO  (AddSupplierArtifactApplication.java:96) - Baseline created successfully for project: ADCU_L2_RM
2025-07-29T11:53:10,195 [Thread-0] INFO  (AddSupplierArtifactApplication.java:182) - Added Supplier_new_7 artifact in the ADCU_L2_MT_RM_Generic
2025-07-29T11:53:13,804 [Thread-0] INFO  (RestUtility.java:550) - Updated content placed into module: Stakeholder for stream: ADCU_L2_MT_RM_Generic
2025-07-29T11:53:13,805 [Thread-0] INFO  (AddSupplierArtifactApplication.java:192) - Added Supplier_new_7 artifact in the ADCU_L2_MT_RM_Generic
2025-07-29T11:53:14,009 [Thread-0] ERROR (AddSupplierArtifactApplication.java:218) - [WARN] Rename_Source_Value (Stakeholder) not found. Skipping...ADCU_L2_MT_RM_Generic
2025-07-29T11:53:14,186 [Thread-0] ERROR (AddSupplierArtifactApplication.java:218) - [WARN] Rename_Source_Value (Stakeholder) not found. Skipping...ADCU_L2_MT_RM_Generic
2025-07-29T11:53:20,778 [Thread-0] INFO  (AddSupplierArtifactApplication.java:136) - Successfully delivered changeset: ADCU_L2_MT_RM_Generic
2025-07-29T11:53:20,778 [Thread-0] INFO  (AddSupplierArtifactApplication.java:142) - Execution completed for ADCU_L2_MT_RM_Generic
2025-07-29T11:53:23,940 [Thread-0] INFO  (DNGLoginUtility.java:50) - DNGLogin successful for the project BU4_Playground_SYS_RM
2025-07-29T11:53:27,115 [Thread-0] INFO  (RestUtility.java:466) - baseline test_new_7 has been created for the project BU4_Playground_SYS_RM,Weird_20250429090822937
2025-07-29T11:53:27,116 [Thread-0] INFO  (AddSupplierArtifactApplication.java:96) - Baseline created successfully for project: BU4_Playground_SYS_RM
2025-07-29T11:53:33,830 [Thread-0] INFO  (AddSupplierArtifactApplication.java:182) - Added Supplier_new_7 artifact in the Weird_20250429090822937
2025-07-29T11:53:35,822 [Thread-0] INFO  (RestUtility.java:550) - Updated content placed into module: Stakeholder for stream: Weird_20250429090822937
2025-07-29T11:53:35,823 [Thread-0] INFO  (AddSupplierArtifactApplication.java:192) - Added Supplier_new_7 artifact in the Weird_20250429090822937
2025-07-29T11:53:36,033 [Thread-0] ERROR (AddSupplierArtifactApplication.java:218) - [WARN] Rename_Source_Value (Stakeholder) not found. Skipping...Weird_20250429090822937
2025-07-29T11:53:36,337 [Thread-0] ERROR (AddSupplierArtifactApplication.java:218) - [WARN] Rename_Source_Value (Stakeholder) not found. Skipping...Weird_20250429090822937
2025-07-29T11:53:42,378 [Thread-0] INFO  (AddSupplierArtifactApplication.java:136) - Successfully delivered changeset: Weird_20250429090822937
2025-07-29T11:53:42,379 [Thread-0] INFO  (AddSupplierArtifactApplication.java:142) - Execution completed for Weird_20250429090822937
2025-07-29T12:47:18,889 [Thread-0] INFO  (DNGLoginUtility.java:50) - DNGLogin successful for the project ADCU_L2_RM
2025-07-29T12:47:23,076 [Thread-0] INFO  (RestUtility.java:466) - baseline test_new_8 has been created for the project ADCU_L2_RM,ADCU_L2_updateADCU_RM_ADC590
2025-07-29T12:47:23,077 [Thread-0] INFO  (AddSupplierArtifactApplication.java:92) - Baseline created successfully for project: ADCU_L2_RM
2025-07-29T12:47:28,894 [Thread-0] INFO  (AddSupplierArtifactApplication.java:173) - Added Supplier_new_8 artifact in the ADCU_L2_updateADCU_RM_ADC590
2025-07-29T12:47:30,964 [Thread-0] INFO  (RestUtility.java:550) - Updated content placed into module: Stakeholder for stream: ADCU_L2_updateADCU_RM_ADC590
2025-07-29T12:47:30,965 [Thread-0] INFO  (AddSupplierArtifactApplication.java:182) - Added Supplier_new_8 artifact in the ADCU_L2_updateADCU_RM_ADC590
2025-07-29T12:47:31,209 [Thread-0] ERROR (AddSupplierArtifactApplication.java:207) - [WARN] Rename_Source_Value not found. Skipping...ADCU_L2_updateADCU_RM_ADC590
2025-07-29T12:47:31,469 [Thread-0] ERROR (AddSupplierArtifactApplication.java:207) - [WARN] Rename_Source_Value not found. Skipping...ADCU_L2_updateADCU_RM_ADC590
2025-07-29T12:47:37,523 [Thread-0] INFO  (AddSupplierArtifactApplication.java:128) - Successfully delivered changeset: ADCU_L2_updateADCU_RM_ADC590
2025-07-29T12:47:37,524 [Thread-0] INFO  (AddSupplierArtifactApplication.java:134) - Execution completed for ADCU_L2_updateADCU_RM_ADC590
2025-07-29T12:47:40,685 [Thread-0] INFO  (DNGLoginUtility.java:50) - DNGLogin successful for the project ADCU_L2_RM
2025-07-29T12:47:44,167 [Thread-0] INFO  (RestUtility.java:466) - baseline test_new_8 has been created for the project ADCU_L2_RM,ADCU_L2_updateADCU_RM_Generic
2025-07-29T12:47:44,167 [Thread-0] INFO  (AddSupplierArtifactApplication.java:92) - Baseline created successfully for project: ADCU_L2_RM
2025-07-29T12:47:52,974 [Thread-0] INFO  (AddSupplierArtifactApplication.java:173) - Added Supplier_new_8 artifact in the ADCU_L2_updateADCU_RM_Generic
2025-07-29T12:47:55,237 [Thread-0] INFO  (RestUtility.java:550) - Updated content placed into module: Stakeholder for stream: ADCU_L2_updateADCU_RM_Generic
2025-07-29T12:47:55,239 [Thread-0] INFO  (AddSupplierArtifactApplication.java:182) - Added Supplier_new_8 artifact in the ADCU_L2_updateADCU_RM_Generic
2025-07-29T12:47:55,537 [Thread-0] ERROR (AddSupplierArtifactApplication.java:207) - [WARN] Rename_Source_Value not found. Skipping...ADCU_L2_updateADCU_RM_Generic
2025-07-29T12:47:55,744 [Thread-0] ERROR (AddSupplierArtifactApplication.java:207) - [WARN] Rename_Source_Value not found. Skipping...ADCU_L2_updateADCU_RM_Generic
2025-07-29T12:48:01,885 [Thread-0] INFO  (AddSupplierArtifactApplication.java:128) - Successfully delivered changeset: ADCU_L2_updateADCU_RM_Generic
2025-07-29T12:48:01,886 [Thread-0] INFO  (AddSupplierArtifactApplication.java:134) - Execution completed for ADCU_L2_updateADCU_RM_Generic
2025-07-29T12:48:04,823 [Thread-0] INFO  (DNGLoginUtility.java:50) - DNGLogin successful for the project ADCU_L2_RM
2025-07-29T12:48:08,845 [Thread-0] INFO  (RestUtility.java:466) - baseline test_new_8 has been created for the project ADCU_L2_RM,ADCU_L2_MT_RM_Generic
2025-07-29T12:48:08,846 [Thread-0] INFO  (AddSupplierArtifactApplication.java:92) - Baseline created successfully for project: ADCU_L2_RM
2025-07-29T12:48:16,952 [Thread-0] INFO  (AddSupplierArtifactApplication.java:173) - Added Supplier_new_8 artifact in the ADCU_L2_MT_RM_Generic
2025-07-29T12:48:18,987 [Thread-0] INFO  (RestUtility.java:550) - Updated content placed into module: Stakeholder for stream: ADCU_L2_MT_RM_Generic
2025-07-29T12:48:18,988 [Thread-0] INFO  (AddSupplierArtifactApplication.java:182) - Added Supplier_new_8 artifact in the ADCU_L2_MT_RM_Generic
2025-07-29T12:48:19,169 [Thread-0] ERROR (AddSupplierArtifactApplication.java:207) - [WARN] Rename_Source_Value not found. Skipping...ADCU_L2_MT_RM_Generic
2025-07-29T12:48:19,399 [Thread-0] ERROR (AddSupplierArtifactApplication.java:207) - [WARN] Rename_Source_Value not found. Skipping...ADCU_L2_MT_RM_Generic
2025-07-29T12:48:25,746 [Thread-0] INFO  (AddSupplierArtifactApplication.java:128) - Successfully delivered changeset: ADCU_L2_MT_RM_Generic
2025-07-29T12:48:25,746 [Thread-0] INFO  (AddSupplierArtifactApplication.java:134) - Execution completed for ADCU_L2_MT_RM_Generic
2025-07-29T12:48:28,607 [Thread-0] INFO  (DNGLoginUtility.java:50) - DNGLogin successful for the project BU4_Playground_SYS_RM
2025-07-29T12:48:31,577 [Thread-0] INFO  (RestUtility.java:466) - baseline test_new_8 has been created for the project BU4_Playground_SYS_RM,Weird_20250429090822937
2025-07-29T12:48:31,577 [Thread-0] INFO  (AddSupplierArtifactApplication.java:92) - Baseline created successfully for project: BU4_Playground_SYS_RM
2025-07-29T12:48:39,526 [Thread-0] INFO  (AddSupplierArtifactApplication.java:173) - Added Supplier_new_8 artifact in the Weird_20250429090822937
2025-07-29T12:48:41,512 [Thread-0] INFO  (RestUtility.java:550) - Updated content placed into module: Stakeholder for stream: Weird_20250429090822937
2025-07-29T12:48:41,513 [Thread-0] INFO  (AddSupplierArtifactApplication.java:182) - Added Supplier_new_8 artifact in the Weird_20250429090822937
2025-07-29T12:48:41,716 [Thread-0] ERROR (AddSupplierArtifactApplication.java:207) - [WARN] Rename_Source_Value not found. Skipping...Weird_20250429090822937
2025-07-29T12:48:41,952 [Thread-0] ERROR (AddSupplierArtifactApplication.java:207) - [WARN] Rename_Source_Value not found. Skipping...Weird_20250429090822937
2025-07-29T12:48:48,067 [Thread-0] INFO  (AddSupplierArtifactApplication.java:128) - Successfully delivered changeset: Weird_20250429090822937
2025-07-29T12:48:48,067 [Thread-0] INFO  (AddSupplierArtifactApplication.java:134) - Execution completed for Weird_20250429090822937
2025-07-29T14:28:58,371 [Thread-0] INFO  (DNGLoginUtility.java:50) - DNGLogin successful for the project ADCU_L2_RM
2025-07-29T14:29:01,996 [Thread-0] INFO  (RestUtility.java:466) - baseline test_new_9 has been created for the project ADCU_L2_RM,ADCU_L2_updateADCU_RM_ADC590
2025-07-29T14:29:01,996 [Thread-0] INFO  (AddSupplierArtifactApplication.java:92) - Baseline created successfully for project: ADCU_L2_RM
2025-07-29T14:29:09,157 [Thread-0] INFO  (AddSupplierArtifactApplication.java:173) - Added Supplier_new_9 artifact in the ADCU_L2_updateADCU_RM_ADC590
2025-07-29T14:29:11,037 [Thread-0] INFO  (RestUtility.java:550) - Updated content placed into module: Stakeholder for stream: ADCU_L2_updateADCU_RM_ADC590
2025-07-29T14:29:11,037 [Thread-0] INFO  (AddSupplierArtifactApplication.java:182) - Added Supplier_new_9 artifact in the ADCU_L2_updateADCU_RM_ADC590
2025-07-29T14:29:11,228 [Thread-0] ERROR (AddSupplierArtifactApplication.java:207) - [WARN] Rename_Source_Value not found. Skipping...ADCU_L2_updateADCU_RM_ADC590
2025-07-29T14:29:11,403 [Thread-0] ERROR (AddSupplierArtifactApplication.java:207) - [WARN] Rename_Source_Value not found. Skipping...ADCU_L2_updateADCU_RM_ADC590
2025-07-29T14:29:16,761 [Thread-0] INFO  (AddSupplierArtifactApplication.java:128) - Successfully delivered changeset: ADCU_L2_updateADCU_RM_ADC590
2025-07-29T14:29:16,761 [Thread-0] INFO  (AddSupplierArtifactApplication.java:134) - Execution completed for ADCU_L2_updateADCU_RM_ADC590
2025-07-29T14:29:19,146 [Thread-0] INFO  (DNGLoginUtility.java:50) - DNGLogin successful for the project ADCU_L2_RM
2025-07-29T14:29:21,812 [Thread-0] INFO  (RestUtility.java:466) - baseline test_new_9 has been created for the project ADCU_L2_RM,ADCU_L2_updateADCU_RM_Generic
2025-07-29T14:29:21,813 [Thread-0] INFO  (AddSupplierArtifactApplication.java:92) - Baseline created successfully for project: ADCU_L2_RM
2025-07-29T14:29:27,659 [Thread-0] INFO  (AddSupplierArtifactApplication.java:173) - Added Supplier_new_9 artifact in the ADCU_L2_updateADCU_RM_Generic
2025-07-29T14:29:29,575 [Thread-0] INFO  (RestUtility.java:550) - Updated content placed into module: Stakeholder for stream: ADCU_L2_updateADCU_RM_Generic
2025-07-29T14:29:29,575 [Thread-0] INFO  (AddSupplierArtifactApplication.java:182) - Added Supplier_new_9 artifact in the ADCU_L2_updateADCU_RM_Generic
2025-07-29T14:29:29,809 [Thread-0] ERROR (AddSupplierArtifactApplication.java:207) - [WARN] Rename_Source_Value not found. Skipping...ADCU_L2_updateADCU_RM_Generic
2025-07-29T14:29:29,982 [Thread-0] ERROR (AddSupplierArtifactApplication.java:207) - [WARN] Rename_Source_Value not found. Skipping...ADCU_L2_updateADCU_RM_Generic
2025-07-29T14:29:35,196 [Thread-0] INFO  (AddSupplierArtifactApplication.java:128) - Successfully delivered changeset: ADCU_L2_updateADCU_RM_Generic
2025-07-29T14:29:35,196 [Thread-0] INFO  (AddSupplierArtifactApplication.java:134) - Execution completed for ADCU_L2_updateADCU_RM_Generic
2025-07-29T14:29:37,597 [Thread-0] INFO  (DNGLoginUtility.java:50) - DNGLogin successful for the project ADCU_L2_RM
2025-07-29T14:29:40,129 [Thread-0] INFO  (RestUtility.java:466) - baseline test_new_9 has been created for the project ADCU_L2_RM,ADCU_L2_MT_RM_Generic
2025-07-29T14:29:40,129 [Thread-0] INFO  (AddSupplierArtifactApplication.java:92) - Baseline created successfully for project: ADCU_L2_RM
2025-07-29T14:29:46,552 [Thread-0] INFO  (AddSupplierArtifactApplication.java:173) - Added Supplier_new_9 artifact in the ADCU_L2_MT_RM_Generic
2025-07-29T14:29:48,446 [Thread-0] INFO  (RestUtility.java:550) - Updated content placed into module: Stakeholder for stream: ADCU_L2_MT_RM_Generic
2025-07-29T14:29:48,447 [Thread-0] INFO  (AddSupplierArtifactApplication.java:182) - Added Supplier_new_9 artifact in the ADCU_L2_MT_RM_Generic
2025-07-29T14:29:48,621 [Thread-0] ERROR (AddSupplierArtifactApplication.java:207) - [WARN] Rename_Source_Value not found. Skipping...ADCU_L2_MT_RM_Generic
2025-07-29T14:29:48,793 [Thread-0] ERROR (AddSupplierArtifactApplication.java:207) - [WARN] Rename_Source_Value not found. Skipping...ADCU_L2_MT_RM_Generic
2025-07-29T14:29:54,021 [Thread-0] INFO  (AddSupplierArtifactApplication.java:128) - Successfully delivered changeset: ADCU_L2_MT_RM_Generic
2025-07-29T14:29:54,021 [Thread-0] INFO  (AddSupplierArtifactApplication.java:134) - Execution completed for ADCU_L2_MT_RM_Generic
2025-07-29T14:29:56,354 [Thread-0] INFO  (DNGLoginUtility.java:50) - DNGLogin successful for the project BU4_Playground_SYS_RM
2025-07-29T14:29:58,911 [Thread-0] INFO  (RestUtility.java:466) - baseline test_new_9 has been created for the project BU4_Playground_SYS_RM,Weird_20250429090822937
2025-07-29T14:29:58,911 [Thread-0] INFO  (AddSupplierArtifactApplication.java:92) - Baseline created successfully for project: BU4_Playground_SYS_RM
2025-07-29T14:30:04,365 [Thread-0] INFO  (AddSupplierArtifactApplication.java:173) - Added Supplier_new_9 artifact in the Weird_20250429090822937
2025-07-29T14:30:06,281 [Thread-0] INFO  (RestUtility.java:550) - Updated content placed into module: Stakeholder for stream: Weird_20250429090822937
2025-07-29T14:30:06,282 [Thread-0] INFO  (AddSupplierArtifactApplication.java:182) - Added Supplier_new_9 artifact in the Weird_20250429090822937
2025-07-29T14:30:06,467 [Thread-0] ERROR (AddSupplierArtifactApplication.java:207) - [WARN] Rename_Source_Value not found. Skipping...Weird_20250429090822937
2025-07-29T14:30:06,708 [Thread-0] ERROR (AddSupplierArtifactApplication.java:207) - [WARN] Rename_Source_Value not found. Skipping...Weird_20250429090822937
2025-07-29T14:30:11,960 [Thread-0] INFO  (AddSupplierArtifactApplication.java:128) - Successfully delivered changeset: Weird_20250429090822937
2025-07-29T14:30:11,960 [Thread-0] INFO  (AddSupplierArtifactApplication.java:134) - Execution completed for Weird_20250429090822937
2025-07-29T14:35:23,075 [Thread-0] INFO  (DNGLoginUtility.java:50) - DNGLogin successful for the project ADCU_L2_RM
2025-07-29T14:35:28,453 [Thread-0] INFO  (RestUtility.java:466) - baseline test_new_10 has been created for the project ADCU_L2_RM,ADCU_L2_updateADCU_RM_ADC590
2025-07-29T14:35:28,454 [Thread-0] INFO  (AddSupplierArtifactApplication.java:92) - Baseline created successfully for project: ADCU_L2_RM
2025-07-29T14:41:36,801 [Thread-0] INFO  (AddSupplierArtifactApplication.java:173) - Added Supplier_new_10 artifact in the ADCU_L2_updateADCU_RM_ADC590
2025-07-29T14:42:19,692 [Thread-0] INFO  (RestUtility.java:550) - Updated content placed into module: Stakeholder for stream: ADCU_L2_updateADCU_RM_ADC590
2025-07-29T14:42:29,962 [Thread-0] INFO  (AddSupplierArtifactApplication.java:182) - Added Supplier_new_10 artifact in the ADCU_L2_updateADCU_RM_ADC590
2025-07-29T14:45:26,439 [Thread-0] ERROR (AddSupplierArtifactApplication.java:207) - Rename_Source_Value not found. Skipping...ADCU_L2_updateADCU_RM_ADC590
2025-07-29T14:45:32,726 [Thread-0] ERROR (AddSupplierArtifactApplication.java:207) - Rename_Source_Value not found. Skipping...ADCU_L2_updateADCU_RM_ADC590
2025-07-29T14:45:41,224 [Thread-0] INFO  (null:-1) - Successfully delivered changeset: ADCU_L2_updateADCU_RM_ADC590
2025-07-29T14:45:41,225 [Thread-0] INFO  (null:-1) - Execution completed for ADCU_L2_updateADCU_RM_ADC590
2025-07-29T14:45:44,536 [Thread-0] INFO  (DNGLoginUtility.java:50) - DNGLogin successful for the project ADCU_L2_RM
2025-07-29T14:45:49,781 [Thread-0] INFO  (RestUtility.java:466) - baseline test_new_10 has been created for the project ADCU_L2_RM,ADCU_L2_updateADCU_RM_Generic
2025-07-29T14:45:49,782 [Thread-0] INFO  (null:-1) - Baseline created successfully for project: ADCU_L2_RM
2025-07-29T14:46:54,555 [Thread-0] INFO  (AddSupplierArtifactApplication.java:173) - Added Supplier_new_10 artifact in the ADCU_L2_updateADCU_RM_Generic
2025-07-29T14:48:02,961 [Thread-0] INFO  (RestUtility.java:550) - Updated content placed into module: Stakeholder for stream: ADCU_L2_updateADCU_RM_Generic
2025-07-29T14:48:54,405 [Thread-0] INFO  (null:-1) - Added Supplier_new_10 artifact in the ADCU_L2_updateADCU_RM_Generic
2025-07-29T14:57:39,279 [Thread-0] INFO  (DNGLoginUtility.java:50) - DNGLogin successful for the project ADCU_L2_RM
2025-07-29T14:57:42,168 [Thread-0] INFO  (RestUtility.java:475) - baseline test_new_11 has been created for the project ADCU_L2_RM,ADCU_L2_updateADCU_RM_ADC590
2025-07-29T14:57:42,168 [Thread-0] INFO  (AddSupplierArtifactApplication.java:92) - Baseline created successfully for project: ADCU_L2_RM
2025-07-29T14:57:45,507 [Thread-0] INFO  (AddSupplierArtifactApplication.java:173) - Added Supplier_new_11 artifact in the ADCU_L2_updateADCU_RM_ADC590
2025-07-29T14:57:47,502 [Thread-0] INFO  (RestUtility.java:560) - Updated content placed into module: Stakeholder for stream: ADCU_L2_updateADCU_RM_ADC590
2025-07-29T14:57:47,503 [Thread-0] INFO  (AddSupplierArtifactApplication.java:182) - Added Supplier_new_11 artifact in the ADCU_L2_updateADCU_RM_ADC590
2025-07-29T14:57:50,671 [Thread-0] INFO  (AddSupplierArtifactApplication.java:212) - Rename completed as per mapping file in the ADCU_L2_updateADCU_RM_ADC590
2025-07-29T14:57:54,081 [Thread-0] INFO  (AddSupplierArtifactApplication.java:212) - Rename completed as per mapping file in the ADCU_L2_updateADCU_RM_ADC590
2025-07-29T14:58:00,328 [Thread-0] INFO  (AddSupplierArtifactApplication.java:128) - Successfully delivered changeset: ADCU_L2_updateADCU_RM_ADC590
2025-07-29T14:58:00,329 [Thread-0] INFO  (AddSupplierArtifactApplication.java:134) - Execution completed for ADCU_L2_updateADCU_RM_ADC590
2025-07-29T14:58:02,644 [Thread-0] INFO  (DNGLoginUtility.java:50) - DNGLogin successful for the project ADCU_L2_RM
2025-07-29T14:58:05,014 [Thread-0] INFO  (RestUtility.java:475) - baseline test_new_11 has been created for the project ADCU_L2_RM,ADCU_L2_updateADCU_RM_Generic
2025-07-29T14:58:05,015 [Thread-0] INFO  (AddSupplierArtifactApplication.java:92) - Baseline created successfully for project: ADCU_L2_RM
2025-07-29T14:58:08,185 [Thread-0] INFO  (AddSupplierArtifactApplication.java:173) - Added Supplier_new_11 artifact in the ADCU_L2_updateADCU_RM_Generic
2025-07-29T14:58:10,038 [Thread-0] INFO  (RestUtility.java:560) - Updated content placed into module: Stakeholder for stream: ADCU_L2_updateADCU_RM_Generic
2025-07-29T14:58:10,038 [Thread-0] INFO  (AddSupplierArtifactApplication.java:182) - Added Supplier_new_11 artifact in the ADCU_L2_updateADCU_RM_Generic
2025-07-29T14:58:12,380 [Thread-0] INFO  (AddSupplierArtifactApplication.java:212) - Rename completed as per mapping file in the ADCU_L2_updateADCU_RM_Generic
2025-07-29T14:58:15,656 [Thread-0] INFO  (AddSupplierArtifactApplication.java:212) - Rename completed as per mapping file in the ADCU_L2_updateADCU_RM_Generic
2025-07-29T14:58:21,929 [Thread-0] INFO  (AddSupplierArtifactApplication.java:128) - Successfully delivered changeset: ADCU_L2_updateADCU_RM_Generic
2025-07-29T14:58:21,929 [Thread-0] INFO  (AddSupplierArtifactApplication.java:134) - Execution completed for ADCU_L2_updateADCU_RM_Generic
2025-07-29T14:58:24,363 [Thread-0] INFO  (DNGLoginUtility.java:50) - DNGLogin successful for the project ADCU_L2_RM
2025-07-29T14:58:26,791 [Thread-0] INFO  (RestUtility.java:475) - baseline test_new_11 has been created for the project ADCU_L2_RM,ADCU_L2_MT_RM_Generic
2025-07-29T14:58:26,791 [Thread-0] INFO  (AddSupplierArtifactApplication.java:92) - Baseline created successfully for project: ADCU_L2_RM
2025-07-29T14:58:29,980 [Thread-0] INFO  (AddSupplierArtifactApplication.java:173) - Added Supplier_new_11 artifact in the ADCU_L2_MT_RM_Generic
2025-07-29T14:58:31,859 [Thread-0] INFO  (RestUtility.java:560) - Updated content placed into module: Stakeholder for stream: ADCU_L2_MT_RM_Generic
2025-07-29T14:58:31,859 [Thread-0] INFO  (AddSupplierArtifactApplication.java:182) - Added Supplier_new_11 artifact in the ADCU_L2_MT_RM_Generic
2025-07-29T14:58:49,785 [Thread-0] INFO  (AddSupplierArtifactApplication.java:212) - Rename completed as per mapping file in the ADCU_L2_MT_RM_Generic
2025-07-29T14:59:08,665 [Thread-0] INFO  (AddSupplierArtifactApplication.java:212) - Rename completed as per mapping file in the ADCU_L2_MT_RM_Generic
2025-07-29T14:59:14,925 [Thread-0] INFO  (AddSupplierArtifactApplication.java:128) - Successfully delivered changeset: ADCU_L2_MT_RM_Generic
2025-07-29T14:59:14,925 [Thread-0] INFO  (AddSupplierArtifactApplication.java:134) - Execution completed for ADCU_L2_MT_RM_Generic
2025-07-29T14:59:17,300 [Thread-0] INFO  (DNGLoginUtility.java:50) - DNGLogin successful for the project BU4_Playground_SYS_RM
2025-07-29T14:59:19,809 [Thread-0] INFO  (RestUtility.java:475) - baseline test_new_11 has been created for the project BU4_Playground_SYS_RM,Weird_20250429090822937
2025-07-29T14:59:19,809 [Thread-0] INFO  (AddSupplierArtifactApplication.java:92) - Baseline created successfully for project: BU4_Playground_SYS_RM
2025-07-29T14:59:23,643 [Thread-0] INFO  (AddSupplierArtifactApplication.java:173) - Added Supplier_new_11 artifact in the Weird_20250429090822937
2025-07-29T14:59:26,456 [Thread-0] INFO  (RestUtility.java:560) - Updated content placed into module: Stakeholder for stream: Weird_20250429090822937
2025-07-29T14:59:26,457 [Thread-0] INFO  (AddSupplierArtifactApplication.java:182) - Added Supplier_new_11 artifact in the Weird_20250429090822937
2025-07-29T14:59:27,596 [Thread-0] INFO  (AddSupplierArtifactApplication.java:212) - Rename completed as per mapping file in the Weird_20250429090822937
2025-07-29T14:59:29,533 [Thread-0] INFO  (AddSupplierArtifactApplication.java:212) - Rename completed as per mapping file in the Weird_20250429090822937
2025-07-29T14:59:35,746 [Thread-0] INFO  (AddSupplierArtifactApplication.java:128) - Successfully delivered changeset: Weird_20250429090822937
2025-07-29T14:59:35,746 [Thread-0] INFO  (AddSupplierArtifactApplication.java:134) - Execution completed for Weird_20250429090822937
