2023-07-24T12:21:03,788 [Thread-0] INFO  (GCModuleExtractorApplication.java:60) - ========GC Module exporter started===========
2023-07-24T12:21:09,072 [Thread-0] INFO  (DNGLoginUtility.java:51) - DNGLogin succesfull!
2023-07-24T12:21:09,074 [Thread-0] INFO  (RestUtility.java:44) - Fetching the RM stream urls for the GC https://jazz.conti.de/gc/configuration/13184
2023-07-24T12:21:09,460 [Thread-0] INFO  (RestUtility.java:81) - Getting the stream details for the RM stream https://jazz.conti.de/rm4/cm/stream/_pJKyQCJBEe6f2PV5gJoAkw
2023-07-24T12:34:09,090 [Thread-0] INFO  (RestUtility.java:162) - Getting the module count and its details for the steam https://jazz.conti.de/rm4/cm/stream/_pJKyQCJBEe6f2PV5gJoAkw
2023-07-24T12:34:13,138 [Thread-0] INFO  (RestUtility.java:81) - Getting the stream details for the RM stream https://jazz.conti.de/rm4/cm/stream/_9IW60AwXEe6D0fn3IY9AdA
2023-07-24T12:49:13,647 [Thread-0] ERROR (RestUtility.java:275) - The GET response could not be obtained for the url https://jazz.conti.de/rm4/publish/modules?projectURI=_85YKIF7_EeuG7NSUlaxelQ&vvc.configuration=https://jazz.conti.de/rm4/cm/stream/_9IW60AwXEe6D0fn3IY9AdA   Internal Server Error
2023-07-24T12:49:13,648 [Thread-0] INFO  (RestUtility.java:162) - Getting the module count and its details for the steam https://jazz.conti.de/rm4/cm/stream/_9IW60AwXEe6D0fn3IY9AdA
2023-07-24T12:49:19,039 [Thread-0] ERROR (RestUtility.java:105) - Exception while getting the RM stream details for the stream https://jazz.conti.de/rm4/cm/stream/_9IW60AwXEe6D0fn3IY9AdA
2023-07-24T12:49:19,040 [Thread-0] ERROR (RestUtility.java:106) - java.lang.NullPointerException
2023-07-24T12:49:19,040 [Thread-0] ERROR (GCModuleExtractorApplication.java:90) - Exception in the GC module extractor application java.lang.NullPointerException
2023-07-24T12:52:15,852 [Thread-0] INFO  (GCModuleExtractorApplication.java:60) - ========GC Module exporter started===========
2023-07-24T12:52:19,663 [Thread-0] INFO  (DNGLoginUtility.java:51) - DNGLogin succesfull!
2023-07-24T12:52:19,663 [Thread-0] INFO  (RestUtility.java:44) - Fetching the RM stream urls for the GC https://jazz.conti.de/gc/configuration/13184
2023-07-24T12:52:20,218 [Thread-0] INFO  (RestUtility.java:81) - Getting the stream details for the RM stream https://jazz.conti.de/rm4/cm/stream/_pJKyQCJBEe6f2PV5gJoAkw
2023-07-24T13:17:44,048 [Thread-0] ERROR (RestUtility.java:275) - The GET response could not be obtained for the url https://jazz.conti.de/rm4/publish/modules?projectURI=_85YKIF7_EeuG7NSUlaxelQ&vvc.configuration=https://jazz.conti.de/rm4/cm/stream/_pJKyQCJBEe6f2PV5gJoAkw   Internal Server Error
2023-07-24T13:19:45,230 [Thread-0] INFO  (GCModuleExtractorApplication.java:60) - ========GC Module exporter started===========
2023-07-24T13:19:48,702 [Thread-0] INFO  (DNGLoginUtility.java:51) - DNGLogin succesfull!
2023-07-24T13:19:48,703 [Thread-0] INFO  (RestUtility.java:44) - Fetching the RM stream urls for the GC https://jazz.conti.de/gc/configuration/13184
2023-07-24T13:19:49,074 [Thread-0] INFO  (RestUtility.java:81) - Getting the stream details for the RM stream https://jazz.conti.de/rm4/cm/stream/_pJKyQCJBEe6f2PV5gJoAkw
2023-07-24T13:19:52,008 [Thread-0] INFO  (RestUtility.java:166) - Getting the module count and its details for the steam https://jazz.conti.de/rm4/cm/stream/_pJKyQCJBEe6f2PV5gJoAkw
2023-07-24T13:19:54,388 [Thread-0] INFO  (RestUtility.java:81) - Getting the stream details for the RM stream https://jazz.conti.de/rm4/cm/stream/_9IW60AwXEe6D0fn3IY9AdA
2023-07-24T13:19:56,725 [Thread-0] INFO  (RestUtility.java:166) - Getting the module count and its details for the steam https://jazz.conti.de/rm4/cm/stream/_9IW60AwXEe6D0fn3IY9AdA
2023-07-24T13:19:59,201 [Thread-0] INFO  (RestUtility.java:81) - Getting the stream details for the RM stream https://jazz.conti.de/rm4/cm/stream/_29EeuZZiEe2eFJuga2t_Mg
2023-07-24T13:20:00,505 [Thread-0] INFO  (RestUtility.java:166) - Getting the module count and its details for the steam https://jazz.conti.de/rm4/cm/stream/_29EeuZZiEe2eFJuga2t_Mg
2023-07-24T13:20:01,668 [Thread-0] INFO  (RestUtility.java:81) - Getting the stream details for the RM stream https://jazz.conti.de/rm4/cm/stream/_dB5AAcTOEe2dyIHbesJD6A
2023-07-24T13:20:04,506 [Thread-0] INFO  (RestUtility.java:166) - Getting the module count and its details for the steam https://jazz.conti.de/rm4/cm/stream/_dB5AAcTOEe2dyIHbesJD6A
2023-07-24T13:20:08,017 [Thread-0] INFO  (RestUtility.java:81) - Getting the stream details for the RM stream https://jazz.conti.de/rm4/cm/stream/_wp808Pk1Ee26y5qu8i0o0w
2023-07-24T13:20:10,789 [Thread-0] INFO  (RestUtility.java:166) - Getting the module count and its details for the steam https://jazz.conti.de/rm4/cm/stream/_wp808Pk1Ee26y5qu8i0o0w
2023-07-24T13:20:20,227 [Thread-0] INFO  (RestUtility.java:81) - Getting the stream details for the RM stream https://jazz.conti.de/rm4/cm/stream/_R5aWwM2BEe2iKqc0KPO99Q
2023-07-24T13:20:22,234 [Thread-0] INFO  (RestUtility.java:166) - Getting the module count and its details for the steam https://jazz.conti.de/rm4/cm/stream/_R5aWwM2BEe2iKqc0KPO99Q
2023-07-24T13:20:28,958 [Thread-0] INFO  (RestUtility.java:81) - Getting the stream details for the RM stream https://jazz.conti.de/rm4/cm/stream/_HC-OIs2AEe2iKqc0KPO99Q
2023-07-24T13:20:30,993 [Thread-0] INFO  (RestUtility.java:166) - Getting the module count and its details for the steam https://jazz.conti.de/rm4/cm/stream/_HC-OIs2AEe2iKqc0KPO99Q
2023-07-24T13:20:37,418 [Thread-0] INFO  (RestUtility.java:81) - Getting the stream details for the RM stream https://jazz.conti.de/rm4/cm/stream/_qt1SoM2BEe2iKqc0KPO99Q
2023-07-24T13:20:39,905 [Thread-0] INFO  (RestUtility.java:166) - Getting the module count and its details for the steam https://jazz.conti.de/rm4/cm/stream/_qt1SoM2BEe2iKqc0KPO99Q
2023-07-24T13:20:46,112 [Thread-0] INFO  (RestUtility.java:81) - Getting the stream details for the RM stream https://jazz.conti.de/rm4/cm/stream/_pmDnsM2AEe2iKqc0KPO99Q
2023-07-24T13:20:48,206 [Thread-0] INFO  (RestUtility.java:166) - Getting the module count and its details for the steam https://jazz.conti.de/rm4/cm/stream/_pmDnsM2AEe2iKqc0KPO99Q
2023-07-24T13:20:54,306 [Thread-0] INFO  (RestUtility.java:81) - Getting the stream details for the RM stream https://jazz.conti.de/rm4/cm/stream/_BgX2UUlTEeyxEp1YGWAVMQ
2023-07-24T13:20:59,604 [Thread-0] INFO  (RestUtility.java:166) - Getting the module count and its details for the steam https://jazz.conti.de/rm4/cm/stream/_BgX2UUlTEeyxEp1YGWAVMQ
2023-07-24T13:21:06,869 [Thread-0] INFO  (RestUtility.java:81) - Getting the stream details for the RM stream https://jazz.conti.de/rm4/cm/stream/_uDciUM4rEe2iKqc0KPO99Q
2023-07-24T13:21:09,753 [Thread-0] INFO  (RestUtility.java:166) - Getting the module count and its details for the steam https://jazz.conti.de/rm4/cm/stream/_uDciUM4rEe2iKqc0KPO99Q
2023-07-24T13:21:14,324 [Thread-0] INFO  (RestUtility.java:81) - Getting the stream details for the RM stream https://jazz.conti.de/rm4/cm/stream/_MIrnwMofEe2iKqc0KPO99Q
2023-07-24T13:21:20,459 [Thread-0] INFO  (RestUtility.java:166) - Getting the module count and its details for the steam https://jazz.conti.de/rm4/cm/stream/_MIrnwMofEe2iKqc0KPO99Q
2023-07-24T13:21:24,343 [Thread-0] INFO  (RestUtility.java:81) - Getting the stream details for the RM stream https://jazz.conti.de/rm4/cm/stream/_TLZbMNOkEe2zRPfZGDztfQ
2023-07-24T13:21:27,975 [Thread-0] INFO  (RestUtility.java:166) - Getting the module count and its details for the steam https://jazz.conti.de/rm4/cm/stream/_TLZbMNOkEe2zRPfZGDztfQ
2023-07-24T13:21:34,078 [Thread-0] INFO  (RestUtility.java:81) - Getting the stream details for the RM stream https://jazz.conti.de/rm4/cm/stream/_0_dfgDvVEeyM9O69iEXi7A
2023-07-24T13:22:07,390 [Thread-0] INFO  (RestUtility.java:166) - Getting the module count and its details for the steam https://jazz.conti.de/rm4/cm/stream/_0_dfgDvVEeyM9O69iEXi7A
2023-07-24T13:22:48,730 [Thread-0] INFO  (RestUtility.java:81) - Getting the stream details for the RM stream https://jazz.conti.de/rm4/cm/stream/_SvGMcEMOEeyM9O69iEXi7A
2023-07-24T13:22:58,822 [Thread-0] INFO  (RestUtility.java:166) - Getting the module count and its details for the steam https://jazz.conti.de/rm4/cm/stream/_SvGMcEMOEeyM9O69iEXi7A
2023-07-24T13:23:12,742 [Thread-0] INFO  (RestUtility.java:81) - Getting the stream details for the RM stream https://jazz.conti.de/rm4/cm/stream/_vNpWYINQEeurGPKvtMglaQ
2023-07-24T13:23:50,436 [Thread-0] INFO  (RestUtility.java:166) - Getting the module count and its details for the steam https://jazz.conti.de/rm4/cm/stream/_vNpWYINQEeurGPKvtMglaQ
2023-07-24T13:24:43,565 [Thread-0] INFO  (RestUtility.java:81) - Getting the stream details for the RM stream https://jazz.conti.de/rm4/cm/stream/_PcdW0OOyEeupLJ3XCVU6kA
2023-07-24T13:25:40,589 [Thread-0] INFO  (RestUtility.java:166) - Getting the module count and its details for the steam https://jazz.conti.de/rm4/cm/stream/_PcdW0OOyEeupLJ3XCVU6kA
2023-07-24T13:27:00,884 [Thread-0] INFO  (RestUtility.java:81) - Getting the stream details for the RM stream https://jazz.conti.de/rm4/cm/stream/_Xm0pBqeDEe2fBJJTp7lmmQ
2023-07-24T13:27:06,268 [Thread-0] INFO  (RestUtility.java:166) - Getting the module count and its details for the steam https://jazz.conti.de/rm4/cm/stream/_Xm0pBqeDEe2fBJJTp7lmmQ
2023-07-24T13:27:12,933 [Thread-0] INFO  (RestUtility.java:81) - Getting the stream details for the RM stream https://jazz.conti.de/rm4/cm/stream/_Cn8dwN5oEeupLJ3XCVU6kA
2023-07-24T13:27:48,962 [Thread-0] INFO  (RestUtility.java:166) - Getting the module count and its details for the steam https://jazz.conti.de/rm4/cm/stream/_Cn8dwN5oEeupLJ3XCVU6kA
2023-07-24T13:28:44,180 [Thread-0] INFO  (RestUtility.java:81) - Getting the stream details for the RM stream https://jazz.conti.de/rm4/cm/stream/_vK4Q0N5WEeupLJ3XCVU6kA
2023-07-24T13:28:52,742 [Thread-0] INFO  (RestUtility.java:166) - Getting the module count and its details for the steam https://jazz.conti.de/rm4/cm/stream/_vK4Q0N5WEeupLJ3XCVU6kA
2023-07-24T13:29:01,634 [Thread-0] INFO  (RestUtility.java:81) - Getting the stream details for the RM stream https://jazz.conti.de/rm4/cm/stream/_WxZ8IHJKEe27oP4CDOs3IQ
2023-07-24T13:29:24,244 [Thread-0] INFO  (RestUtility.java:166) - Getting the module count and its details for the steam https://jazz.conti.de/rm4/cm/stream/_WxZ8IHJKEe27oP4CDOs3IQ
2023-07-24T13:29:49,998 [Thread-0] INFO  (RestUtility.java:81) - Getting the stream details for the RM stream https://jazz.conti.de/rm4/cm/stream/_3vFYcN5UEeupLJ3XCVU6kA
2023-07-24T13:29:56,660 [Thread-0] INFO  (RestUtility.java:166) - Getting the module count and its details for the steam https://jazz.conti.de/rm4/cm/stream/_3vFYcN5UEeupLJ3XCVU6kA
2023-07-24T13:30:19,416 [Thread-0] INFO  (RestUtility.java:81) - Getting the stream details for the RM stream https://jazz.conti.de/rm4/cm/stream/_OuAOkAvmEe6D0fn3IY9AdA
2023-07-24T13:30:30,073 [Thread-0] INFO  (RestUtility.java:166) - Getting the module count and its details for the steam https://jazz.conti.de/rm4/cm/stream/_OuAOkAvmEe6D0fn3IY9AdA
2023-07-24T13:30:58,226 [Thread-0] INFO  (RestUtility.java:81) - Getting the stream details for the RM stream https://jazz.conti.de/rm4/cm/stream/_7fZrkN5YEeupLJ3XCVU6kA
2023-07-24T13:31:12,246 [Thread-0] INFO  (RestUtility.java:166) - Getting the module count and its details for the steam https://jazz.conti.de/rm4/cm/stream/_7fZrkN5YEeupLJ3XCVU6kA
2023-07-24T13:31:38,858 [Thread-0] INFO  (RestUtility.java:81) - Getting the stream details for the RM stream https://jazz.conti.de/rm4/cm/stream/_NtFkAN5ZEeupLJ3XCVU6kA
2023-07-24T13:31:52,688 [Thread-0] INFO  (RestUtility.java:166) - Getting the module count and its details for the steam https://jazz.conti.de/rm4/cm/stream/_NtFkAN5ZEeupLJ3XCVU6kA
2023-07-24T13:32:28,140 [Thread-0] INFO  (RestUtility.java:81) - Getting the stream details for the RM stream https://jazz.conti.de/rm4/cm/stream/_bvdIAN5YEeupLJ3XCVU6kA
2023-07-24T13:32:35,779 [Thread-0] INFO  (RestUtility.java:166) - Getting the module count and its details for the steam https://jazz.conti.de/rm4/cm/stream/_bvdIAN5YEeupLJ3XCVU6kA
2023-07-24T13:33:38,976 [Thread-0] INFO  (RestUtility.java:81) - Getting the stream details for the RM stream https://jazz.conti.de/rm4/cm/stream/_-5NqkN5ZEeupLJ3XCVU6kA
2023-07-24T13:33:46,416 [Thread-0] INFO  (RestUtility.java:166) - Getting the module count and its details for the steam https://jazz.conti.de/rm4/cm/stream/_-5NqkN5ZEeupLJ3XCVU6kA
2023-07-24T13:34:14,390 [Thread-0] INFO  (RestUtility.java:81) - Getting the stream details for the RM stream https://jazz.conti.de/rm4/cm/stream/_YWadsN5aEeupLJ3XCVU6kA
2023-07-24T13:34:25,535 [Thread-0] INFO  (RestUtility.java:166) - Getting the module count and its details for the steam https://jazz.conti.de/rm4/cm/stream/_YWadsN5aEeupLJ3XCVU6kA
2023-07-24T13:34:57,193 [Thread-0] INFO  (RestUtility.java:81) - Getting the stream details for the RM stream https://jazz.conti.de/rm4/cm/stream/_Ql-zULa0Ee2dyIHbesJD6A
2023-07-24T13:35:01,630 [Thread-0] INFO  (RestUtility.java:166) - Getting the module count and its details for the steam https://jazz.conti.de/rm4/cm/stream/_Ql-zULa0Ee2dyIHbesJD6A
2023-07-24T13:35:27,039 [Thread-0] INFO  (RestUtility.java:81) - Getting the stream details for the RM stream https://jazz.conti.de/rm4/cm/stream/__2bO0N5bEeupLJ3XCVU6kA
2023-07-24T13:35:34,749 [Thread-0] INFO  (RestUtility.java:166) - Getting the module count and its details for the steam https://jazz.conti.de/rm4/cm/stream/__2bO0N5bEeupLJ3XCVU6kA
2023-07-24T13:35:46,650 [Thread-0] INFO  (RestUtility.java:81) - Getting the stream details for the RM stream https://jazz.conti.de/rm4/cm/stream/_0bnZ4BobEeyys6waAK36Sg
2023-07-24T13:35:52,251 [Thread-0] INFO  (RestUtility.java:166) - Getting the module count and its details for the steam https://jazz.conti.de/rm4/cm/stream/_0bnZ4BobEeyys6waAK36Sg
2023-07-24T13:36:19,037 [Thread-0] INFO  (RestUtility.java:81) - Getting the stream details for the RM stream https://jazz.conti.de/rm4/cm/stream/_DktpAN5dEeupLJ3XCVU6kA
2023-07-24T13:36:24,306 [Thread-0] INFO  (RestUtility.java:166) - Getting the module count and its details for the steam https://jazz.conti.de/rm4/cm/stream/_DktpAN5dEeupLJ3XCVU6kA
2023-07-24T13:36:37,003 [Thread-0] INFO  (RestUtility.java:81) - Getting the stream details for the RM stream https://jazz.conti.de/rm4/cm/stream/_pPblAPUeEeugFM6Q-0Rcgg
2023-07-24T13:37:08,732 [Thread-0] INFO  (RestUtility.java:166) - Getting the module count and its details for the steam https://jazz.conti.de/rm4/cm/stream/_pPblAPUeEeugFM6Q-0Rcgg
2023-07-24T13:38:42,443 [Thread-0] INFO  (RestUtility.java:81) - Getting the stream details for the RM stream https://jazz.conti.de/rm4/cm/stream/_SgpIAA5-Ee6D0fn3IY9AdA
2023-07-24T13:38:48,458 [Thread-0] INFO  (RestUtility.java:166) - Getting the module count and its details for the steam https://jazz.conti.de/rm4/cm/stream/_SgpIAA5-Ee6D0fn3IY9AdA
2023-07-24T13:39:15,261 [Thread-0] INFO  (RestUtility.java:81) - Getting the stream details for the RM stream https://jazz.conti.de/rm4/cm/stream/_QSA5Bra1Ee2dyIHbesJD6A
2023-07-24T13:39:19,839 [Thread-0] INFO  (RestUtility.java:166) - Getting the module count and its details for the steam https://jazz.conti.de/rm4/cm/stream/_QSA5Bra1Ee2dyIHbesJD6A
2023-07-24T13:39:25,965 [Thread-0] INFO  (RestUtility.java:81) - Getting the stream details for the RM stream https://jazz.conti.de/rm4/cm/stream/_bSG6IN5XEeupLJ3XCVU6kA
2023-07-24T13:39:35,522 [Thread-0] INFO  (RestUtility.java:166) - Getting the module count and its details for the steam https://jazz.conti.de/rm4/cm/stream/_bSG6IN5XEeupLJ3XCVU6kA
2023-07-24T13:40:20,986 [Thread-0] INFO  (ExcelUtility.java:49) - Creating the excel file report for the provided GC
2023-07-24T13:40:21,089 [Thread-0] WARN  (XSSFWorkbook.java:905) - Sheet '1LIB_Stakeholder_Group_Continental_Operations2Engineering_RM_Generic' will be added with a trimmed name '1LIB_Stakeholder_Group_Continen' for MS Excel compliance.
2023-07-24T13:40:21,097 [Thread-0] WARN  (XSSFWorkbook.java:905) - Sheet '2LIB_Stakeholder_Group_Continental_SeriesAnalysis_RM_Generic' will be added with a trimmed name '2LIB_Stakeholder_Group_Continen' for MS Excel compliance.
2023-07-24T13:40:21,101 [Thread-0] WARN  (XSSFWorkbook.java:905) - Sheet '3ADSystems_Stakeholder_Group_Continental_RM_Generic' will be added with a trimmed name '3ADSystems_Stakeholder_Group_Co' for MS Excel compliance.
2023-07-24T13:40:21,105 [Thread-0] WARN  (XSSFWorkbook.java:905) - Sheet '4LIB_Stakeholder_Group_Continental_FeatureList_RM_Generic' will be added with a trimmed name '4LIB_Stakeholder_Group_Continen' for MS Excel compliance.
2023-07-24T13:40:21,110 [Thread-0] WARN  (XSSFWorkbook.java:905) - Sheet '5Radar_L2_DetectionPerformance_RM_Generic' will be added with a trimmed name '5Radar_L2_DetectionPerformance_' for MS Excel compliance.
2023-07-24T13:40:21,116 [Thread-0] WARN  (XSSFWorkbook.java:905) - Sheet '6Radar_L2_TechnicalSafety_RM_Generic' will be added with a trimmed name '6Radar_L2_TechnicalSafety_RM_Ge' for MS Excel compliance.
2023-07-24T13:40:21,121 [Thread-0] WARN  (XSSFWorkbook.java:905) - Sheet '7Radar_L2_Certification_RM_Generic' will be added with a trimmed name '7Radar_L2_Certification_RM_Gene' for MS Excel compliance.
2023-07-24T13:40:21,149 [Thread-0] WARN  (XSSFWorkbook.java:905) - Sheet '11LIB_L2_System_Labeling_Generic' will be added with a trimmed name '11LIB_L2_System_Labeling_Generi' for MS Excel compliance.
2023-07-24T13:40:21,155 [Thread-0] WARN  (XSSFWorkbook.java:905) - Sheet '12LIB_L2_System_StabilityDiagnosibility_Generic_RM' will be added with a trimmed name '12LIB_L2_System_StabilityDiagno' for MS Excel compliance.
2023-07-24T13:40:21,159 [Thread-0] WARN  (XSSFWorkbook.java:905) - Sheet '13LIB_L2_System_Operations2Engineering_Generic_(DO_NOT_USE)' will be added with a trimmed name '13LIB_L2_System_Operations2Engi' for MS Excel compliance.
2023-07-24T13:40:21,169 [Thread-0] WARN  (XSSFWorkbook.java:905) - Sheet '15LIB_Stakeholder_Group_Continental_RM_Generic' will be added with a trimmed name '15LIB_Stakeholder_Group_Contine' for MS Excel compliance.
2023-07-24T13:40:21,202 [Thread-0] WARN  (XSSFWorkbook.java:905) - Sheet '16Radar_Stakeholder_Group_Continental_RM_Generic' will be added with a trimmed name '16Radar_Stakeholder_Group_Conti' for MS Excel compliance.
2023-07-24T13:40:21,246 [Thread-0] WARN  (XSSFWorkbook.java:905) - Sheet '24LIB_L3_SW_Communication_RM_Generic' will be added with a trimmed name '24LIB_L3_SW_Communication_RM_Ge' for MS Excel compliance.
2023-07-24T13:40:21,250 [Thread-0] WARN  (XSSFWorkbook.java:905) - Sheet '25LIB_L3_SW_Diagnostics_RM_Generic' will be added with a trimmed name '25LIB_L3_SW_Diagnostics_RM_Gene' for MS Excel compliance.
2023-07-24T13:40:21,254 [Thread-0] WARN  (XSSFWorkbook.java:905) - Sheet '26LIB_L3_SW_EmbeddedMonitor_RM_Generic' will be added with a trimmed name '26LIB_L3_SW_EmbeddedMonitor_RM_' for MS Excel compliance.
2023-07-24T13:40:21,258 [Thread-0] WARN  (XSSFWorkbook.java:905) - Sheet '27LIB_L3_SW_EOL_Services_RM_Generic' will be added with a trimmed name '27LIB_L3_SW_EOL_Services_RM_Gen' for MS Excel compliance.
2023-07-24T13:40:21,263 [Thread-0] WARN  (XSSFWorkbook.java:905) - Sheet '28LIB_L3_SW_Errorhandling_RM_Generic' will be added with a trimmed name '28LIB_L3_SW_Errorhandling_RM_Ge' for MS Excel compliance.
2023-07-24T13:40:21,277 [Thread-0] WARN  (XSSFWorkbook.java:905) - Sheet '33LIB_L3_SW_ProductSheet_RM_Generic' will be added with a trimmed name '33LIB_L3_SW_ProductSheet_RM_Gen' for MS Excel compliance.
2023-07-24T13:40:21,285 [Thread-0] WARN  (XSSFWorkbook.java:905) - Sheet '35LIB_L3_SW_Security_Privacy_RM_Generic' will be added with a trimmed name '35LIB_L3_SW_Security_Privacy_RM' for MS Excel compliance.
2023-07-24T13:40:21,440 [Thread-0] INFO  (GCModuleExtractorApplication.java:95) - ========GC Module exporter completed===========
