2023-07-20T12:01:29,164 [Thread-0] INFO  (GCModuleExtractorApplication.java:60) - ========GC Module exporter started===========
2023-07-20T12:01:34,796 [Thread-0] INFO  (DNGLoginUtility.java:51) - DNGLogin succesfull!
2023-07-20T12:01:34,796 [Thread-0] INFO  (RestUtility.java:44) - Fetching the RM stream urls for the GC https://jazz.conti.de/gc/configuration/285
2023-07-20T12:01:35,231 [Thread-0] INFO  (RestUtility.java:81) - Getting the stream details for the RM stream https://jazz.conti.de/rm4/cm/stream/_pJKyQCJBEe6f2PV5gJoAkw
2023-07-20T12:02:02,361 [Thread-0] INFO  (RestUtility.java:162) - Getting the module count and its details for the steam https://jazz.conti.de/rm4/cm/stream/_pJKyQCJBEe6f2PV5gJoAkw
2023-07-20T12:02:05,395 [Thread-0] INFO  (RestUtility.java:81) - Getting the stream details for the RM stream https://jazz.conti.de/rm4/cm/stream/_OuAOkAvmEe6D0fn3IY9AdA
2023-07-20T12:02:14,388 [Thread-0] INFO  (RestUtility.java:162) - Getting the module count and its details for the steam https://jazz.conti.de/rm4/cm/stream/_OuAOkAvmEe6D0fn3IY9AdA
2023-07-20T12:02:40,523 [Thread-0] INFO  (RestUtility.java:81) - Getting the stream details for the RM stream https://jazz.conti.de/rm4/cm/stream/_9IW60AwXEe6D0fn3IY9AdA
2023-07-20T12:02:43,123 [Thread-0] INFO  (RestUtility.java:162) - Getting the module count and its details for the steam https://jazz.conti.de/rm4/cm/stream/_9IW60AwXEe6D0fn3IY9AdA
2023-07-20T12:02:46,801 [Thread-0] INFO  (RestUtility.java:81) - Getting the stream details for the RM stream https://jazz.conti.de/rm4/cm/stream/_7EbpUE1SEeyxEp1YGWAVMQ
2023-07-20T12:03:01,238 [Thread-0] INFO  (RestUtility.java:162) - Getting the module count and its details for the steam https://jazz.conti.de/rm4/cm/stream/_7EbpUE1SEeyxEp1YGWAVMQ
2023-07-20T12:03:10,634 [Thread-0] INFO  (RestUtility.java:81) - Getting the stream details for the RM stream https://jazz.conti.de/rm4/cm/stream/_7j7NsN7xEeupLJ3XCVU6kA
2023-07-20T12:03:27,519 [Thread-0] INFO  (RestUtility.java:162) - Getting the module count and its details for the steam https://jazz.conti.de/rm4/cm/stream/_7j7NsN7xEeupLJ3XCVU6kA
2023-07-20T12:03:42,466 [Thread-0] INFO  (RestUtility.java:81) - Getting the stream details for the RM stream https://jazz.conti.de/rm4/cm/stream/_SvGMcEMOEeyM9O69iEXi7A
2023-07-20T12:03:51,259 [Thread-0] INFO  (RestUtility.java:162) - Getting the module count and its details for the steam https://jazz.conti.de/rm4/cm/stream/_SvGMcEMOEeyM9O69iEXi7A
2023-07-20T12:04:01,527 [Thread-0] INFO  (RestUtility.java:81) - Getting the stream details for the RM stream https://jazz.conti.de/rm4/cm/stream/_dB5AAcTOEe2dyIHbesJD6A
2023-07-20T12:04:04,229 [Thread-0] INFO  (RestUtility.java:162) - Getting the module count and its details for the steam https://jazz.conti.de/rm4/cm/stream/_dB5AAcTOEe2dyIHbesJD6A
2023-07-20T12:04:07,070 [Thread-0] INFO  (RestUtility.java:81) - Getting the stream details for the RM stream https://jazz.conti.de/rm4/cm/stream/_mLe-0N5UEeupLJ3XCVU6kA
2023-07-20T12:04:14,189 [Thread-0] INFO  (RestUtility.java:162) - Getting the module count and its details for the steam https://jazz.conti.de/rm4/cm/stream/_mLe-0N5UEeupLJ3XCVU6kA
2023-07-20T12:04:30,438 [Thread-0] INFO  (RestUtility.java:81) - Getting the stream details for the RM stream https://jazz.conti.de/rm4/cm/stream/_BZM1AIpGEeytoNwqecO6PA
2023-07-20T12:04:37,382 [Thread-0] INFO  (RestUtility.java:162) - Getting the module count and its details for the steam https://jazz.conti.de/rm4/cm/stream/_BZM1AIpGEeytoNwqecO6PA
2023-07-20T12:04:44,582 [Thread-0] INFO  (RestUtility.java:81) - Getting the stream details for the RM stream https://jazz.conti.de/rm4/cm/stream/__igJxpcuEe2eFJuga2t_Mg
2023-07-20T12:04:48,083 [Thread-0] INFO  (RestUtility.java:162) - Getting the module count and its details for the steam https://jazz.conti.de/rm4/cm/stream/__igJxpcuEe2eFJuga2t_Mg
2023-07-20T12:05:00,226 [Thread-0] INFO  (RestUtility.java:81) - Getting the stream details for the RM stream https://jazz.conti.de/rm4/cm/stream/_I6985q9fEeyzEYnLQiW_fw
2023-07-20T12:05:03,744 [Thread-0] INFO  (RestUtility.java:162) - Getting the module count and its details for the steam https://jazz.conti.de/rm4/cm/stream/_I6985q9fEeyzEYnLQiW_fw
2023-07-20T12:05:14,374 [Thread-0] INFO  (RestUtility.java:81) - Getting the stream details for the RM stream https://jazz.conti.de/rm4/cm/stream/_0NazEN5VEeupLJ3XCVU6kA
2023-07-20T12:05:21,685 [Thread-0] INFO  (RestUtility.java:162) - Getting the module count and its details for the steam https://jazz.conti.de/rm4/cm/stream/_0NazEN5VEeupLJ3XCVU6kA
2023-07-20T12:05:36,645 [Thread-0] INFO  (RestUtility.java:81) - Getting the stream details for the RM stream https://jazz.conti.de/rm4/cm/stream/_7XtPgN5VEeupLJ3XCVU6kA
2023-07-20T12:05:42,967 [Thread-0] INFO  (RestUtility.java:162) - Getting the module count and its details for the steam https://jazz.conti.de/rm4/cm/stream/_7XtPgN5VEeupLJ3XCVU6kA
2023-07-20T12:05:52,413 [Thread-0] INFO  (RestUtility.java:81) - Getting the stream details for the RM stream https://jazz.conti.de/rm4/cm/stream/_wcWC9pcuEe2eFJuga2t_Mg
2023-07-20T12:05:55,334 [Thread-0] INFO  (RestUtility.java:162) - Getting the module count and its details for the steam https://jazz.conti.de/rm4/cm/stream/_wcWC9pcuEe2eFJuga2t_Mg
2023-07-20T12:06:06,484 [Thread-0] INFO  (RestUtility.java:81) - Getting the stream details for the RM stream https://jazz.conti.de/rm4/cm/stream/__7cjUOAVEey1Kta7r2e74w
2023-07-20T12:06:12,141 [Thread-0] INFO  (RestUtility.java:162) - Getting the module count and its details for the steam https://jazz.conti.de/rm4/cm/stream/__7cjUOAVEey1Kta7r2e74w
2023-07-20T12:06:21,772 [Thread-0] INFO  (RestUtility.java:81) - Getting the stream details for the RM stream https://jazz.conti.de/rm4/cm/stream/_M4m6cN5WEeupLJ3XCVU6kA
2023-07-20T12:06:27,084 [Thread-0] INFO  (RestUtility.java:162) - Getting the module count and its details for the steam https://jazz.conti.de/rm4/cm/stream/_M4m6cN5WEeupLJ3XCVU6kA
2023-07-20T12:06:41,145 [Thread-0] INFO  (RestUtility.java:81) - Getting the stream details for the RM stream https://jazz.conti.de/rm4/cm/stream/_DFVNEN5XEeupLJ3XCVU6kA
2023-07-20T12:06:48,335 [Thread-0] INFO  (RestUtility.java:162) - Getting the module count and its details for the steam https://jazz.conti.de/rm4/cm/stream/_DFVNEN5XEeupLJ3XCVU6kA
2023-07-20T12:07:03,886 [Thread-0] INFO  (RestUtility.java:81) - Getting the stream details for the RM stream https://jazz.conti.de/rm4/cm/stream/_l6ueoN5XEeupLJ3XCVU6kA
2023-07-20T12:07:16,576 [Thread-0] INFO  (RestUtility.java:162) - Getting the module count and its details for the steam https://jazz.conti.de/rm4/cm/stream/_l6ueoN5XEeupLJ3XCVU6kA
2023-07-20T12:07:25,118 [Thread-0] INFO  (RestUtility.java:81) - Getting the stream details for the RM stream https://jazz.conti.de/rm4/cm/stream/_cxHQgVQQEeyV4rZ0OhwEhQ
2023-07-20T12:07:36,857 [Thread-0] INFO  (RestUtility.java:162) - Getting the module count and its details for the steam https://jazz.conti.de/rm4/cm/stream/_cxHQgVQQEeyV4rZ0OhwEhQ
2023-07-20T12:07:53,433 [Thread-0] INFO  (RestUtility.java:81) - Getting the stream details for the RM stream https://jazz.conti.de/rm4/cm/stream/_-1SOsIqxEeytoNwqecO6PA
2023-07-20T12:07:56,393 [Thread-0] INFO  (RestUtility.java:162) - Getting the module count and its details for the steam https://jazz.conti.de/rm4/cm/stream/_-1SOsIqxEeytoNwqecO6PA
2023-07-20T12:07:58,550 [Thread-0] INFO  (RestUtility.java:81) - Getting the stream details for the RM stream https://jazz.conti.de/rm4/cm/stream/_YuQVtoKMEeytoNwqecO6PA
2023-07-20T12:08:06,778 [Thread-0] INFO  (RestUtility.java:162) - Getting the module count and its details for the steam https://jazz.conti.de/rm4/cm/stream/_YuQVtoKMEeytoNwqecO6PA
2023-07-20T12:08:24,261 [Thread-0] INFO  (RestUtility.java:81) - Getting the stream details for the RM stream https://jazz.conti.de/rm4/cm/stream/_KD92YJSyEeyRvK6A0602cw
2023-07-20T12:10:34,360 [Thread-0] INFO  (RestUtility.java:162) - Getting the module count and its details for the steam https://jazz.conti.de/rm4/cm/stream/_KD92YJSyEeyRvK6A0602cw
2023-07-20T12:12:57,032 [Thread-0] INFO  (RestUtility.java:81) - Getting the stream details for the RM stream https://jazz.conti.de/rm4/cm/stream/_BgX2UUlTEeyxEp1YGWAVMQ
2023-07-20T12:13:14,329 [Thread-0] INFO  (RestUtility.java:162) - Getting the module count and its details for the steam https://jazz.conti.de/rm4/cm/stream/_BgX2UUlTEeyxEp1YGWAVMQ
2023-07-20T12:13:41,817 [Thread-0] INFO  (RestUtility.java:81) - Getting the stream details for the RM stream https://jazz.conti.de/rm4/cm/stream/_zrBltto5EeupLJ3XCVU6kA
2023-07-20T12:14:00,291 [Thread-0] INFO  (RestUtility.java:162) - Getting the module count and its details for the steam https://jazz.conti.de/rm4/cm/stream/_zrBltto5EeupLJ3XCVU6kA
2023-07-20T12:14:21,602 [Thread-0] INFO  (RestUtility.java:81) - Getting the stream details for the RM stream https://jazz.conti.de/rm4/cm/stream/_W7fNcP6UEeyOqveWG_frLQ
2023-07-20T12:14:51,555 [Thread-0] INFO  (RestUtility.java:162) - Getting the module count and its details for the steam https://jazz.conti.de/rm4/cm/stream/_W7fNcP6UEeyOqveWG_frLQ
2023-07-20T12:15:12,725 [Thread-0] INFO  (RestUtility.java:81) - Getting the stream details for the RM stream https://jazz.conti.de/rm4/cm/stream/_VbPWZl8AEeuG7NSUlaxelQ
2023-07-20T12:19:00,754 [Thread-0] INFO  (RestUtility.java:162) - Getting the module count and its details for the steam https://jazz.conti.de/rm4/cm/stream/_VbPWZl8AEeuG7NSUlaxelQ
2023-07-20T12:30:25,521 [Thread-0] INFO  (RestUtility.java:81) - Getting the stream details for the RM stream https://jazz.conti.de/rm4/cm/stream/_vNpWYINQEeurGPKvtMglaQ
2023-07-20T12:31:18,805 [Thread-0] INFO  (RestUtility.java:162) - Getting the module count and its details for the steam https://jazz.conti.de/rm4/cm/stream/_vNpWYINQEeurGPKvtMglaQ
2023-07-20T12:31:55,240 [Thread-0] INFO  (RestUtility.java:81) - Getting the stream details for the RM stream https://jazz.conti.de/rm4/cm/stream/_PcdW0OOyEeupLJ3XCVU6kA
2023-07-20T12:33:34,567 [Thread-0] INFO  (RestUtility.java:162) - Getting the module count and its details for the steam https://jazz.conti.de/rm4/cm/stream/_PcdW0OOyEeupLJ3XCVU6kA
2023-07-20T12:35:08,047 [Thread-0] INFO  (RestUtility.java:81) - Getting the stream details for the RM stream https://jazz.conti.de/rm4/cm/stream/_0_dfgDvVEeyM9O69iEXi7A
2023-07-20T12:35:33,611 [Thread-0] INFO  (RestUtility.java:162) - Getting the module count and its details for the steam https://jazz.conti.de/rm4/cm/stream/_0_dfgDvVEeyM9O69iEXi7A
2023-07-20T12:36:00,093 [Thread-0] INFO  (RestUtility.java:81) - Getting the stream details for the RM stream https://jazz.conti.de/rm4/cm/stream/_OuAOkAvmEe6D0fn3IY9AdA
2023-07-20T12:36:08,476 [Thread-0] INFO  (RestUtility.java:162) - Getting the module count and its details for the steam https://jazz.conti.de/rm4/cm/stream/_OuAOkAvmEe6D0fn3IY9AdA
2023-07-20T12:36:34,624 [Thread-0] INFO  (RestUtility.java:81) - Getting the stream details for the RM stream https://jazz.conti.de/rm4/cm/stream/_SgpIAA5-Ee6D0fn3IY9AdA
2023-07-20T12:36:38,976 [Thread-0] INFO  (RestUtility.java:162) - Getting the module count and its details for the steam https://jazz.conti.de/rm4/cm/stream/_SgpIAA5-Ee6D0fn3IY9AdA
2023-07-20T12:37:04,414 [Thread-0] INFO  (RestUtility.java:81) - Getting the stream details for the RM stream https://jazz.conti.de/rm4/cm/stream/_h3NsYBWwEe6D0fn3IY9AdA
2023-07-20T12:37:08,404 [Thread-0] INFO  (RestUtility.java:162) - Getting the module count and its details for the steam https://jazz.conti.de/rm4/cm/stream/_h3NsYBWwEe6D0fn3IY9AdA
2023-07-20T12:37:38,237 [Thread-0] INFO  (RestUtility.java:81) - Getting the stream details for the RM stream https://jazz.conti.de/rm4/cm/stream/_Ql-zULa0Ee2dyIHbesJD6A
2023-07-20T12:37:42,384 [Thread-0] INFO  (RestUtility.java:162) - Getting the module count and its details for the steam https://jazz.conti.de/rm4/cm/stream/_Ql-zULa0Ee2dyIHbesJD6A
2023-07-20T12:38:06,242 [Thread-0] INFO  (RestUtility.java:81) - Getting the stream details for the RM stream https://jazz.conti.de/rm4/cm/stream/_Q5EooZl2EeyZd-gIwJcfFQ
2023-07-20T12:38:11,207 [Thread-0] INFO  (RestUtility.java:162) - Getting the module count and its details for the steam https://jazz.conti.de/rm4/cm/stream/_Q5EooZl2EeyZd-gIwJcfFQ
2023-07-20T12:38:35,708 [Thread-0] INFO  (RestUtility.java:81) - Getting the stream details for the RM stream https://jazz.conti.de/rm4/cm/stream/_pqTKUKE8Eey988JOu-sPaw
2023-07-20T12:38:41,566 [Thread-0] INFO  (RestUtility.java:162) - Getting the module count and its details for the steam https://jazz.conti.de/rm4/cm/stream/_pqTKUKE8Eey988JOu-sPaw
2023-07-20T12:38:56,785 [Thread-0] INFO  (RestUtility.java:81) - Getting the stream details for the RM stream https://jazz.conti.de/rm4/cm/stream/_aNdM8N5cEeupLJ3XCVU6kA
2023-07-20T12:39:03,648 [Thread-0] INFO  (RestUtility.java:162) - Getting the module count and its details for the steam https://jazz.conti.de/rm4/cm/stream/_aNdM8N5cEeupLJ3XCVU6kA
2023-07-20T12:39:17,287 [Thread-0] INFO  (RestUtility.java:81) - Getting the stream details for the RM stream https://jazz.conti.de/rm4/cm/stream/_RgN7EJ3-EeyJlotJxNzzgw
2023-07-20T12:39:25,306 [Thread-0] INFO  (RestUtility.java:162) - Getting the module count and its details for the steam https://jazz.conti.de/rm4/cm/stream/_RgN7EJ3-EeyJlotJxNzzgw
2023-07-20T12:39:41,878 [Thread-0] INFO  (RestUtility.java:81) - Getting the stream details for the RM stream https://jazz.conti.de/rm4/cm/stream/_I55mUIpGEeytoNwqecO6PA
2023-07-20T12:39:52,360 [Thread-0] INFO  (RestUtility.java:162) - Getting the module count and its details for the steam https://jazz.conti.de/rm4/cm/stream/_I55mUIpGEeytoNwqecO6PA
2023-07-20T12:40:16,990 [Thread-0] INFO  (RestUtility.java:81) - Getting the stream details for the RM stream https://jazz.conti.de/rm4/cm/stream/_cYNOwFwHEeyV4rZ0OhwEhQ
2023-07-20T12:40:21,735 [Thread-0] INFO  (RestUtility.java:162) - Getting the module count and its details for the steam https://jazz.conti.de/rm4/cm/stream/_cYNOwFwHEeyV4rZ0OhwEhQ
2023-07-20T12:40:32,371 [Thread-0] INFO  (RestUtility.java:81) - Getting the stream details for the RM stream https://jazz.conti.de/rm4/cm/stream/_2dOV4N5-EeupLJ3XCVU6kA
2023-07-20T12:41:07,592 [Thread-0] INFO  (RestUtility.java:162) - Getting the module count and its details for the steam https://jazz.conti.de/rm4/cm/stream/_2dOV4N5-EeupLJ3XCVU6kA
2023-07-20T12:41:49,887 [Thread-0] INFO  (RestUtility.java:81) - Getting the stream details for the RM stream https://jazz.conti.de/rm4/cm/stream/_0bnZ4BobEeyys6waAK36Sg
2023-07-20T12:41:56,072 [Thread-0] INFO  (RestUtility.java:162) - Getting the module count and its details for the steam https://jazz.conti.de/rm4/cm/stream/_0bnZ4BobEeyys6waAK36Sg
2023-07-20T12:42:24,381 [Thread-0] INFO  (RestUtility.java:81) - Getting the stream details for the RM stream https://jazz.conti.de/rm4/cm/stream/_c4BiwjDPEeyHJJowy0Dcjg
2023-07-20T12:43:03,626 [Thread-0] INFO  (RestUtility.java:162) - Getting the module count and its details for the steam https://jazz.conti.de/rm4/cm/stream/_c4BiwjDPEeyHJJowy0Dcjg
2023-07-20T12:44:29,877 [Thread-0] INFO  (RestUtility.java:81) - Getting the stream details for the RM stream https://jazz.conti.de/rm4/cm/stream/_bSG6IN5XEeupLJ3XCVU6kA
2023-07-20T12:44:35,939 [Thread-0] INFO  (RestUtility.java:162) - Getting the module count and its details for the steam https://jazz.conti.de/rm4/cm/stream/_bSG6IN5XEeupLJ3XCVU6kA
2023-07-20T12:45:16,108 [Thread-0] INFO  (RestUtility.java:81) - Getting the stream details for the RM stream https://jazz.conti.de/rm4/cm/stream/_x6CwUN5XEeupLJ3XCVU6kA
2023-07-20T12:45:24,441 [Thread-0] INFO  (RestUtility.java:162) - Getting the module count and its details for the steam https://jazz.conti.de/rm4/cm/stream/_x6CwUN5XEeupLJ3XCVU6kA
2023-07-20T12:45:55,165 [Thread-0] INFO  (RestUtility.java:81) - Getting the stream details for the RM stream https://jazz.conti.de/rm4/cm/stream/_bvdIAN5YEeupLJ3XCVU6kA
2023-07-20T12:46:03,576 [Thread-0] INFO  (RestUtility.java:162) - Getting the module count and its details for the steam https://jazz.conti.de/rm4/cm/stream/_bvdIAN5YEeupLJ3XCVU6kA
2023-07-20T12:47:04,138 [Thread-0] INFO  (RestUtility.java:81) - Getting the stream details for the RM stream https://jazz.conti.de/rm4/cm/stream/_QusT0N5ZEeupLJ3XCVU6kA
2023-07-20T12:47:09,157 [Thread-0] INFO  (RestUtility.java:162) - Getting the module count and its details for the steam https://jazz.conti.de/rm4/cm/stream/_QusT0N5ZEeupLJ3XCVU6kA
2023-07-20T12:47:38,309 [Thread-0] INFO  (RestUtility.java:81) - Getting the stream details for the RM stream https://jazz.conti.de/rm4/cm/stream/_kbIpQN5ZEeupLJ3XCVU6kA
2023-07-20T12:47:43,707 [Thread-0] INFO  (RestUtility.java:162) - Getting the module count and its details for the steam https://jazz.conti.de/rm4/cm/stream/_kbIpQN5ZEeupLJ3XCVU6kA
2023-07-20T12:47:58,760 [Thread-0] INFO  (RestUtility.java:81) - Getting the stream details for the RM stream https://jazz.conti.de/rm4/cm/stream/_0E7BkN5ZEeupLJ3XCVU6kA
2023-07-20T12:48:03,791 [Thread-0] INFO  (RestUtility.java:162) - Getting the module count and its details for the steam https://jazz.conti.de/rm4/cm/stream/_0E7BkN5ZEeupLJ3XCVU6kA
2023-07-20T12:48:23,473 [Thread-0] INFO  (RestUtility.java:81) - Getting the stream details for the RM stream https://jazz.conti.de/rm4/cm/stream/_pPblAPUeEeugFM6Q-0Rcgg
2023-07-20T12:48:57,372 [Thread-0] INFO  (RestUtility.java:162) - Getting the module count and its details for the steam https://jazz.conti.de/rm4/cm/stream/_pPblAPUeEeugFM6Q-0Rcgg
2023-07-20T12:50:21,664 [Thread-0] INFO  (RestUtility.java:81) - Getting the stream details for the RM stream https://jazz.conti.de/rm4/cm/stream/_OI71sN5dEeupLJ3XCVU6kA
2023-07-20T12:50:25,994 [Thread-0] INFO  (RestUtility.java:162) - Getting the module count and its details for the steam https://jazz.conti.de/rm4/cm/stream/_OI71sN5dEeupLJ3XCVU6kA
2023-07-20T12:50:52,491 [Thread-0] INFO  (RestUtility.java:81) - Getting the stream details for the RM stream https://jazz.conti.de/rm4/cm/stream/_DktpAN5dEeupLJ3XCVU6kA
2023-07-20T12:50:57,602 [Thread-0] INFO  (RestUtility.java:162) - Getting the module count and its details for the steam https://jazz.conti.de/rm4/cm/stream/_DktpAN5dEeupLJ3XCVU6kA
2023-07-20T12:51:07,715 [Thread-0] INFO  (RestUtility.java:81) - Getting the stream details for the RM stream https://jazz.conti.de/rm4/cm/stream/_QVK_weimEeyOKKA0JZrBGQ
2023-07-20T12:51:12,509 [Thread-0] INFO  (RestUtility.java:162) - Getting the module count and its details for the steam https://jazz.conti.de/rm4/cm/stream/_QVK_weimEeyOKKA0JZrBGQ
2023-07-20T12:51:33,846 [Thread-0] INFO  (RestUtility.java:81) - Getting the stream details for the RM stream https://jazz.conti.de/rm4/cm/stream/_k5eDsN5cEeupLJ3XCVU6kA
2023-07-20T12:51:38,807 [Thread-0] INFO  (RestUtility.java:162) - Getting the module count and its details for the steam https://jazz.conti.de/rm4/cm/stream/_k5eDsN5cEeupLJ3XCVU6kA
2023-07-20T12:51:46,668 [Thread-0] INFO  (RestUtility.java:81) - Getting the stream details for the RM stream https://jazz.conti.de/rm4/cm/stream/_aNdM8N5cEeupLJ3XCVU6kA
2023-07-20T12:51:52,105 [Thread-0] INFO  (RestUtility.java:162) - Getting the module count and its details for the steam https://jazz.conti.de/rm4/cm/stream/_aNdM8N5cEeupLJ3XCVU6kA
2023-07-20T12:52:03,929 [Thread-0] INFO  (RestUtility.java:81) - Getting the stream details for the RM stream https://jazz.conti.de/rm4/cm/stream/_NUf9gN5cEeupLJ3XCVU6kA
2023-07-20T12:52:09,068 [Thread-0] INFO  (RestUtility.java:162) - Getting the module count and its details for the steam https://jazz.conti.de/rm4/cm/stream/_NUf9gN5cEeupLJ3XCVU6kA
2023-07-20T12:52:29,176 [Thread-0] INFO  (RestUtility.java:81) - Getting the stream details for the RM stream https://jazz.conti.de/rm4/cm/stream/__2bO0N5bEeupLJ3XCVU6kA
2023-07-20T12:52:34,175 [Thread-0] INFO  (RestUtility.java:162) - Getting the module count and its details for the steam https://jazz.conti.de/rm4/cm/stream/__2bO0N5bEeupLJ3XCVU6kA
2023-07-20T12:52:43,559 [Thread-0] INFO  (RestUtility.java:81) - Getting the stream details for the RM stream https://jazz.conti.de/rm4/cm/stream/_t4XGwN5bEeupLJ3XCVU6kA
2023-07-20T12:52:47,999 [Thread-0] INFO  (RestUtility.java:162) - Getting the module count and its details for the steam https://jazz.conti.de/rm4/cm/stream/_t4XGwN5bEeupLJ3XCVU6kA
2023-07-20T12:53:01,664 [Thread-0] INFO  (RestUtility.java:81) - Getting the stream details for the RM stream https://jazz.conti.de/rm4/cm/stream/_QCcm8N5bEeupLJ3XCVU6kA
2023-07-20T12:53:06,809 [Thread-0] INFO  (RestUtility.java:162) - Getting the module count and its details for the steam https://jazz.conti.de/rm4/cm/stream/_QCcm8N5bEeupLJ3XCVU6kA
2023-07-20T12:53:27,690 [Thread-0] INFO  (RestUtility.java:81) - Getting the stream details for the RM stream https://jazz.conti.de/rm4/cm/stream/_YWadsN5aEeupLJ3XCVU6kA
2023-07-20T12:53:33,607 [Thread-0] INFO  (RestUtility.java:162) - Getting the module count and its details for the steam https://jazz.conti.de/rm4/cm/stream/_YWadsN5aEeupLJ3XCVU6kA
2023-07-20T12:54:01,549 [Thread-0] INFO  (RestUtility.java:81) - Getting the stream details for the RM stream https://jazz.conti.de/rm4/cm/stream/_-5NqkN5ZEeupLJ3XCVU6kA
2023-07-20T12:54:06,790 [Thread-0] INFO  (RestUtility.java:162) - Getting the module count and its details for the steam https://jazz.conti.de/rm4/cm/stream/_-5NqkN5ZEeupLJ3XCVU6kA
2023-07-20T12:54:30,571 [Thread-0] INFO  (RestUtility.java:81) - Getting the stream details for the RM stream https://jazz.conti.de/rm4/cm/stream/_gJhqIN5ZEeupLJ3XCVU6kA
2023-07-20T12:54:34,621 [Thread-0] INFO  (RestUtility.java:162) - Getting the module count and its details for the steam https://jazz.conti.de/rm4/cm/stream/_gJhqIN5ZEeupLJ3XCVU6kA
2023-07-20T12:54:51,606 [Thread-0] INFO  (RestUtility.java:81) - Getting the stream details for the RM stream https://jazz.conti.de/rm4/cm/stream/_NtFkAN5ZEeupLJ3XCVU6kA
2023-07-20T12:55:02,321 [Thread-0] INFO  (RestUtility.java:162) - Getting the module count and its details for the steam https://jazz.conti.de/rm4/cm/stream/_NtFkAN5ZEeupLJ3XCVU6kA
2023-07-20T12:55:31,200 [Thread-0] INFO  (RestUtility.java:81) - Getting the stream details for the RM stream https://jazz.conti.de/rm4/cm/stream/_7fZrkN5YEeupLJ3XCVU6kA
2023-07-20T12:55:38,861 [Thread-0] INFO  (RestUtility.java:162) - Getting the module count and its details for the steam https://jazz.conti.de/rm4/cm/stream/_7fZrkN5YEeupLJ3XCVU6kA
2023-07-20T12:56:02,933 [Thread-0] INFO  (RestUtility.java:81) - Getting the stream details for the RM stream https://jazz.conti.de/rm4/cm/stream/_u4ue8N5YEeupLJ3XCVU6kA
2023-07-20T12:56:08,013 [Thread-0] INFO  (RestUtility.java:162) - Getting the module count and its details for the steam https://jazz.conti.de/rm4/cm/stream/_u4ue8N5YEeupLJ3XCVU6kA
2023-07-20T12:56:28,660 [Thread-0] INFO  (RestUtility.java:81) - Getting the stream details for the RM stream https://jazz.conti.de/rm4/cm/stream/_3vFYcN5UEeupLJ3XCVU6kA
2023-07-20T12:56:32,870 [Thread-0] INFO  (RestUtility.java:162) - Getting the module count and its details for the steam https://jazz.conti.de/rm4/cm/stream/_3vFYcN5UEeupLJ3XCVU6kA
2023-07-20T12:56:51,974 [Thread-0] INFO  (RestUtility.java:81) - Getting the stream details for the RM stream https://jazz.conti.de/rm4/cm/stream/_GHF4cN5YEeupLJ3XCVU6kA
2023-07-20T12:56:57,448 [Thread-0] INFO  (RestUtility.java:162) - Getting the module count and its details for the steam https://jazz.conti.de/rm4/cm/stream/_GHF4cN5YEeupLJ3XCVU6kA
2023-07-20T12:57:37,630 [Thread-0] INFO  (RestUtility.java:81) - Getting the stream details for the RM stream https://jazz.conti.de/rm4/cm/stream/_IFZCcDGtEeyHJJowy0Dcjg
2023-07-20T12:57:44,619 [Thread-0] INFO  (RestUtility.java:162) - Getting the module count and its details for the steam https://jazz.conti.de/rm4/cm/stream/_IFZCcDGtEeyHJJowy0Dcjg
2023-07-20T12:57:59,988 [Thread-0] INFO  (RestUtility.java:81) - Getting the stream details for the RM stream https://jazz.conti.de/rm4/cm/stream/_r8ZbQN5ZEeupLJ3XCVU6kA
2023-07-20T12:58:07,431 [Thread-0] INFO  (RestUtility.java:162) - Getting the module count and its details for the steam https://jazz.conti.de/rm4/cm/stream/_r8ZbQN5ZEeupLJ3XCVU6kA
2023-07-20T12:59:13,830 [Thread-0] INFO  (RestUtility.java:81) - Getting the stream details for the RM stream https://jazz.conti.de/rm4/cm/stream/_SV4wkN5YEeupLJ3XCVU6kA
2023-07-20T12:59:16,537 [Thread-0] INFO  (RestUtility.java:162) - Getting the module count and its details for the steam https://jazz.conti.de/rm4/cm/stream/_SV4wkN5YEeupLJ3XCVU6kA
2023-07-20T12:59:22,907 [Thread-0] INFO  (RestUtility.java:81) - Getting the stream details for the RM stream https://jazz.conti.de/rm4/cm/stream/_EAVftvvtEeqIqKySVwTVNQ
2023-07-20T12:59:47,448 [Thread-0] INFO  (RestUtility.java:162) - Getting the module count and its details for the steam https://jazz.conti.de/rm4/cm/stream/_EAVftvvtEeqIqKySVwTVNQ
2023-07-20T13:00:44,691 [Thread-0] INFO  (RestUtility.java:81) - Getting the stream details for the RM stream https://jazz.conti.de/rm4/cm/stream/_WxZ8IHJKEe27oP4CDOs3IQ
2023-07-20T13:00:56,297 [Thread-0] INFO  (RestUtility.java:162) - Getting the module count and its details for the steam https://jazz.conti.de/rm4/cm/stream/_WxZ8IHJKEe27oP4CDOs3IQ
2023-07-20T13:01:10,376 [Thread-0] INFO  (RestUtility.java:81) - Getting the stream details for the RM stream https://jazz.conti.de/rm4/cm/stream/_mjkQVrj2Ee2dyIHbesJD6A
2023-07-20T13:01:11,990 [Thread-0] INFO  (RestUtility.java:162) - Getting the module count and its details for the steam https://jazz.conti.de/rm4/cm/stream/_mjkQVrj2Ee2dyIHbesJD6A
2023-07-20T13:01:14,037 [Thread-0] INFO  (RestUtility.java:81) - Getting the stream details for the RM stream https://jazz.conti.de/rm4/cm/stream/_QSA5Bra1Ee2dyIHbesJD6A
2023-07-20T13:01:15,947 [Thread-0] INFO  (RestUtility.java:162) - Getting the module count and its details for the steam https://jazz.conti.de/rm4/cm/stream/_QSA5Bra1Ee2dyIHbesJD6A
2023-07-20T13:01:18,501 [Thread-0] INFO  (RestUtility.java:81) - Getting the stream details for the RM stream https://jazz.conti.de/rm4/cm/stream/_gqrwlra1Ee2dyIHbesJD6A
2023-07-20T13:01:19,267 [Thread-0] INFO  (RestUtility.java:162) - Getting the module count and its details for the steam https://jazz.conti.de/rm4/cm/stream/_gqrwlra1Ee2dyIHbesJD6A
2023-07-20T13:01:20,167 [Thread-0] INFO  (RestUtility.java:81) - Getting the stream details for the RM stream https://jazz.conti.de/rm4/cm/stream/_Xm0pBqeDEe2fBJJTp7lmmQ
2023-07-20T13:01:23,443 [Thread-0] INFO  (RestUtility.java:162) - Getting the module count and its details for the steam https://jazz.conti.de/rm4/cm/stream/_Xm0pBqeDEe2fBJJTp7lmmQ
2023-07-20T13:01:28,015 [Thread-0] INFO  (RestUtility.java:81) - Getting the stream details for the RM stream https://jazz.conti.de/rm4/cm/stream/_Cn8dwN5oEeupLJ3XCVU6kA
2023-07-20T13:01:53,360 [Thread-0] INFO  (RestUtility.java:162) - Getting the module count and its details for the steam https://jazz.conti.de/rm4/cm/stream/_Cn8dwN5oEeupLJ3XCVU6kA
2023-07-20T13:02:33,956 [Thread-0] INFO  (RestUtility.java:81) - Getting the stream details for the RM stream https://jazz.conti.de/rm4/cm/stream/_vK4Q0N5WEeupLJ3XCVU6kA
2023-07-20T13:02:38,983 [Thread-0] INFO  (RestUtility.java:162) - Getting the module count and its details for the steam https://jazz.conti.de/rm4/cm/stream/_vK4Q0N5WEeupLJ3XCVU6kA
2023-07-20T13:02:44,994 [Thread-0] INFO  (ExcelUtility.java:48) - Creating the excel file report for the provided GC
2023-07-20T13:03:04,500 [Thread-0] WARN  (XSSFWorkbook.java:905) - Sheet '0LIB_Stakeholder_Group_Continental_Operations2Engineering_RM_Generic' will be added with a trimmed name '0LIB_Stakeholder_Group_Continen' for MS Excel compliance.
2023-07-20T13:03:06,040 [Thread-0] ERROR (ExcelUtility.java:123) - exception while creating excel java.lang.IllegalArgumentException: The workbook already contains a sheet named '0LIB_Stakeholder_Group_Continental_SeriesAnalysis_RM_Generic'
2023-07-20T13:03:06,041 [Thread-0] INFO  (GCModuleExtractorApplication.java:95) - ========GC Module exporter completed===========
2023-07-20T13:05:34,784 [Thread-1] INFO  (GCModuleExtractorApplication.java:60) - ========GC Module exporter started===========
2023-07-20T13:05:37,138 [Thread-1] INFO  (DNGLoginUtility.java:51) - DNGLogin succesfull!
2023-07-20T13:05:37,138 [Thread-1] INFO  (RestUtility.java:44) - Fetching the RM stream urls for the GC https://jazz.conti.de/gc/configuration/285
2023-07-20T13:05:37,530 [Thread-1] INFO  (RestUtility.java:81) - Getting the stream details for the RM stream https://jazz.conti.de/rm4/cm/stream/_pJKyQCJBEe6f2PV5gJoAkw
2023-07-20T13:05:40,167 [Thread-1] INFO  (RestUtility.java:162) - Getting the module count and its details for the steam https://jazz.conti.de/rm4/cm/stream/_pJKyQCJBEe6f2PV5gJoAkw
2023-07-20T13:05:41,942 [Thread-1] INFO  (RestUtility.java:81) - Getting the stream details for the RM stream https://jazz.conti.de/rm4/cm/stream/_OuAOkAvmEe6D0fn3IY9AdA
2023-07-20T13:05:48,176 [Thread-1] INFO  (RestUtility.java:162) - Getting the module count and its details for the steam https://jazz.conti.de/rm4/cm/stream/_OuAOkAvmEe6D0fn3IY9AdA
2023-07-20T13:06:11,683 [Thread-1] INFO  (RestUtility.java:81) - Getting the stream details for the RM stream https://jazz.conti.de/rm4/cm/stream/_9IW60AwXEe6D0fn3IY9AdA
2023-07-20T13:06:13,573 [Thread-1] INFO  (RestUtility.java:162) - Getting the module count and its details for the steam https://jazz.conti.de/rm4/cm/stream/_9IW60AwXEe6D0fn3IY9AdA
2023-07-20T13:06:15,475 [Thread-1] INFO  (RestUtility.java:81) - Getting the stream details for the RM stream https://jazz.conti.de/rm4/cm/stream/_7EbpUE1SEeyxEp1YGWAVMQ
2023-07-20T13:06:21,874 [Thread-1] INFO  (RestUtility.java:162) - Getting the module count and its details for the steam https://jazz.conti.de/rm4/cm/stream/_7EbpUE1SEeyxEp1YGWAVMQ
2023-07-20T13:06:29,308 [Thread-1] INFO  (RestUtility.java:81) - Getting the stream details for the RM stream https://jazz.conti.de/rm4/cm/stream/_7j7NsN7xEeupLJ3XCVU6kA
2023-07-20T13:06:38,397 [Thread-1] INFO  (RestUtility.java:162) - Getting the module count and its details for the steam https://jazz.conti.de/rm4/cm/stream/_7j7NsN7xEeupLJ3XCVU6kA
2023-07-20T13:06:48,906 [Thread-1] INFO  (RestUtility.java:81) - Getting the stream details for the RM stream https://jazz.conti.de/rm4/cm/stream/_SvGMcEMOEeyM9O69iEXi7A
2023-07-20T13:06:53,696 [Thread-1] INFO  (RestUtility.java:162) - Getting the module count and its details for the steam https://jazz.conti.de/rm4/cm/stream/_SvGMcEMOEeyM9O69iEXi7A
2023-07-20T13:07:01,760 [Thread-1] INFO  (RestUtility.java:81) - Getting the stream details for the RM stream https://jazz.conti.de/rm4/cm/stream/_dB5AAcTOEe2dyIHbesJD6A
2023-07-20T13:07:04,074 [Thread-1] INFO  (RestUtility.java:162) - Getting the module count and its details for the steam https://jazz.conti.de/rm4/cm/stream/_dB5AAcTOEe2dyIHbesJD6A
2023-07-20T13:07:07,013 [Thread-1] INFO  (RestUtility.java:81) - Getting the stream details for the RM stream https://jazz.conti.de/rm4/cm/stream/_mLe-0N5UEeupLJ3XCVU6kA
2023-07-20T13:07:10,919 [Thread-1] INFO  (RestUtility.java:162) - Getting the module count and its details for the steam https://jazz.conti.de/rm4/cm/stream/_mLe-0N5UEeupLJ3XCVU6kA
2023-07-20T13:07:26,000 [Thread-1] INFO  (RestUtility.java:81) - Getting the stream details for the RM stream https://jazz.conti.de/rm4/cm/stream/_BZM1AIpGEeytoNwqecO6PA
2023-07-20T13:07:30,424 [Thread-1] INFO  (RestUtility.java:162) - Getting the module count and its details for the steam https://jazz.conti.de/rm4/cm/stream/_BZM1AIpGEeytoNwqecO6PA
2023-07-20T13:07:36,022 [Thread-1] INFO  (RestUtility.java:81) - Getting the stream details for the RM stream https://jazz.conti.de/rm4/cm/stream/__igJxpcuEe2eFJuga2t_Mg
2023-07-20T13:07:38,672 [Thread-1] INFO  (RestUtility.java:162) - Getting the module count and its details for the steam https://jazz.conti.de/rm4/cm/stream/__igJxpcuEe2eFJuga2t_Mg
2023-07-20T13:07:50,507 [Thread-1] INFO  (RestUtility.java:81) - Getting the stream details for the RM stream https://jazz.conti.de/rm4/cm/stream/_I6985q9fEeyzEYnLQiW_fw
2023-07-20T13:07:53,230 [Thread-1] INFO  (RestUtility.java:162) - Getting the module count and its details for the steam https://jazz.conti.de/rm4/cm/stream/_I6985q9fEeyzEYnLQiW_fw
2023-07-20T13:08:03,319 [Thread-1] INFO  (RestUtility.java:81) - Getting the stream details for the RM stream https://jazz.conti.de/rm4/cm/stream/_0NazEN5VEeupLJ3XCVU6kA
2023-07-20T13:08:08,127 [Thread-1] INFO  (RestUtility.java:162) - Getting the module count and its details for the steam https://jazz.conti.de/rm4/cm/stream/_0NazEN5VEeupLJ3XCVU6kA
2023-07-20T13:08:20,993 [Thread-1] INFO  (RestUtility.java:81) - Getting the stream details for the RM stream https://jazz.conti.de/rm4/cm/stream/_7XtPgN5VEeupLJ3XCVU6kA
2023-07-20T13:08:25,531 [Thread-1] INFO  (RestUtility.java:162) - Getting the module count and its details for the steam https://jazz.conti.de/rm4/cm/stream/_7XtPgN5VEeupLJ3XCVU6kA
2023-07-20T13:08:33,792 [Thread-1] INFO  (RestUtility.java:81) - Getting the stream details for the RM stream https://jazz.conti.de/rm4/cm/stream/_wcWC9pcuEe2eFJuga2t_Mg
2023-07-20T13:08:36,243 [Thread-1] INFO  (RestUtility.java:162) - Getting the module count and its details for the steam https://jazz.conti.de/rm4/cm/stream/_wcWC9pcuEe2eFJuga2t_Mg
2023-07-20T13:08:47,373 [Thread-1] INFO  (RestUtility.java:81) - Getting the stream details for the RM stream https://jazz.conti.de/rm4/cm/stream/__7cjUOAVEey1Kta7r2e74w
2023-07-20T13:08:51,415 [Thread-1] INFO  (RestUtility.java:162) - Getting the module count and its details for the steam https://jazz.conti.de/rm4/cm/stream/__7cjUOAVEey1Kta7r2e74w
2023-07-20T13:08:59,789 [Thread-1] INFO  (RestUtility.java:81) - Getting the stream details for the RM stream https://jazz.conti.de/rm4/cm/stream/_M4m6cN5WEeupLJ3XCVU6kA
2023-07-20T13:09:03,060 [Thread-1] INFO  (RestUtility.java:162) - Getting the module count and its details for the steam https://jazz.conti.de/rm4/cm/stream/_M4m6cN5WEeupLJ3XCVU6kA
2023-07-20T13:09:15,227 [Thread-1] INFO  (RestUtility.java:81) - Getting the stream details for the RM stream https://jazz.conti.de/rm4/cm/stream/_DFVNEN5XEeupLJ3XCVU6kA
2023-07-20T13:09:19,591 [Thread-1] INFO  (RestUtility.java:162) - Getting the module count and its details for the steam https://jazz.conti.de/rm4/cm/stream/_DFVNEN5XEeupLJ3XCVU6kA
2023-07-20T13:09:29,052 [Thread-1] INFO  (RestUtility.java:81) - Getting the stream details for the RM stream https://jazz.conti.de/rm4/cm/stream/_l6ueoN5XEeupLJ3XCVU6kA
2023-07-20T13:09:33,308 [Thread-1] INFO  (RestUtility.java:162) - Getting the module count and its details for the steam https://jazz.conti.de/rm4/cm/stream/_l6ueoN5XEeupLJ3XCVU6kA
2023-07-20T13:09:38,372 [Thread-1] INFO  (RestUtility.java:81) - Getting the stream details for the RM stream https://jazz.conti.de/rm4/cm/stream/_cxHQgVQQEeyV4rZ0OhwEhQ
2023-07-20T13:09:42,127 [Thread-1] INFO  (RestUtility.java:162) - Getting the module count and its details for the steam https://jazz.conti.de/rm4/cm/stream/_cxHQgVQQEeyV4rZ0OhwEhQ
2023-07-20T13:09:54,559 [Thread-1] INFO  (RestUtility.java:81) - Getting the stream details for the RM stream https://jazz.conti.de/rm4/cm/stream/_-1SOsIqxEeytoNwqecO6PA
2023-07-20T13:09:56,223 [Thread-1] INFO  (RestUtility.java:162) - Getting the module count and its details for the steam https://jazz.conti.de/rm4/cm/stream/_-1SOsIqxEeytoNwqecO6PA
2023-07-20T13:09:57,484 [Thread-1] INFO  (RestUtility.java:81) - Getting the stream details for the RM stream https://jazz.conti.de/rm4/cm/stream/_YuQVtoKMEeytoNwqecO6PA
2023-07-20T13:10:01,774 [Thread-1] INFO  (RestUtility.java:162) - Getting the module count and its details for the steam https://jazz.conti.de/rm4/cm/stream/_YuQVtoKMEeytoNwqecO6PA
2023-07-20T13:10:14,382 [Thread-1] INFO  (RestUtility.java:81) - Getting the stream details for the RM stream https://jazz.conti.de/rm4/cm/stream/_KD92YJSyEeyRvK6A0602cw
2023-07-20T13:10:32,343 [Thread-1] INFO  (RestUtility.java:162) - Getting the module count and its details for the steam https://jazz.conti.de/rm4/cm/stream/_KD92YJSyEeyRvK6A0602cw
2023-07-20T13:11:03,416 [Thread-1] INFO  (RestUtility.java:81) - Getting the stream details for the RM stream https://jazz.conti.de/rm4/cm/stream/_BgX2UUlTEeyxEp1YGWAVMQ
2023-07-20T13:11:07,565 [Thread-1] INFO  (RestUtility.java:162) - Getting the module count and its details for the steam https://jazz.conti.de/rm4/cm/stream/_BgX2UUlTEeyxEp1YGWAVMQ
2023-07-20T13:11:12,636 [Thread-1] INFO  (RestUtility.java:81) - Getting the stream details for the RM stream https://jazz.conti.de/rm4/cm/stream/_zrBltto5EeupLJ3XCVU6kA
2023-07-20T13:11:15,488 [Thread-1] INFO  (RestUtility.java:162) - Getting the module count and its details for the steam https://jazz.conti.de/rm4/cm/stream/_zrBltto5EeupLJ3XCVU6kA
2023-07-20T13:11:20,154 [Thread-1] INFO  (RestUtility.java:81) - Getting the stream details for the RM stream https://jazz.conti.de/rm4/cm/stream/_W7fNcP6UEeyOqveWG_frLQ
2023-07-20T13:11:26,566 [Thread-1] INFO  (RestUtility.java:162) - Getting the module count and its details for the steam https://jazz.conti.de/rm4/cm/stream/_W7fNcP6UEeyOqveWG_frLQ
2023-07-20T13:11:30,386 [Thread-1] INFO  (RestUtility.java:81) - Getting the stream details for the RM stream https://jazz.conti.de/rm4/cm/stream/_VbPWZl8AEeuG7NSUlaxelQ
2023-07-20T13:13:04,696 [Thread-1] INFO  (RestUtility.java:162) - Getting the module count and its details for the steam https://jazz.conti.de/rm4/cm/stream/_VbPWZl8AEeuG7NSUlaxelQ
2023-07-20T13:20:16,156 [Thread-1] INFO  (RestUtility.java:81) - Getting the stream details for the RM stream https://jazz.conti.de/rm4/cm/stream/_vNpWYINQEeurGPKvtMglaQ
2023-07-20T13:20:45,263 [Thread-1] INFO  (RestUtility.java:162) - Getting the module count and its details for the steam https://jazz.conti.de/rm4/cm/stream/_vNpWYINQEeurGPKvtMglaQ
2023-07-20T13:21:12,391 [Thread-1] INFO  (RestUtility.java:81) - Getting the stream details for the RM stream https://jazz.conti.de/rm4/cm/stream/_PcdW0OOyEeupLJ3XCVU6kA
2023-07-20T13:22:06,778 [Thread-1] INFO  (RestUtility.java:162) - Getting the module count and its details for the steam https://jazz.conti.de/rm4/cm/stream/_PcdW0OOyEeupLJ3XCVU6kA
2023-07-20T13:23:13,833 [Thread-1] INFO  (RestUtility.java:81) - Getting the stream details for the RM stream https://jazz.conti.de/rm4/cm/stream/_0_dfgDvVEeyM9O69iEXi7A
2023-07-20T13:23:29,226 [Thread-1] INFO  (RestUtility.java:162) - Getting the module count and its details for the steam https://jazz.conti.de/rm4/cm/stream/_0_dfgDvVEeyM9O69iEXi7A
2023-07-20T13:23:47,580 [Thread-1] INFO  (RestUtility.java:81) - Getting the stream details for the RM stream https://jazz.conti.de/rm4/cm/stream/_OuAOkAvmEe6D0fn3IY9AdA
2023-07-20T13:23:54,016 [Thread-1] INFO  (RestUtility.java:162) - Getting the module count and its details for the steam https://jazz.conti.de/rm4/cm/stream/_OuAOkAvmEe6D0fn3IY9AdA
2023-07-20T13:24:17,827 [Thread-1] INFO  (RestUtility.java:81) - Getting the stream details for the RM stream https://jazz.conti.de/rm4/cm/stream/_SgpIAA5-Ee6D0fn3IY9AdA
2023-07-20T13:24:21,711 [Thread-1] INFO  (RestUtility.java:162) - Getting the module count and its details for the steam https://jazz.conti.de/rm4/cm/stream/_SgpIAA5-Ee6D0fn3IY9AdA
2023-07-20T13:24:49,422 [Thread-1] INFO  (RestUtility.java:81) - Getting the stream details for the RM stream https://jazz.conti.de/rm4/cm/stream/_h3NsYBWwEe6D0fn3IY9AdA
2023-07-20T13:24:53,470 [Thread-1] INFO  (RestUtility.java:162) - Getting the module count and its details for the steam https://jazz.conti.de/rm4/cm/stream/_h3NsYBWwEe6D0fn3IY9AdA
2023-07-20T13:25:23,775 [Thread-1] INFO  (RestUtility.java:81) - Getting the stream details for the RM stream https://jazz.conti.de/rm4/cm/stream/_Ql-zULa0Ee2dyIHbesJD6A
2023-07-20T13:25:27,592 [Thread-1] INFO  (RestUtility.java:162) - Getting the module count and its details for the steam https://jazz.conti.de/rm4/cm/stream/_Ql-zULa0Ee2dyIHbesJD6A
2023-07-20T13:25:51,259 [Thread-1] INFO  (RestUtility.java:81) - Getting the stream details for the RM stream https://jazz.conti.de/rm4/cm/stream/_Q5EooZl2EeyZd-gIwJcfFQ
2023-07-20T13:25:55,638 [Thread-1] INFO  (RestUtility.java:162) - Getting the module count and its details for the steam https://jazz.conti.de/rm4/cm/stream/_Q5EooZl2EeyZd-gIwJcfFQ
2023-07-20T13:26:19,043 [Thread-1] INFO  (RestUtility.java:81) - Getting the stream details for the RM stream https://jazz.conti.de/rm4/cm/stream/_pqTKUKE8Eey988JOu-sPaw
2023-07-20T13:26:23,231 [Thread-1] INFO  (RestUtility.java:162) - Getting the module count and its details for the steam https://jazz.conti.de/rm4/cm/stream/_pqTKUKE8Eey988JOu-sPaw
2023-07-20T13:26:37,795 [Thread-1] INFO  (RestUtility.java:81) - Getting the stream details for the RM stream https://jazz.conti.de/rm4/cm/stream/_aNdM8N5cEeupLJ3XCVU6kA
2023-07-20T13:26:42,747 [Thread-1] INFO  (RestUtility.java:162) - Getting the module count and its details for the steam https://jazz.conti.de/rm4/cm/stream/_aNdM8N5cEeupLJ3XCVU6kA
2023-07-20T13:26:54,374 [Thread-1] INFO  (RestUtility.java:81) - Getting the stream details for the RM stream https://jazz.conti.de/rm4/cm/stream/_RgN7EJ3-EeyJlotJxNzzgw
2023-07-20T13:26:58,107 [Thread-1] INFO  (RestUtility.java:162) - Getting the module count and its details for the steam https://jazz.conti.de/rm4/cm/stream/_RgN7EJ3-EeyJlotJxNzzgw
2023-07-20T13:27:12,494 [Thread-1] INFO  (RestUtility.java:81) - Getting the stream details for the RM stream https://jazz.conti.de/rm4/cm/stream/_I55mUIpGEeytoNwqecO6PA
2023-07-20T13:27:17,308 [Thread-1] INFO  (RestUtility.java:162) - Getting the module count and its details for the steam https://jazz.conti.de/rm4/cm/stream/_I55mUIpGEeytoNwqecO6PA
2023-07-20T13:27:37,247 [Thread-1] INFO  (RestUtility.java:81) - Getting the stream details for the RM stream https://jazz.conti.de/rm4/cm/stream/_cYNOwFwHEeyV4rZ0OhwEhQ
2023-07-20T13:27:42,507 [Thread-1] INFO  (RestUtility.java:162) - Getting the module count and its details for the steam https://jazz.conti.de/rm4/cm/stream/_cYNOwFwHEeyV4rZ0OhwEhQ
2023-07-20T13:27:52,657 [Thread-1] INFO  (RestUtility.java:81) - Getting the stream details for the RM stream https://jazz.conti.de/rm4/cm/stream/_2dOV4N5-EeupLJ3XCVU6kA
2023-07-20T13:28:07,035 [Thread-1] INFO  (RestUtility.java:162) - Getting the module count and its details for the steam https://jazz.conti.de/rm4/cm/stream/_2dOV4N5-EeupLJ3XCVU6kA
2023-07-20T13:28:42,117 [Thread-1] INFO  (RestUtility.java:81) - Getting the stream details for the RM stream https://jazz.conti.de/rm4/cm/stream/_0bnZ4BobEeyys6waAK36Sg
2023-07-20T13:28:44,922 [Thread-1] INFO  (RestUtility.java:162) - Getting the module count and its details for the steam https://jazz.conti.de/rm4/cm/stream/_0bnZ4BobEeyys6waAK36Sg
2023-07-20T13:29:10,766 [Thread-1] INFO  (RestUtility.java:81) - Getting the stream details for the RM stream https://jazz.conti.de/rm4/cm/stream/_c4BiwjDPEeyHJJowy0Dcjg
2023-07-20T13:29:41,093 [Thread-1] INFO  (RestUtility.java:162) - Getting the module count and its details for the steam https://jazz.conti.de/rm4/cm/stream/_c4BiwjDPEeyHJJowy0Dcjg
2023-07-20T13:31:04,992 [Thread-1] INFO  (RestUtility.java:81) - Getting the stream details for the RM stream https://jazz.conti.de/rm4/cm/stream/_bSG6IN5XEeupLJ3XCVU6kA
2023-07-20T13:31:10,223 [Thread-1] INFO  (RestUtility.java:162) - Getting the module count and its details for the steam https://jazz.conti.de/rm4/cm/stream/_bSG6IN5XEeupLJ3XCVU6kA
2023-07-20T13:31:51,433 [Thread-1] INFO  (RestUtility.java:81) - Getting the stream details for the RM stream https://jazz.conti.de/rm4/cm/stream/_x6CwUN5XEeupLJ3XCVU6kA
2023-07-20T13:31:58,720 [Thread-1] INFO  (RestUtility.java:162) - Getting the module count and its details for the steam https://jazz.conti.de/rm4/cm/stream/_x6CwUN5XEeupLJ3XCVU6kA
2023-07-20T13:32:26,728 [Thread-1] INFO  (RestUtility.java:81) - Getting the stream details for the RM stream https://jazz.conti.de/rm4/cm/stream/_bvdIAN5YEeupLJ3XCVU6kA
2023-07-20T13:32:33,361 [Thread-1] INFO  (RestUtility.java:162) - Getting the module count and its details for the steam https://jazz.conti.de/rm4/cm/stream/_bvdIAN5YEeupLJ3XCVU6kA
2023-07-20T13:33:34,719 [Thread-1] INFO  (RestUtility.java:81) - Getting the stream details for the RM stream https://jazz.conti.de/rm4/cm/stream/_QusT0N5ZEeupLJ3XCVU6kA
2023-07-20T13:33:39,197 [Thread-1] INFO  (RestUtility.java:162) - Getting the module count and its details for the steam https://jazz.conti.de/rm4/cm/stream/_QusT0N5ZEeupLJ3XCVU6kA
2023-07-20T13:34:07,296 [Thread-1] INFO  (RestUtility.java:81) - Getting the stream details for the RM stream https://jazz.conti.de/rm4/cm/stream/_kbIpQN5ZEeupLJ3XCVU6kA
2023-07-20T13:34:11,578 [Thread-1] INFO  (RestUtility.java:162) - Getting the module count and its details for the steam https://jazz.conti.de/rm4/cm/stream/_kbIpQN5ZEeupLJ3XCVU6kA
2023-07-20T13:34:25,611 [Thread-1] INFO  (RestUtility.java:81) - Getting the stream details for the RM stream https://jazz.conti.de/rm4/cm/stream/_0E7BkN5ZEeupLJ3XCVU6kA
2023-07-20T13:34:30,102 [Thread-1] INFO  (RestUtility.java:162) - Getting the module count and its details for the steam https://jazz.conti.de/rm4/cm/stream/_0E7BkN5ZEeupLJ3XCVU6kA
2023-07-20T13:34:49,771 [Thread-1] INFO  (RestUtility.java:81) - Getting the stream details for the RM stream https://jazz.conti.de/rm4/cm/stream/_pPblAPUeEeugFM6Q-0Rcgg
2023-07-20T13:35:22,383 [Thread-1] INFO  (RestUtility.java:162) - Getting the module count and its details for the steam https://jazz.conti.de/rm4/cm/stream/_pPblAPUeEeugFM6Q-0Rcgg
2023-07-20T13:36:48,124 [Thread-1] INFO  (RestUtility.java:81) - Getting the stream details for the RM stream https://jazz.conti.de/rm4/cm/stream/_OI71sN5dEeupLJ3XCVU6kA
2023-07-20T13:36:52,649 [Thread-1] INFO  (RestUtility.java:162) - Getting the module count and its details for the steam https://jazz.conti.de/rm4/cm/stream/_OI71sN5dEeupLJ3XCVU6kA
2023-07-20T13:37:23,889 [Thread-1] INFO  (RestUtility.java:81) - Getting the stream details for the RM stream https://jazz.conti.de/rm4/cm/stream/_DktpAN5dEeupLJ3XCVU6kA
2023-07-20T13:37:28,909 [Thread-1] INFO  (RestUtility.java:162) - Getting the module count and its details for the steam https://jazz.conti.de/rm4/cm/stream/_DktpAN5dEeupLJ3XCVU6kA
2023-07-20T13:37:39,386 [Thread-1] INFO  (RestUtility.java:81) - Getting the stream details for the RM stream https://jazz.conti.de/rm4/cm/stream/_QVK_weimEeyOKKA0JZrBGQ
2023-07-20T13:37:44,243 [Thread-1] INFO  (RestUtility.java:162) - Getting the module count and its details for the steam https://jazz.conti.de/rm4/cm/stream/_QVK_weimEeyOKKA0JZrBGQ
2023-07-20T13:38:06,432 [Thread-1] INFO  (RestUtility.java:81) - Getting the stream details for the RM stream https://jazz.conti.de/rm4/cm/stream/_k5eDsN5cEeupLJ3XCVU6kA
2023-07-20T13:38:11,269 [Thread-1] INFO  (RestUtility.java:162) - Getting the module count and its details for the steam https://jazz.conti.de/rm4/cm/stream/_k5eDsN5cEeupLJ3XCVU6kA
2023-07-20T13:38:19,014 [Thread-1] INFO  (RestUtility.java:81) - Getting the stream details for the RM stream https://jazz.conti.de/rm4/cm/stream/_aNdM8N5cEeupLJ3XCVU6kA
2023-07-20T13:38:23,623 [Thread-1] INFO  (RestUtility.java:162) - Getting the module count and its details for the steam https://jazz.conti.de/rm4/cm/stream/_aNdM8N5cEeupLJ3XCVU6kA
2023-07-20T13:38:35,336 [Thread-1] INFO  (RestUtility.java:81) - Getting the stream details for the RM stream https://jazz.conti.de/rm4/cm/stream/_NUf9gN5cEeupLJ3XCVU6kA
2023-07-20T13:38:40,897 [Thread-1] INFO  (RestUtility.java:162) - Getting the module count and its details for the steam https://jazz.conti.de/rm4/cm/stream/_NUf9gN5cEeupLJ3XCVU6kA
2023-07-20T13:39:01,661 [Thread-1] INFO  (RestUtility.java:81) - Getting the stream details for the RM stream https://jazz.conti.de/rm4/cm/stream/__2bO0N5bEeupLJ3XCVU6kA
2023-07-20T13:39:07,967 [Thread-1] INFO  (RestUtility.java:162) - Getting the module count and its details for the steam https://jazz.conti.de/rm4/cm/stream/__2bO0N5bEeupLJ3XCVU6kA
2023-07-20T13:39:18,058 [Thread-1] INFO  (RestUtility.java:81) - Getting the stream details for the RM stream https://jazz.conti.de/rm4/cm/stream/_t4XGwN5bEeupLJ3XCVU6kA
2023-07-20T13:39:23,380 [Thread-1] INFO  (RestUtility.java:162) - Getting the module count and its details for the steam https://jazz.conti.de/rm4/cm/stream/_t4XGwN5bEeupLJ3XCVU6kA
2023-07-20T13:39:37,864 [Thread-1] INFO  (RestUtility.java:81) - Getting the stream details for the RM stream https://jazz.conti.de/rm4/cm/stream/_QCcm8N5bEeupLJ3XCVU6kA
2023-07-20T13:39:44,349 [Thread-1] INFO  (RestUtility.java:162) - Getting the module count and its details for the steam https://jazz.conti.de/rm4/cm/stream/_QCcm8N5bEeupLJ3XCVU6kA
2023-07-20T13:40:08,284 [Thread-1] INFO  (RestUtility.java:81) - Getting the stream details for the RM stream https://jazz.conti.de/rm4/cm/stream/_YWadsN5aEeupLJ3XCVU6kA
2023-07-20T13:40:18,542 [Thread-1] INFO  (RestUtility.java:162) - Getting the module count and its details for the steam https://jazz.conti.de/rm4/cm/stream/_YWadsN5aEeupLJ3XCVU6kA
2023-07-20T13:40:48,851 [Thread-1] INFO  (RestUtility.java:81) - Getting the stream details for the RM stream https://jazz.conti.de/rm4/cm/stream/_-5NqkN5ZEeupLJ3XCVU6kA
2023-07-20T13:40:55,727 [Thread-1] INFO  (RestUtility.java:162) - Getting the module count and its details for the steam https://jazz.conti.de/rm4/cm/stream/_-5NqkN5ZEeupLJ3XCVU6kA
2023-07-20T13:41:22,673 [Thread-1] INFO  (RestUtility.java:81) - Getting the stream details for the RM stream https://jazz.conti.de/rm4/cm/stream/_gJhqIN5ZEeupLJ3XCVU6kA
2023-07-20T13:41:28,326 [Thread-1] INFO  (RestUtility.java:162) - Getting the module count and its details for the steam https://jazz.conti.de/rm4/cm/stream/_gJhqIN5ZEeupLJ3XCVU6kA
2023-07-20T13:41:46,362 [Thread-1] INFO  (RestUtility.java:81) - Getting the stream details for the RM stream https://jazz.conti.de/rm4/cm/stream/_NtFkAN5ZEeupLJ3XCVU6kA
2023-07-20T13:42:01,162 [Thread-1] INFO  (RestUtility.java:162) - Getting the module count and its details for the steam https://jazz.conti.de/rm4/cm/stream/_NtFkAN5ZEeupLJ3XCVU6kA
2023-07-20T13:42:32,234 [Thread-1] INFO  (RestUtility.java:81) - Getting the stream details for the RM stream https://jazz.conti.de/rm4/cm/stream/_7fZrkN5YEeupLJ3XCVU6kA
2023-07-20T13:42:40,355 [Thread-1] INFO  (RestUtility.java:162) - Getting the module count and its details for the steam https://jazz.conti.de/rm4/cm/stream/_7fZrkN5YEeupLJ3XCVU6kA
2023-07-20T13:43:05,425 [Thread-1] INFO  (RestUtility.java:81) - Getting the stream details for the RM stream https://jazz.conti.de/rm4/cm/stream/_u4ue8N5YEeupLJ3XCVU6kA
2023-07-20T13:43:10,945 [Thread-1] INFO  (RestUtility.java:162) - Getting the module count and its details for the steam https://jazz.conti.de/rm4/cm/stream/_u4ue8N5YEeupLJ3XCVU6kA
2023-07-20T13:43:32,378 [Thread-1] INFO  (RestUtility.java:81) - Getting the stream details for the RM stream https://jazz.conti.de/rm4/cm/stream/_3vFYcN5UEeupLJ3XCVU6kA
2023-07-20T13:43:38,015 [Thread-1] INFO  (RestUtility.java:162) - Getting the module count and its details for the steam https://jazz.conti.de/rm4/cm/stream/_3vFYcN5UEeupLJ3XCVU6kA
2023-07-20T13:43:57,331 [Thread-1] INFO  (RestUtility.java:81) - Getting the stream details for the RM stream https://jazz.conti.de/rm4/cm/stream/_GHF4cN5YEeupLJ3XCVU6kA
2023-07-20T13:44:03,002 [Thread-1] INFO  (RestUtility.java:162) - Getting the module count and its details for the steam https://jazz.conti.de/rm4/cm/stream/_GHF4cN5YEeupLJ3XCVU6kA
2023-07-20T13:44:45,600 [Thread-1] INFO  (RestUtility.java:81) - Getting the stream details for the RM stream https://jazz.conti.de/rm4/cm/stream/_IFZCcDGtEeyHJJowy0Dcjg
2023-07-20T13:44:53,380 [Thread-1] INFO  (RestUtility.java:162) - Getting the module count and its details for the steam https://jazz.conti.de/rm4/cm/stream/_IFZCcDGtEeyHJJowy0Dcjg
2023-07-20T13:45:12,838 [Thread-1] INFO  (RestUtility.java:81) - Getting the stream details for the RM stream https://jazz.conti.de/rm4/cm/stream/_r8ZbQN5ZEeupLJ3XCVU6kA
2023-07-20T13:45:25,636 [Thread-1] INFO  (RestUtility.java:162) - Getting the module count and its details for the steam https://jazz.conti.de/rm4/cm/stream/_r8ZbQN5ZEeupLJ3XCVU6kA
2023-07-20T13:46:40,061 [Thread-1] INFO  (RestUtility.java:81) - Getting the stream details for the RM stream https://jazz.conti.de/rm4/cm/stream/_SV4wkN5YEeupLJ3XCVU6kA
2023-07-20T13:46:44,791 [Thread-1] INFO  (RestUtility.java:162) - Getting the module count and its details for the steam https://jazz.conti.de/rm4/cm/stream/_SV4wkN5YEeupLJ3XCVU6kA
2023-07-20T13:46:51,746 [Thread-1] INFO  (RestUtility.java:81) - Getting the stream details for the RM stream https://jazz.conti.de/rm4/cm/stream/_EAVftvvtEeqIqKySVwTVNQ
2023-07-20T13:47:28,713 [Thread-1] INFO  (RestUtility.java:162) - Getting the module count and its details for the steam https://jazz.conti.de/rm4/cm/stream/_EAVftvvtEeqIqKySVwTVNQ
2023-07-20T13:48:30,188 [Thread-1] INFO  (RestUtility.java:81) - Getting the stream details for the RM stream https://jazz.conti.de/rm4/cm/stream/_WxZ8IHJKEe27oP4CDOs3IQ
2023-07-20T13:48:50,857 [Thread-1] INFO  (RestUtility.java:162) - Getting the module count and its details for the steam https://jazz.conti.de/rm4/cm/stream/_WxZ8IHJKEe27oP4CDOs3IQ
2023-07-20T13:49:07,007 [Thread-1] INFO  (RestUtility.java:81) - Getting the stream details for the RM stream https://jazz.conti.de/rm4/cm/stream/_mjkQVrj2Ee2dyIHbesJD6A
2023-07-20T13:49:08,540 [Thread-1] INFO  (RestUtility.java:162) - Getting the module count and its details for the steam https://jazz.conti.de/rm4/cm/stream/_mjkQVrj2Ee2dyIHbesJD6A
2023-07-20T13:49:10,553 [Thread-1] INFO  (RestUtility.java:81) - Getting the stream details for the RM stream https://jazz.conti.de/rm4/cm/stream/_QSA5Bra1Ee2dyIHbesJD6A
2023-07-20T13:49:12,573 [Thread-1] INFO  (RestUtility.java:162) - Getting the module count and its details for the steam https://jazz.conti.de/rm4/cm/stream/_QSA5Bra1Ee2dyIHbesJD6A
2023-07-20T13:49:15,269 [Thread-1] INFO  (RestUtility.java:81) - Getting the stream details for the RM stream https://jazz.conti.de/rm4/cm/stream/_gqrwlra1Ee2dyIHbesJD6A
2023-07-20T13:49:16,057 [Thread-1] INFO  (RestUtility.java:162) - Getting the module count and its details for the steam https://jazz.conti.de/rm4/cm/stream/_gqrwlra1Ee2dyIHbesJD6A
2023-07-20T13:49:16,920 [Thread-1] INFO  (RestUtility.java:81) - Getting the stream details for the RM stream https://jazz.conti.de/rm4/cm/stream/_Xm0pBqeDEe2fBJJTp7lmmQ
2023-07-20T13:49:20,332 [Thread-1] INFO  (RestUtility.java:162) - Getting the module count and its details for the steam https://jazz.conti.de/rm4/cm/stream/_Xm0pBqeDEe2fBJJTp7lmmQ
2023-07-20T13:49:25,225 [Thread-1] INFO  (RestUtility.java:81) - Getting the stream details for the RM stream https://jazz.conti.de/rm4/cm/stream/_Cn8dwN5oEeupLJ3XCVU6kA
2023-07-20T13:49:49,960 [Thread-1] INFO  (RestUtility.java:162) - Getting the module count and its details for the steam https://jazz.conti.de/rm4/cm/stream/_Cn8dwN5oEeupLJ3XCVU6kA
2023-07-20T13:50:30,609 [Thread-1] INFO  (RestUtility.java:81) - Getting the stream details for the RM stream https://jazz.conti.de/rm4/cm/stream/_vK4Q0N5WEeupLJ3XCVU6kA
2023-07-20T13:50:36,059 [Thread-1] INFO  (RestUtility.java:162) - Getting the module count and its details for the steam https://jazz.conti.de/rm4/cm/stream/_vK4Q0N5WEeupLJ3XCVU6kA
2023-07-20T13:50:42,912 [Thread-1] INFO  (ExcelUtility.java:48) - Creating the excel file report for the provided GC
2023-07-20T13:50:52,888 [Thread-1] WARN  (XSSFWorkbook.java:905) - Sheet '1LIB_Stakeholder_Group_Continental_Operations2Engineering_RM_Generic' will be added with a trimmed name '1LIB_Stakeholder_Group_Continen' for MS Excel compliance.
2023-07-20T13:51:03,958 [Thread-1] ERROR (ExcelUtility.java:123) - exception while creating excel java.lang.IllegalArgumentException: The workbook already contains a sheet named '1LIB_Stakeholder_Group_Continental_SeriesAnalysis_RM_Generic'
2023-07-20T13:51:03,959 [Thread-1] INFO  (GCModuleExtractorApplication.java:95) - ========GC Module exporter completed===========
2023-07-20T13:53:50,829 [Thread-0] INFO  (GCModuleExtractorApplication.java:60) - ========GC Module exporter started===========
2023-07-20T13:53:55,087 [Thread-0] INFO  (DNGLoginUtility.java:51) - DNGLogin succesfull!
2023-07-20T13:53:55,087 [Thread-0] INFO  (RestUtility.java:44) - Fetching the RM stream urls for the GC https://jazz.conti.de/gc/configuration/285
2023-07-20T13:53:55,527 [Thread-0] INFO  (RestUtility.java:81) - Getting the stream details for the RM stream https://jazz.conti.de/rm4/cm/stream/_pJKyQCJBEe6f2PV5gJoAkw
2023-07-20T13:53:58,142 [Thread-0] INFO  (RestUtility.java:162) - Getting the module count and its details for the steam https://jazz.conti.de/rm4/cm/stream/_pJKyQCJBEe6f2PV5gJoAkw
2023-07-20T13:54:00,152 [Thread-0] INFO  (RestUtility.java:81) - Getting the stream details for the RM stream https://jazz.conti.de/rm4/cm/stream/_OuAOkAvmEe6D0fn3IY9AdA
2023-07-20T13:54:06,132 [Thread-0] INFO  (RestUtility.java:162) - Getting the module count and its details for the steam https://jazz.conti.de/rm4/cm/stream/_OuAOkAvmEe6D0fn3IY9AdA
2023-07-20T13:54:31,082 [Thread-0] INFO  (RestUtility.java:81) - Getting the stream details for the RM stream https://jazz.conti.de/rm4/cm/stream/_9IW60AwXEe6D0fn3IY9AdA
2023-07-20T13:54:33,918 [Thread-0] INFO  (RestUtility.java:162) - Getting the module count and its details for the steam https://jazz.conti.de/rm4/cm/stream/_9IW60AwXEe6D0fn3IY9AdA
2023-07-20T13:54:36,273 [Thread-0] INFO  (RestUtility.java:81) - Getting the stream details for the RM stream https://jazz.conti.de/rm4/cm/stream/_7EbpUE1SEeyxEp1YGWAVMQ
2023-07-20T13:54:47,605 [Thread-0] INFO  (RestUtility.java:162) - Getting the module count and its details for the steam https://jazz.conti.de/rm4/cm/stream/_7EbpUE1SEeyxEp1YGWAVMQ
2023-07-20T13:55:04,639 [Thread-0] INFO  (RestUtility.java:81) - Getting the stream details for the RM stream https://jazz.conti.de/rm4/cm/stream/_7j7NsN7xEeupLJ3XCVU6kA
2023-07-20T13:55:22,569 [Thread-0] INFO  (RestUtility.java:162) - Getting the module count and its details for the steam https://jazz.conti.de/rm4/cm/stream/_7j7NsN7xEeupLJ3XCVU6kA
2023-07-20T13:55:41,466 [Thread-0] INFO  (RestUtility.java:81) - Getting the stream details for the RM stream https://jazz.conti.de/rm4/cm/stream/_SvGMcEMOEeyM9O69iEXi7A
2023-07-20T13:55:51,853 [Thread-0] INFO  (RestUtility.java:162) - Getting the module count and its details for the steam https://jazz.conti.de/rm4/cm/stream/_SvGMcEMOEeyM9O69iEXi7A
2023-07-20T13:56:04,164 [Thread-0] INFO  (RestUtility.java:81) - Getting the stream details for the RM stream https://jazz.conti.de/rm4/cm/stream/_dB5AAcTOEe2dyIHbesJD6A
2023-07-20T13:56:07,255 [Thread-0] INFO  (RestUtility.java:162) - Getting the module count and its details for the steam https://jazz.conti.de/rm4/cm/stream/_dB5AAcTOEe2dyIHbesJD6A
2023-07-20T13:56:10,134 [Thread-0] INFO  (RestUtility.java:81) - Getting the stream details for the RM stream https://jazz.conti.de/rm4/cm/stream/_mLe-0N5UEeupLJ3XCVU6kA
2023-07-20T13:56:16,909 [Thread-0] INFO  (RestUtility.java:162) - Getting the module count and its details for the steam https://jazz.conti.de/rm4/cm/stream/_mLe-0N5UEeupLJ3XCVU6kA
2023-07-20T13:56:34,597 [Thread-0] INFO  (RestUtility.java:81) - Getting the stream details for the RM stream https://jazz.conti.de/rm4/cm/stream/_BZM1AIpGEeytoNwqecO6PA
2023-07-20T13:56:43,993 [Thread-0] INFO  (RestUtility.java:162) - Getting the module count and its details for the steam https://jazz.conti.de/rm4/cm/stream/_BZM1AIpGEeytoNwqecO6PA
2023-07-20T13:56:52,522 [Thread-0] INFO  (RestUtility.java:81) - Getting the stream details for the RM stream https://jazz.conti.de/rm4/cm/stream/__igJxpcuEe2eFJuga2t_Mg
2023-07-20T13:56:56,937 [Thread-0] INFO  (RestUtility.java:162) - Getting the module count and its details for the steam https://jazz.conti.de/rm4/cm/stream/__igJxpcuEe2eFJuga2t_Mg
2023-07-20T13:57:09,681 [Thread-0] INFO  (RestUtility.java:81) - Getting the stream details for the RM stream https://jazz.conti.de/rm4/cm/stream/_I6985q9fEeyzEYnLQiW_fw
2023-07-20T13:57:13,528 [Thread-0] INFO  (RestUtility.java:162) - Getting the module count and its details for the steam https://jazz.conti.de/rm4/cm/stream/_I6985q9fEeyzEYnLQiW_fw
2023-07-20T13:57:23,957 [Thread-0] INFO  (RestUtility.java:81) - Getting the stream details for the RM stream https://jazz.conti.de/rm4/cm/stream/_0NazEN5VEeupLJ3XCVU6kA
2023-07-20T13:57:30,735 [Thread-0] INFO  (RestUtility.java:162) - Getting the module count and its details for the steam https://jazz.conti.de/rm4/cm/stream/_0NazEN5VEeupLJ3XCVU6kA
2023-07-20T13:57:44,215 [Thread-0] INFO  (RestUtility.java:81) - Getting the stream details for the RM stream https://jazz.conti.de/rm4/cm/stream/_7XtPgN5VEeupLJ3XCVU6kA
2023-07-20T13:57:49,156 [Thread-0] INFO  (RestUtility.java:162) - Getting the module count and its details for the steam https://jazz.conti.de/rm4/cm/stream/_7XtPgN5VEeupLJ3XCVU6kA
2023-07-20T13:57:58,060 [Thread-0] INFO  (RestUtility.java:81) - Getting the stream details for the RM stream https://jazz.conti.de/rm4/cm/stream/_wcWC9pcuEe2eFJuga2t_Mg
2023-07-20T13:58:00,991 [Thread-0] INFO  (RestUtility.java:162) - Getting the module count and its details for the steam https://jazz.conti.de/rm4/cm/stream/_wcWC9pcuEe2eFJuga2t_Mg
2023-07-20T13:58:12,389 [Thread-0] INFO  (RestUtility.java:81) - Getting the stream details for the RM stream https://jazz.conti.de/rm4/cm/stream/__7cjUOAVEey1Kta7r2e74w
2023-07-20T13:58:17,359 [Thread-0] INFO  (RestUtility.java:162) - Getting the module count and its details for the steam https://jazz.conti.de/rm4/cm/stream/__7cjUOAVEey1Kta7r2e74w
2023-07-20T13:58:26,058 [Thread-0] INFO  (RestUtility.java:81) - Getting the stream details for the RM stream https://jazz.conti.de/rm4/cm/stream/_M4m6cN5WEeupLJ3XCVU6kA
2023-07-20T13:58:29,509 [Thread-0] INFO  (RestUtility.java:162) - Getting the module count and its details for the steam https://jazz.conti.de/rm4/cm/stream/_M4m6cN5WEeupLJ3XCVU6kA
2023-07-20T13:58:42,738 [Thread-0] INFO  (RestUtility.java:81) - Getting the stream details for the RM stream https://jazz.conti.de/rm4/cm/stream/_DFVNEN5XEeupLJ3XCVU6kA
2023-07-20T13:58:47,866 [Thread-0] INFO  (RestUtility.java:162) - Getting the module count and its details for the steam https://jazz.conti.de/rm4/cm/stream/_DFVNEN5XEeupLJ3XCVU6kA
2023-07-20T13:58:57,924 [Thread-0] INFO  (RestUtility.java:81) - Getting the stream details for the RM stream https://jazz.conti.de/rm4/cm/stream/_l6ueoN5XEeupLJ3XCVU6kA
2023-07-20T13:59:03,271 [Thread-0] INFO  (RestUtility.java:162) - Getting the module count and its details for the steam https://jazz.conti.de/rm4/cm/stream/_l6ueoN5XEeupLJ3XCVU6kA
2023-07-20T13:59:08,804 [Thread-0] INFO  (RestUtility.java:81) - Getting the stream details for the RM stream https://jazz.conti.de/rm4/cm/stream/_cxHQgVQQEeyV4rZ0OhwEhQ
2023-07-20T13:59:13,042 [Thread-0] INFO  (RestUtility.java:162) - Getting the module count and its details for the steam https://jazz.conti.de/rm4/cm/stream/_cxHQgVQQEeyV4rZ0OhwEhQ
2023-07-20T13:59:26,013 [Thread-0] INFO  (RestUtility.java:81) - Getting the stream details for the RM stream https://jazz.conti.de/rm4/cm/stream/_-1SOsIqxEeytoNwqecO6PA
2023-07-20T13:59:27,846 [Thread-0] INFO  (RestUtility.java:162) - Getting the module count and its details for the steam https://jazz.conti.de/rm4/cm/stream/_-1SOsIqxEeytoNwqecO6PA
2023-07-20T13:59:29,205 [Thread-0] INFO  (RestUtility.java:81) - Getting the stream details for the RM stream https://jazz.conti.de/rm4/cm/stream/_YuQVtoKMEeytoNwqecO6PA
2023-07-20T13:59:33,479 [Thread-0] INFO  (RestUtility.java:162) - Getting the module count and its details for the steam https://jazz.conti.de/rm4/cm/stream/_YuQVtoKMEeytoNwqecO6PA
2023-07-20T13:59:46,189 [Thread-0] INFO  (RestUtility.java:81) - Getting the stream details for the RM stream https://jazz.conti.de/rm4/cm/stream/_KD92YJSyEeyRvK6A0602cw
2023-07-20T14:00:07,577 [Thread-0] INFO  (RestUtility.java:162) - Getting the module count and its details for the steam https://jazz.conti.de/rm4/cm/stream/_KD92YJSyEeyRvK6A0602cw
2023-07-20T14:00:40,975 [Thread-0] INFO  (RestUtility.java:81) - Getting the stream details for the RM stream https://jazz.conti.de/rm4/cm/stream/_BgX2UUlTEeyxEp1YGWAVMQ
2023-07-20T14:00:45,076 [Thread-0] INFO  (RestUtility.java:162) - Getting the module count and its details for the steam https://jazz.conti.de/rm4/cm/stream/_BgX2UUlTEeyxEp1YGWAVMQ
2023-07-20T14:00:50,253 [Thread-0] INFO  (RestUtility.java:81) - Getting the stream details for the RM stream https://jazz.conti.de/rm4/cm/stream/_zrBltto5EeupLJ3XCVU6kA
2023-07-20T14:00:53,366 [Thread-0] INFO  (RestUtility.java:162) - Getting the module count and its details for the steam https://jazz.conti.de/rm4/cm/stream/_zrBltto5EeupLJ3XCVU6kA
2023-07-20T14:00:58,074 [Thread-0] INFO  (RestUtility.java:81) - Getting the stream details for the RM stream https://jazz.conti.de/rm4/cm/stream/_W7fNcP6UEeyOqveWG_frLQ
2023-07-20T14:01:04,947 [Thread-0] INFO  (RestUtility.java:162) - Getting the module count and its details for the steam https://jazz.conti.de/rm4/cm/stream/_W7fNcP6UEeyOqveWG_frLQ
2023-07-20T14:01:09,210 [Thread-0] INFO  (RestUtility.java:81) - Getting the stream details for the RM stream https://jazz.conti.de/rm4/cm/stream/_VbPWZl8AEeuG7NSUlaxelQ
2023-07-20T14:02:50,538 [Thread-0] INFO  (RestUtility.java:162) - Getting the module count and its details for the steam https://jazz.conti.de/rm4/cm/stream/_VbPWZl8AEeuG7NSUlaxelQ
2023-07-20T14:10:41,482 [Thread-0] INFO  (RestUtility.java:81) - Getting the stream details for the RM stream https://jazz.conti.de/rm4/cm/stream/_vNpWYINQEeurGPKvtMglaQ
2023-07-20T14:11:04,692 [Thread-0] INFO  (RestUtility.java:162) - Getting the module count and its details for the steam https://jazz.conti.de/rm4/cm/stream/_vNpWYINQEeurGPKvtMglaQ
2023-07-20T14:11:28,655 [Thread-0] INFO  (RestUtility.java:81) - Getting the stream details for the RM stream https://jazz.conti.de/rm4/cm/stream/_PcdW0OOyEeupLJ3XCVU6kA
2023-07-20T14:12:14,688 [Thread-0] INFO  (RestUtility.java:162) - Getting the module count and its details for the steam https://jazz.conti.de/rm4/cm/stream/_PcdW0OOyEeupLJ3XCVU6kA
2023-07-20T14:13:26,720 [Thread-0] INFO  (RestUtility.java:81) - Getting the stream details for the RM stream https://jazz.conti.de/rm4/cm/stream/_0_dfgDvVEeyM9O69iEXi7A
2023-07-20T14:13:45,988 [Thread-0] INFO  (RestUtility.java:162) - Getting the module count and its details for the steam https://jazz.conti.de/rm4/cm/stream/_0_dfgDvVEeyM9O69iEXi7A
2023-07-20T14:14:08,920 [Thread-0] INFO  (RestUtility.java:81) - Getting the stream details for the RM stream https://jazz.conti.de/rm4/cm/stream/_OuAOkAvmEe6D0fn3IY9AdA
2023-07-20T14:14:16,063 [Thread-0] INFO  (RestUtility.java:162) - Getting the module count and its details for the steam https://jazz.conti.de/rm4/cm/stream/_OuAOkAvmEe6D0fn3IY9AdA
2023-07-20T14:14:42,614 [Thread-0] INFO  (RestUtility.java:81) - Getting the stream details for the RM stream https://jazz.conti.de/rm4/cm/stream/_SgpIAA5-Ee6D0fn3IY9AdA
2023-07-20T14:14:45,210 [Thread-0] INFO  (RestUtility.java:162) - Getting the module count and its details for the steam https://jazz.conti.de/rm4/cm/stream/_SgpIAA5-Ee6D0fn3IY9AdA
2023-07-20T14:15:10,648 [Thread-0] INFO  (RestUtility.java:81) - Getting the stream details for the RM stream https://jazz.conti.de/rm4/cm/stream/_h3NsYBWwEe6D0fn3IY9AdA
2023-07-20T14:15:12,829 [Thread-0] INFO  (RestUtility.java:162) - Getting the module count and its details for the steam https://jazz.conti.de/rm4/cm/stream/_h3NsYBWwEe6D0fn3IY9AdA
2023-07-20T14:15:44,159 [Thread-0] INFO  (RestUtility.java:81) - Getting the stream details for the RM stream https://jazz.conti.de/rm4/cm/stream/_Ql-zULa0Ee2dyIHbesJD6A
2023-07-20T14:15:47,325 [Thread-0] INFO  (RestUtility.java:162) - Getting the module count and its details for the steam https://jazz.conti.de/rm4/cm/stream/_Ql-zULa0Ee2dyIHbesJD6A
2023-07-20T14:16:11,981 [Thread-0] INFO  (RestUtility.java:81) - Getting the stream details for the RM stream https://jazz.conti.de/rm4/cm/stream/_Q5EooZl2EeyZd-gIwJcfFQ
2023-07-20T14:16:16,434 [Thread-0] INFO  (RestUtility.java:162) - Getting the module count and its details for the steam https://jazz.conti.de/rm4/cm/stream/_Q5EooZl2EeyZd-gIwJcfFQ
2023-07-20T14:16:40,055 [Thread-0] INFO  (RestUtility.java:81) - Getting the stream details for the RM stream https://jazz.conti.de/rm4/cm/stream/_pqTKUKE8Eey988JOu-sPaw
2023-07-20T14:16:44,222 [Thread-0] INFO  (RestUtility.java:162) - Getting the module count and its details for the steam https://jazz.conti.de/rm4/cm/stream/_pqTKUKE8Eey988JOu-sPaw
2023-07-20T14:16:58,792 [Thread-0] INFO  (RestUtility.java:81) - Getting the stream details for the RM stream https://jazz.conti.de/rm4/cm/stream/_aNdM8N5cEeupLJ3XCVU6kA
2023-07-20T14:17:02,180 [Thread-0] INFO  (RestUtility.java:162) - Getting the module count and its details for the steam https://jazz.conti.de/rm4/cm/stream/_aNdM8N5cEeupLJ3XCVU6kA
2023-07-20T14:17:13,956 [Thread-0] INFO  (RestUtility.java:81) - Getting the stream details for the RM stream https://jazz.conti.de/rm4/cm/stream/_RgN7EJ3-EeyJlotJxNzzgw
2023-07-20T14:17:18,484 [Thread-0] INFO  (RestUtility.java:162) - Getting the module count and its details for the steam https://jazz.conti.de/rm4/cm/stream/_RgN7EJ3-EeyJlotJxNzzgw
2023-07-20T14:17:30,056 [Thread-0] INFO  (RestUtility.java:81) - Getting the stream details for the RM stream https://jazz.conti.de/rm4/cm/stream/_I55mUIpGEeytoNwqecO6PA
2023-07-20T14:17:34,564 [Thread-0] INFO  (RestUtility.java:162) - Getting the module count and its details for the steam https://jazz.conti.de/rm4/cm/stream/_I55mUIpGEeytoNwqecO6PA
2023-07-20T14:17:54,709 [Thread-0] INFO  (RestUtility.java:81) - Getting the stream details for the RM stream https://jazz.conti.de/rm4/cm/stream/_cYNOwFwHEeyV4rZ0OhwEhQ
2023-07-20T14:17:57,895 [Thread-0] INFO  (RestUtility.java:162) - Getting the module count and its details for the steam https://jazz.conti.de/rm4/cm/stream/_cYNOwFwHEeyV4rZ0OhwEhQ
2023-07-20T14:18:07,812 [Thread-0] INFO  (RestUtility.java:81) - Getting the stream details for the RM stream https://jazz.conti.de/rm4/cm/stream/_2dOV4N5-EeupLJ3XCVU6kA
2023-07-20T14:18:22,729 [Thread-0] INFO  (RestUtility.java:162) - Getting the module count and its details for the steam https://jazz.conti.de/rm4/cm/stream/_2dOV4N5-EeupLJ3XCVU6kA
2023-07-20T14:18:55,052 [Thread-0] INFO  (RestUtility.java:81) - Getting the stream details for the RM stream https://jazz.conti.de/rm4/cm/stream/_0bnZ4BobEeyys6waAK36Sg
2023-07-20T14:18:59,146 [Thread-0] INFO  (RestUtility.java:162) - Getting the module count and its details for the steam https://jazz.conti.de/rm4/cm/stream/_0bnZ4BobEeyys6waAK36Sg
2023-07-20T14:19:23,927 [Thread-0] INFO  (RestUtility.java:81) - Getting the stream details for the RM stream https://jazz.conti.de/rm4/cm/stream/_c4BiwjDPEeyHJJowy0Dcjg
2023-07-20T14:19:55,281 [Thread-0] INFO  (RestUtility.java:162) - Getting the module count and its details for the steam https://jazz.conti.de/rm4/cm/stream/_c4BiwjDPEeyHJJowy0Dcjg
2023-07-20T14:21:17,982 [Thread-0] INFO  (RestUtility.java:81) - Getting the stream details for the RM stream https://jazz.conti.de/rm4/cm/stream/_bSG6IN5XEeupLJ3XCVU6kA
2023-07-20T14:21:23,078 [Thread-0] INFO  (RestUtility.java:162) - Getting the module count and its details for the steam https://jazz.conti.de/rm4/cm/stream/_bSG6IN5XEeupLJ3XCVU6kA
2023-07-20T14:22:03,469 [Thread-0] INFO  (RestUtility.java:81) - Getting the stream details for the RM stream https://jazz.conti.de/rm4/cm/stream/_x6CwUN5XEeupLJ3XCVU6kA
2023-07-20T14:22:11,995 [Thread-0] INFO  (RestUtility.java:162) - Getting the module count and its details for the steam https://jazz.conti.de/rm4/cm/stream/_x6CwUN5XEeupLJ3XCVU6kA
2023-07-20T14:22:42,663 [Thread-0] INFO  (RestUtility.java:81) - Getting the stream details for the RM stream https://jazz.conti.de/rm4/cm/stream/_bvdIAN5YEeupLJ3XCVU6kA
2023-07-20T14:22:49,892 [Thread-0] INFO  (RestUtility.java:162) - Getting the module count and its details for the steam https://jazz.conti.de/rm4/cm/stream/_bvdIAN5YEeupLJ3XCVU6kA
2023-07-20T14:23:50,289 [Thread-0] INFO  (RestUtility.java:81) - Getting the stream details for the RM stream https://jazz.conti.de/rm4/cm/stream/_QusT0N5ZEeupLJ3XCVU6kA
2023-07-20T14:23:54,220 [Thread-0] INFO  (RestUtility.java:162) - Getting the module count and its details for the steam https://jazz.conti.de/rm4/cm/stream/_QusT0N5ZEeupLJ3XCVU6kA
2023-07-20T14:24:25,455 [Thread-0] INFO  (RestUtility.java:81) - Getting the stream details for the RM stream https://jazz.conti.de/rm4/cm/stream/_kbIpQN5ZEeupLJ3XCVU6kA
2023-07-20T14:24:28,863 [Thread-0] INFO  (RestUtility.java:162) - Getting the module count and its details for the steam https://jazz.conti.de/rm4/cm/stream/_kbIpQN5ZEeupLJ3XCVU6kA
2023-07-20T14:24:43,132 [Thread-0] INFO  (RestUtility.java:81) - Getting the stream details for the RM stream https://jazz.conti.de/rm4/cm/stream/_0E7BkN5ZEeupLJ3XCVU6kA
2023-07-20T14:24:47,273 [Thread-0] INFO  (RestUtility.java:162) - Getting the module count and its details for the steam https://jazz.conti.de/rm4/cm/stream/_0E7BkN5ZEeupLJ3XCVU6kA
2023-07-20T14:25:06,936 [Thread-0] INFO  (RestUtility.java:81) - Getting the stream details for the RM stream https://jazz.conti.de/rm4/cm/stream/_pPblAPUeEeugFM6Q-0Rcgg
2023-07-20T14:25:34,330 [Thread-0] INFO  (RestUtility.java:162) - Getting the module count and its details for the steam https://jazz.conti.de/rm4/cm/stream/_pPblAPUeEeugFM6Q-0Rcgg
2023-07-20T14:27:12,677 [Thread-0] INFO  (RestUtility.java:81) - Getting the stream details for the RM stream https://jazz.conti.de/rm4/cm/stream/_OI71sN5dEeupLJ3XCVU6kA
2023-07-20T14:27:20,464 [Thread-0] INFO  (RestUtility.java:162) - Getting the module count and its details for the steam https://jazz.conti.de/rm4/cm/stream/_OI71sN5dEeupLJ3XCVU6kA
2023-07-20T14:27:49,430 [Thread-0] INFO  (RestUtility.java:81) - Getting the stream details for the RM stream https://jazz.conti.de/rm4/cm/stream/_DktpAN5dEeupLJ3XCVU6kA
2023-07-20T14:27:54,978 [Thread-0] INFO  (RestUtility.java:162) - Getting the module count and its details for the steam https://jazz.conti.de/rm4/cm/stream/_DktpAN5dEeupLJ3XCVU6kA
2023-07-20T14:28:05,920 [Thread-0] INFO  (RestUtility.java:81) - Getting the stream details for the RM stream https://jazz.conti.de/rm4/cm/stream/_QVK_weimEeyOKKA0JZrBGQ
2023-07-20T14:28:11,165 [Thread-0] INFO  (RestUtility.java:162) - Getting the module count and its details for the steam https://jazz.conti.de/rm4/cm/stream/_QVK_weimEeyOKKA0JZrBGQ
2023-07-20T14:28:38,073 [Thread-0] INFO  (RestUtility.java:81) - Getting the stream details for the RM stream https://jazz.conti.de/rm4/cm/stream/_k5eDsN5cEeupLJ3XCVU6kA
2023-07-20T14:28:43,368 [Thread-0] INFO  (RestUtility.java:162) - Getting the module count and its details for the steam https://jazz.conti.de/rm4/cm/stream/_k5eDsN5cEeupLJ3XCVU6kA
2023-07-20T14:28:51,801 [Thread-0] INFO  (RestUtility.java:81) - Getting the stream details for the RM stream https://jazz.conti.de/rm4/cm/stream/_aNdM8N5cEeupLJ3XCVU6kA
2023-07-20T14:28:57,736 [Thread-0] INFO  (RestUtility.java:162) - Getting the module count and its details for the steam https://jazz.conti.de/rm4/cm/stream/_aNdM8N5cEeupLJ3XCVU6kA
2023-07-20T14:29:10,225 [Thread-0] INFO  (RestUtility.java:81) - Getting the stream details for the RM stream https://jazz.conti.de/rm4/cm/stream/_NUf9gN5cEeupLJ3XCVU6kA
2023-07-20T14:29:17,004 [Thread-0] INFO  (RestUtility.java:162) - Getting the module count and its details for the steam https://jazz.conti.de/rm4/cm/stream/_NUf9gN5cEeupLJ3XCVU6kA
2023-07-20T14:29:37,973 [Thread-0] INFO  (RestUtility.java:81) - Getting the stream details for the RM stream https://jazz.conti.de/rm4/cm/stream/__2bO0N5bEeupLJ3XCVU6kA
2023-07-20T14:29:44,757 [Thread-0] INFO  (RestUtility.java:162) - Getting the module count and its details for the steam https://jazz.conti.de/rm4/cm/stream/__2bO0N5bEeupLJ3XCVU6kA
2023-07-20T14:29:54,875 [Thread-0] INFO  (RestUtility.java:81) - Getting the stream details for the RM stream https://jazz.conti.de/rm4/cm/stream/_t4XGwN5bEeupLJ3XCVU6kA
2023-07-20T14:30:00,002 [Thread-0] INFO  (RestUtility.java:162) - Getting the module count and its details for the steam https://jazz.conti.de/rm4/cm/stream/_t4XGwN5bEeupLJ3XCVU6kA
2023-07-20T14:30:14,436 [Thread-0] INFO  (RestUtility.java:81) - Getting the stream details for the RM stream https://jazz.conti.de/rm4/cm/stream/_QCcm8N5bEeupLJ3XCVU6kA
2023-07-20T14:30:20,885 [Thread-0] INFO  (RestUtility.java:162) - Getting the module count and its details for the steam https://jazz.conti.de/rm4/cm/stream/_QCcm8N5bEeupLJ3XCVU6kA
2023-07-20T14:30:42,790 [Thread-0] INFO  (RestUtility.java:81) - Getting the stream details for the RM stream https://jazz.conti.de/rm4/cm/stream/_YWadsN5aEeupLJ3XCVU6kA
2023-07-20T14:30:49,750 [Thread-0] INFO  (RestUtility.java:162) - Getting the module count and its details for the steam https://jazz.conti.de/rm4/cm/stream/_YWadsN5aEeupLJ3XCVU6kA
2023-07-20T14:31:19,043 [Thread-0] INFO  (RestUtility.java:81) - Getting the stream details for the RM stream https://jazz.conti.de/rm4/cm/stream/_-5NqkN5ZEeupLJ3XCVU6kA
2023-07-20T14:31:25,390 [Thread-0] INFO  (RestUtility.java:162) - Getting the module count and its details for the steam https://jazz.conti.de/rm4/cm/stream/_-5NqkN5ZEeupLJ3XCVU6kA
2023-07-20T14:31:50,574 [Thread-0] INFO  (RestUtility.java:81) - Getting the stream details for the RM stream https://jazz.conti.de/rm4/cm/stream/_gJhqIN5ZEeupLJ3XCVU6kA
2023-07-20T14:31:55,563 [Thread-0] INFO  (RestUtility.java:162) - Getting the module count and its details for the steam https://jazz.conti.de/rm4/cm/stream/_gJhqIN5ZEeupLJ3XCVU6kA
2023-07-20T14:32:13,431 [Thread-0] INFO  (RestUtility.java:81) - Getting the stream details for the RM stream https://jazz.conti.de/rm4/cm/stream/_NtFkAN5ZEeupLJ3XCVU6kA
2023-07-20T14:32:25,311 [Thread-0] INFO  (RestUtility.java:162) - Getting the module count and its details for the steam https://jazz.conti.de/rm4/cm/stream/_NtFkAN5ZEeupLJ3XCVU6kA
2023-07-20T14:32:56,530 [Thread-0] INFO  (RestUtility.java:81) - Getting the stream details for the RM stream https://jazz.conti.de/rm4/cm/stream/_7fZrkN5YEeupLJ3XCVU6kA
2023-07-20T14:33:04,233 [Thread-0] INFO  (RestUtility.java:162) - Getting the module count and its details for the steam https://jazz.conti.de/rm4/cm/stream/_7fZrkN5YEeupLJ3XCVU6kA
2023-07-20T14:33:28,476 [Thread-0] INFO  (RestUtility.java:81) - Getting the stream details for the RM stream https://jazz.conti.de/rm4/cm/stream/_u4ue8N5YEeupLJ3XCVU6kA
2023-07-20T14:33:33,403 [Thread-0] INFO  (RestUtility.java:162) - Getting the module count and its details for the steam https://jazz.conti.de/rm4/cm/stream/_u4ue8N5YEeupLJ3XCVU6kA
2023-07-20T14:33:54,796 [Thread-0] INFO  (RestUtility.java:81) - Getting the stream details for the RM stream https://jazz.conti.de/rm4/cm/stream/_3vFYcN5UEeupLJ3XCVU6kA
2023-07-20T14:33:59,838 [Thread-0] INFO  (RestUtility.java:162) - Getting the module count and its details for the steam https://jazz.conti.de/rm4/cm/stream/_3vFYcN5UEeupLJ3XCVU6kA
2023-07-20T14:34:18,770 [Thread-0] INFO  (RestUtility.java:81) - Getting the stream details for the RM stream https://jazz.conti.de/rm4/cm/stream/_GHF4cN5YEeupLJ3XCVU6kA
2023-07-20T14:34:24,178 [Thread-0] INFO  (RestUtility.java:162) - Getting the module count and its details for the steam https://jazz.conti.de/rm4/cm/stream/_GHF4cN5YEeupLJ3XCVU6kA
2023-07-20T14:35:04,861 [Thread-0] INFO  (RestUtility.java:81) - Getting the stream details for the RM stream https://jazz.conti.de/rm4/cm/stream/_IFZCcDGtEeyHJJowy0Dcjg
2023-07-20T14:35:11,583 [Thread-0] INFO  (RestUtility.java:162) - Getting the module count and its details for the steam https://jazz.conti.de/rm4/cm/stream/_IFZCcDGtEeyHJJowy0Dcjg
2023-07-20T14:35:28,382 [Thread-0] INFO  (RestUtility.java:81) - Getting the stream details for the RM stream https://jazz.conti.de/rm4/cm/stream/_r8ZbQN5ZEeupLJ3XCVU6kA
2023-07-20T14:35:36,065 [Thread-0] INFO  (RestUtility.java:162) - Getting the module count and its details for the steam https://jazz.conti.de/rm4/cm/stream/_r8ZbQN5ZEeupLJ3XCVU6kA
2023-07-20T14:36:41,799 [Thread-0] INFO  (RestUtility.java:81) - Getting the stream details for the RM stream https://jazz.conti.de/rm4/cm/stream/_SV4wkN5YEeupLJ3XCVU6kA
2023-07-20T14:36:45,909 [Thread-0] INFO  (RestUtility.java:162) - Getting the module count and its details for the steam https://jazz.conti.de/rm4/cm/stream/_SV4wkN5YEeupLJ3XCVU6kA
2023-07-20T14:36:52,463 [Thread-0] INFO  (RestUtility.java:81) - Getting the stream details for the RM stream https://jazz.conti.de/rm4/cm/stream/_EAVftvvtEeqIqKySVwTVNQ
2023-07-20T14:37:17,528 [Thread-0] INFO  (RestUtility.java:162) - Getting the module count and its details for the steam https://jazz.conti.de/rm4/cm/stream/_EAVftvvtEeqIqKySVwTVNQ
2023-07-20T14:38:12,251 [Thread-0] INFO  (RestUtility.java:81) - Getting the stream details for the RM stream https://jazz.conti.de/rm4/cm/stream/_WxZ8IHJKEe27oP4CDOs3IQ
2023-07-20T14:38:24,480 [Thread-0] INFO  (RestUtility.java:162) - Getting the module count and its details for the steam https://jazz.conti.de/rm4/cm/stream/_WxZ8IHJKEe27oP4CDOs3IQ
2023-07-20T14:38:39,472 [Thread-0] INFO  (RestUtility.java:81) - Getting the stream details for the RM stream https://jazz.conti.de/rm4/cm/stream/_mjkQVrj2Ee2dyIHbesJD6A
2023-07-20T14:38:41,266 [Thread-0] INFO  (RestUtility.java:162) - Getting the module count and its details for the steam https://jazz.conti.de/rm4/cm/stream/_mjkQVrj2Ee2dyIHbesJD6A
2023-07-20T14:38:43,988 [Thread-0] INFO  (RestUtility.java:81) - Getting the stream details for the RM stream https://jazz.conti.de/rm4/cm/stream/_QSA5Bra1Ee2dyIHbesJD6A
2023-07-20T14:38:46,231 [Thread-0] INFO  (RestUtility.java:162) - Getting the module count and its details for the steam https://jazz.conti.de/rm4/cm/stream/_QSA5Bra1Ee2dyIHbesJD6A
2023-07-20T14:38:49,190 [Thread-0] INFO  (RestUtility.java:81) - Getting the stream details for the RM stream https://jazz.conti.de/rm4/cm/stream/_gqrwlra1Ee2dyIHbesJD6A
2023-07-20T14:38:50,326 [Thread-0] INFO  (RestUtility.java:162) - Getting the module count and its details for the steam https://jazz.conti.de/rm4/cm/stream/_gqrwlra1Ee2dyIHbesJD6A
2023-07-20T14:38:51,645 [Thread-0] INFO  (RestUtility.java:81) - Getting the stream details for the RM stream https://jazz.conti.de/rm4/cm/stream/_Xm0pBqeDEe2fBJJTp7lmmQ
2023-07-20T14:38:56,673 [Thread-0] INFO  (RestUtility.java:162) - Getting the module count and its details for the steam https://jazz.conti.de/rm4/cm/stream/_Xm0pBqeDEe2fBJJTp7lmmQ
2023-07-20T14:39:02,406 [Thread-0] INFO  (RestUtility.java:81) - Getting the stream details for the RM stream https://jazz.conti.de/rm4/cm/stream/_Cn8dwN5oEeupLJ3XCVU6kA
2023-07-20T14:39:52,221 [Thread-0] INFO  (RestUtility.java:162) - Getting the module count and its details for the steam https://jazz.conti.de/rm4/cm/stream/_Cn8dwN5oEeupLJ3XCVU6kA
2023-07-20T14:40:47,559 [Thread-0] INFO  (RestUtility.java:81) - Getting the stream details for the RM stream https://jazz.conti.de/rm4/cm/stream/_vK4Q0N5WEeupLJ3XCVU6kA
2023-07-20T14:40:55,046 [Thread-0] INFO  (RestUtility.java:162) - Getting the module count and its details for the steam https://jazz.conti.de/rm4/cm/stream/_vK4Q0N5WEeupLJ3XCVU6kA
2023-07-20T14:41:02,593 [Thread-0] INFO  (ExcelUtility.java:49) - Creating the excel file report for the provided GC
2023-07-20T15:04:56,566 [Thread-0] WARN  (XSSFWorkbook.java:905) - Sheet '1LIB_Stakeholder_Group_Continental_Operations2Engineering_RM_Generic' will be added with a trimmed name '1LIB_Stakeholder_Group_Continen' for MS Excel compliance.
2023-07-20T15:04:57,985 [Thread-0] WARN  (XSSFWorkbook.java:905) - Sheet '3LIB_Stakeholder_Group_Continental_SeriesAnalysis_RM_Generic' will be added with a trimmed name '3LIB_Stakeholder_Group_Continen' for MS Excel compliance.
2023-07-20T15:05:00,040 [Thread-0] WARN  (XSSFWorkbook.java:905) - Sheet '6LIB_Stakeholder_Group_Continental_RM_Generic' will be added with a trimmed name '6LIB_Stakeholder_Group_Continen' for MS Excel compliance.
2023-07-20T15:05:00,827 [Thread-0] WARN  (XSSFWorkbook.java:905) - Sheet '7LIB_Stakeholder_Group_Continental_FeatureList_RM_Generic' will be added with a trimmed name '7LIB_Stakeholder_Group_Continen' for MS Excel compliance.
2023-07-20T15:05:05,114 [Thread-0] WARN  (XSSFWorkbook.java:905) - Sheet '22LIB_L1_VehicleFunctions_Design_AM_Generic' will be added with a trimmed name '22LIB_L1_VehicleFunctions_Desig' for MS Excel compliance.
2023-07-20T15:05:05,452 [Thread-0] WARN  (XSSFWorkbook.java:905) - Sheet '24LIB_L2_Security_Privacy_RM_Generic' will be added with a trimmed name '24LIB_L2_Security_Privacy_RM_Ge' for MS Excel compliance.
2023-07-20T15:05:05,546 [Thread-0] WARN  (XSSFWorkbook.java:905) - Sheet '25LIB_L2_Security_Privacy_Design_AM_Generic' will be added with a trimmed name '25LIB_L2_Security_Privacy_Desig' for MS Excel compliance.
2023-07-20T15:05:05,626 [Thread-0] WARN  (XSSFWorkbook.java:905) - Sheet '26Radar_Stakeholder_Group_Daimler_RM_Generic' will be added with a trimmed name '26Radar_Stakeholder_Group_Daiml' for MS Excel compliance.
2023-07-20T15:05:07,009 [Thread-0] WARN  (XSSFWorkbook.java:905) - Sheet '27Radar_Stakeholder_Group_Continental_RM_Generic' will be added with a trimmed name '27Radar_Stakeholder_Group_Conti' for MS Excel compliance.
2023-07-20T15:05:07,676 [Thread-0] WARN  (XSSFWorkbook.java:905) - Sheet '32LIB_L3_SW_Infoblock_RM_Generic' will be added with a trimmed name '32LIB_L3_SW_Infoblock_RM_Generi' for MS Excel compliance.
2023-07-20T15:05:07,914 [Thread-0] WARN  (XSSFWorkbook.java:905) - Sheet '35LIB_L3_SW_RadarDetection_RM_Generic' will be added with a trimmed name '35LIB_L3_SW_RadarDetection_RM_G' for MS Excel compliance.
2023-07-20T15:05:08,344 [Thread-0] WARN  (XSSFWorkbook.java:905) - Sheet '39LIB_L3_SW_ThirdParty_RM_Generic' will be added with a trimmed name '39LIB_L3_SW_ThirdParty_RM_Gener' for MS Excel compliance.
2023-07-20T15:05:09,638 [Thread-0] WARN  (XSSFWorkbook.java:905) - Sheet '44LIB_L3_SW_SWLoading_RM_Generic' will be added with a trimmed name '44LIB_L3_SW_SWLoading_RM_Generi' for MS Excel compliance.
2023-07-20T15:05:09,741 [Thread-0] WARN  (XSSFWorkbook.java:905) - Sheet '45LIB_L3_SW_EmbeddedMonitor_RM_Generic' will be added with a trimmed name '45LIB_L3_SW_EmbeddedMonitor_RM_' for MS Excel compliance.
2023-07-20T15:05:10,198 [Thread-0] WARN  (XSSFWorkbook.java:905) - Sheet '49LIB_L3_SW_ProductSheet_RM_Generic' will be added with a trimmed name '49LIB_L3_SW_ProductSheet_RM_Gen' for MS Excel compliance.
2023-07-20T15:05:11,160 [Thread-0] WARN  (XSSFWorkbook.java:905) - Sheet '57LIB_L3_SW_FRS_Radar_RM_Generic' will be added with a trimmed name '57LIB_L3_SW_FRS_Radar_RM_Generi' for MS Excel compliance.
2023-07-20T15:05:11,361 [Thread-0] WARN  (XSSFWorkbook.java:905) - Sheet '59LIB_L3_SW_Errorhandling_RM_Generic' will be added with a trimmed name '59LIB_L3_SW_Errorhandling_RM_Ge' for MS Excel compliance.
2023-07-20T15:05:11,466 [Thread-0] WARN  (XSSFWorkbook.java:905) - Sheet '60LIB_L3_SW_EOL_Services_RM_Generic' will be added with a trimmed name '60LIB_L3_SW_EOL_Services_RM_Gen' for MS Excel compliance.
2023-07-20T15:05:11,697 [Thread-0] WARN  (XSSFWorkbook.java:905) - Sheet '62LIB_L3_SW_Diagnostics_RM_Generic' will be added with a trimmed name '62LIB_L3_SW_Diagnostics_RM_Gene' for MS Excel compliance.
2023-07-20T15:05:11,823 [Thread-0] WARN  (XSSFWorkbook.java:905) - Sheet '63LIB_L3_SW_Communication_RM_Generic' will be added with a trimmed name '63LIB_L3_SW_Communication_RM_Ge' for MS Excel compliance.
2023-07-20T15:05:12,213 [Thread-0] WARN  (XSSFWorkbook.java:905) - Sheet '66LIB_L3_SW_Sensor_BringUp_RM_Generic' will be added with a trimmed name '66LIB_L3_SW_Sensor_BringUp_RM_G' for MS Excel compliance.
2023-07-20T15:05:13,001 [Thread-0] WARN  (XSSFWorkbook.java:905) - Sheet '72RADAR_L3_SW_Security_Privacy_Design_AM_Generic' will be added with a trimmed name '72RADAR_L3_SW_Security_Privacy_' for MS Excel compliance.
2023-07-20T15:05:13,086 [Thread-0] WARN  (XSSFWorkbook.java:905) - Sheet '73LIB_L3_SW_Security_Privacy_RM_Generic' will be added with a trimmed name '73LIB_L3_SW_Security_Privacy_RM' for MS Excel compliance.
2023-07-20T15:05:13,154 [Thread-0] WARN  (XSSFWorkbook.java:905) - Sheet '74LIB_L3_SW_Security_Privacy_Design_AM_Generic' will be added with a trimmed name '74LIB_L3_SW_Security_Privacy_De' for MS Excel compliance.
2023-07-20T15:05:21,955 [Thread-0] INFO  (GCModuleExtractorApplication.java:95) - ========GC Module exporter completed===========
