2023-06-30T16:11:52,086 [Thread-0] INFO  (GCModuleExtractorApplication.java:60) - ========GC Module exporter started===========
2023-06-30T16:11:57,302 [Thread-0] INFO  (DNGLoginUtility.java:51) - DNGLogin succesfull!
2023-06-30T16:11:57,303 [Thread-0] INFO  (RestUtility.java:44) - Fetching the RM stream urls for the GC https://jazz-test4.conti.de/gc/configuration/1411
2023-06-30T16:11:58,434 [Thread-0] INFO  (RestUtility.java:81) - Getting the stream details for the RM stream https://jazz-test4.conti.de/rm4/cm/baseline/_rJ1xMPvjEey3tf8S7_tE0A
2023-06-30T16:12:10,108 [Thread-0] INFO  (RestUtility.java:156) - Getting the module count and its details for the steam https://jazz-test4.conti.de/rm4/cm/baseline/_rJ1xMPvjEey3tf8S7_tE0A
2023-06-30T16:12:19,724 [Thread-0] INFO  (RestUtility.java:81) - Getting the stream details for the RM stream https://jazz-test4.conti.de/rm4/cm/baseline/_rKBXYPvjEey3tf8S7_tE0A
2023-06-30T16:12:35,601 [Thread-0] INFO  (RestUtility.java:156) - Getting the module count and its details for the steam https://jazz-test4.conti.de/rm4/cm/baseline/_rKBXYPvjEey3tf8S7_tE0A
2023-06-30T16:12:48,094 [Thread-0] INFO  (RestUtility.java:81) - Getting the stream details for the RM stream https://jazz-test4.conti.de/rm4/cm/baseline/_rKLvcPvjEey3tf8S7_tE0A
2023-06-30T16:15:10,717 [Thread-0] INFO  (RestUtility.java:156) - Getting the module count and its details for the steam https://jazz-test4.conti.de/rm4/cm/baseline/_rKLvcPvjEey3tf8S7_tE0A
2023-06-30T16:23:36,887 [Thread-0] INFO  (RestUtility.java:81) - Getting the stream details for the RM stream https://jazz-test4.conti.de/rm4/cm/baseline/_rKZK0PvjEey3tf8S7_tE0A
2023-06-30T16:26:02,541 [Thread-0] INFO  (RestUtility.java:156) - Getting the module count and its details for the steam https://jazz-test4.conti.de/rm4/cm/baseline/_rKZK0PvjEey3tf8S7_tE0A
2023-06-30T16:29:02,223 [Thread-0] INFO  (RestUtility.java:81) - Getting the stream details for the RM stream https://jazz-test4.conti.de/rm4/cm/baseline/_rKkxAPvjEey3tf8S7_tE0A
2023-06-30T16:29:07,377 [Thread-0] INFO  (RestUtility.java:156) - Getting the module count and its details for the steam https://jazz-test4.conti.de/rm4/cm/baseline/_rKkxAPvjEey3tf8S7_tE0A
2023-06-30T16:29:14,078 [Thread-0] INFO  (RestUtility.java:81) - Getting the stream details for the RM stream https://jazz-test4.conti.de/rm4/cm/baseline/_rNsWcPvjEey3tf8S7_tE0A
2023-06-30T16:29:14,281 [Thread-0] ERROR (RestUtility.java:269) - The GET response could not be obtained for the url https://jazz-test4.conti.de/rm4/cm/baseline/_rNsWcPvjEey3tf8S7_tE0A   Forbidden
2023-06-30T16:29:14,282 [Thread-0] ERROR (RestUtility.java:132) - Exception while getting the project URI for the RM stream https://jazz-test4.conti.de/rm4/cm/baseline/_rNsWcPvjEey3tf8S7_tE0A
2023-06-30T16:29:14,283 [Thread-0] ERROR (RestUtility.java:133) - java.lang.NullPointerException
2023-06-30T16:29:14,997 [Thread-0] ERROR (RestUtility.java:269) - The GET response could not be obtained for the url https://jazz-test4.conti.de/rm4/publish/modules?projectURI=null&vvc.configuration=https://jazz-test4.conti.de/rm4/cm/baseline/_rNsWcPvjEey3tf8S7_tE0A   Not Found
2023-06-30T16:29:14,998 [Thread-0] INFO  (RestUtility.java:156) - Getting the module count and its details for the steam https://jazz-test4.conti.de/rm4/cm/baseline/_rNsWcPvjEey3tf8S7_tE0A
2023-06-30T16:29:20,119 [Thread-0] ERROR (RestUtility.java:99) - Exception while getting the RM stream details for the stream https://jazz-test4.conti.de/rm4/cm/baseline/_rNsWcPvjEey3tf8S7_tE0A
2023-06-30T16:29:20,120 [Thread-0] ERROR (RestUtility.java:100) - java.lang.NullPointerException
2023-06-30T16:29:20,120 [Thread-0] ERROR (GCModuleExtractorApplication.java:90) - Exception in the GC module extractor application java.lang.NullPointerException
2023-06-30T16:36:25,931 [Thread-1] INFO  (GCModuleExtractorApplication.java:60) - ========GC Module exporter started===========
2023-06-30T16:36:30,806 [Thread-1] INFO  (DNGLoginUtility.java:51) - DNGLogin succesfull!
2023-06-30T16:36:30,806 [Thread-1] INFO  (RestUtility.java:44) - Fetching the RM stream urls for the GC https://jazz-test4.conti.de/gc/configuration/1411
2023-06-30T16:36:31,422 [Thread-1] INFO  (RestUtility.java:81) - Getting the stream details for the RM stream https://jazz-test4.conti.de/rm4/cm/baseline/_rJ1xMPvjEey3tf8S7_tE0A
2023-06-30T16:36:38,793 [Thread-1] INFO  (RestUtility.java:156) - Getting the module count and its details for the steam https://jazz-test4.conti.de/rm4/cm/baseline/_rJ1xMPvjEey3tf8S7_tE0A
2023-06-30T16:36:46,879 [Thread-1] INFO  (RestUtility.java:81) - Getting the stream details for the RM stream https://jazz-test4.conti.de/rm4/cm/baseline/_rKBXYPvjEey3tf8S7_tE0A
2023-06-30T16:36:55,524 [Thread-1] INFO  (RestUtility.java:156) - Getting the module count and its details for the steam https://jazz-test4.conti.de/rm4/cm/baseline/_rKBXYPvjEey3tf8S7_tE0A
2023-06-30T16:37:04,245 [Thread-1] INFO  (RestUtility.java:81) - Getting the stream details for the RM stream https://jazz-test4.conti.de/rm4/cm/baseline/_rKLvcPvjEey3tf8S7_tE0A
2023-06-30T16:37:52,302 [Thread-1] INFO  (RestUtility.java:156) - Getting the module count and its details for the steam https://jazz-test4.conti.de/rm4/cm/baseline/_rKLvcPvjEey3tf8S7_tE0A
2023-06-30T16:42:47,007 [Thread-1] INFO  (RestUtility.java:81) - Getting the stream details for the RM stream https://jazz-test4.conti.de/rm4/cm/baseline/_rKZK0PvjEey3tf8S7_tE0A
2023-06-30T16:44:32,115 [Thread-1] INFO  (RestUtility.java:156) - Getting the module count and its details for the steam https://jazz-test4.conti.de/rm4/cm/baseline/_rKZK0PvjEey3tf8S7_tE0A
2023-06-30T16:46:50,447 [Thread-1] INFO  (RestUtility.java:81) - Getting the stream details for the RM stream https://jazz-test4.conti.de/rm4/cm/baseline/_rKkxAPvjEey3tf8S7_tE0A
2023-06-30T16:46:57,001 [Thread-1] INFO  (RestUtility.java:156) - Getting the module count and its details for the steam https://jazz-test4.conti.de/rm4/cm/baseline/_rKkxAPvjEey3tf8S7_tE0A
2023-06-30T16:47:02,022 [Thread-1] INFO  (RestUtility.java:81) - Getting the stream details for the RM stream https://jazz-test4.conti.de/rm4/cm/baseline/_rNsWcPvjEey3tf8S7_tE0A
2023-06-30T16:47:02,324 [Thread-1] ERROR (RestUtility.java:269) - The GET response could not be obtained for the url https://jazz-test4.conti.de/rm4/cm/baseline/_rNsWcPvjEey3tf8S7_tE0A   Forbidden
2023-06-30T16:47:02,325 [Thread-1] ERROR (RestUtility.java:132) - Exception while getting the project URI for the RM stream https://jazz-test4.conti.de/rm4/cm/baseline/_rNsWcPvjEey3tf8S7_tE0A
2023-06-30T16:47:02,326 [Thread-1] ERROR (RestUtility.java:133) - java.lang.NullPointerException
2023-06-30T16:47:03,040 [Thread-1] ERROR (RestUtility.java:269) - The GET response could not be obtained for the url https://jazz-test4.conti.de/rm4/publish/modules?projectURI=null&vvc.configuration=https://jazz-test4.conti.de/rm4/cm/baseline/_rNsWcPvjEey3tf8S7_tE0A   Not Found
2023-06-30T16:47:03,041 [Thread-1] INFO  (RestUtility.java:156) - Getting the module count and its details for the steam https://jazz-test4.conti.de/rm4/cm/baseline/_rNsWcPvjEey3tf8S7_tE0A
2023-06-30T16:47:04,030 [Thread-1] ERROR (RestUtility.java:99) - Exception while getting the RM stream details for the stream https://jazz-test4.conti.de/rm4/cm/baseline/_rNsWcPvjEey3tf8S7_tE0A
2023-06-30T16:47:04,030 [Thread-1] ERROR (RestUtility.java:100) - java.lang.NullPointerException
2023-06-30T16:47:04,030 [Thread-1] ERROR (GCModuleExtractorApplication.java:90) - Exception in the GC module extractor application java.lang.NullPointerException
2023-06-30T17:02:46,527 [Thread-0] INFO  (GCModuleExtractorApplication.java:60) - ========GC Module exporter started===========
2023-06-30T17:02:51,564 [Thread-0] INFO  (DNGLoginUtility.java:51) - DNGLogin succesfull!
2023-06-30T17:02:51,565 [Thread-0] INFO  (RestUtility.java:44) - Fetching the RM stream urls for the GC https://jazz-test4.conti.de/gc/configuration/1411
2023-06-30T17:02:52,185 [Thread-0] INFO  (RestUtility.java:81) - Getting the stream details for the RM stream https://jazz-test4.conti.de/rm4/cm/baseline/_rJ1xMPvjEey3tf8S7_tE0A
2023-06-30T17:02:58,364 [Thread-0] INFO  (RestUtility.java:161) - Getting the module count and its details for the steam https://jazz-test4.conti.de/rm4/cm/baseline/_rJ1xMPvjEey3tf8S7_tE0A
2023-06-30T17:03:07,433 [Thread-0] INFO  (RestUtility.java:81) - Getting the stream details for the RM stream https://jazz-test4.conti.de/rm4/cm/baseline/_rKBXYPvjEey3tf8S7_tE0A
2023-06-30T17:03:18,461 [Thread-0] INFO  (RestUtility.java:161) - Getting the module count and its details for the steam https://jazz-test4.conti.de/rm4/cm/baseline/_rKBXYPvjEey3tf8S7_tE0A
2023-06-30T17:03:27,859 [Thread-0] INFO  (RestUtility.java:81) - Getting the stream details for the RM stream https://jazz-test4.conti.de/rm4/cm/baseline/_rKLvcPvjEey3tf8S7_tE0A
2023-06-30T17:04:15,303 [Thread-0] INFO  (RestUtility.java:161) - Getting the module count and its details for the steam https://jazz-test4.conti.de/rm4/cm/baseline/_rKLvcPvjEey3tf8S7_tE0A
2023-06-30T17:09:01,482 [Thread-0] INFO  (RestUtility.java:81) - Getting the stream details for the RM stream https://jazz-test4.conti.de/rm4/cm/baseline/_rKZK0PvjEey3tf8S7_tE0A
2023-06-30T17:11:11,552 [Thread-0] INFO  (RestUtility.java:161) - Getting the module count and its details for the steam https://jazz-test4.conti.de/rm4/cm/baseline/_rKZK0PvjEey3tf8S7_tE0A
2023-06-30T17:13:26,055 [Thread-0] INFO  (RestUtility.java:81) - Getting the stream details for the RM stream https://jazz-test4.conti.de/rm4/cm/baseline/_rKkxAPvjEey3tf8S7_tE0A
2023-06-30T17:13:30,126 [Thread-0] INFO  (RestUtility.java:161) - Getting the module count and its details for the steam https://jazz-test4.conti.de/rm4/cm/baseline/_rKkxAPvjEey3tf8S7_tE0A
2023-06-30T17:13:35,199 [Thread-0] INFO  (RestUtility.java:81) - Getting the stream details for the RM stream https://jazz-test4.conti.de/rm4/cm/baseline/_rNsWcPvjEey3tf8S7_tE0A
2023-06-30T17:13:35,412 [Thread-0] ERROR (RestUtility.java:274) - The GET response could not be obtained for the url https://jazz-test4.conti.de/rm4/cm/baseline/_rNsWcPvjEey3tf8S7_tE0A   Forbidden
2023-06-30T17:13:35,413 [Thread-0] ERROR (RestUtility.java:137) - Exception while getting the project URI for the RM stream https://jazz-test4.conti.de/rm4/cm/baseline/_rNsWcPvjEey3tf8S7_tE0A
2023-06-30T17:13:35,414 [Thread-0] ERROR (RestUtility.java:138) - java.lang.NullPointerException
2023-06-30T17:13:36,052 [Thread-0] ERROR (RestUtility.java:274) - The GET response could not be obtained for the url https://jazz-test4.conti.de/rm4/publish/modules?projectURI=null&vvc.configuration=https://jazz-test4.conti.de/rm4/cm/baseline/_rNsWcPvjEey3tf8S7_tE0A   Not Found
2023-06-30T17:13:36,053 [Thread-0] INFO  (RestUtility.java:161) - Getting the module count and its details for the steam https://jazz-test4.conti.de/rm4/cm/baseline/_rNsWcPvjEey3tf8S7_tE0A
2023-06-30T17:13:36,972 [Thread-0] ERROR (RestUtility.java:104) - Exception while getting the RM stream details for the stream https://jazz-test4.conti.de/rm4/cm/baseline/_rNsWcPvjEey3tf8S7_tE0A
2023-06-30T17:13:36,972 [Thread-0] ERROR (RestUtility.java:105) - java.lang.NullPointerException
2023-06-30T17:13:36,972 [Thread-0] ERROR (GCModuleExtractorApplication.java:90) - Exception in the GC module extractor application java.lang.NullPointerException
2023-06-30T17:20:28,641 [Thread-0] INFO  (GCModuleExtractorApplication.java:60) - ========GC Module exporter started===========
2023-06-30T17:20:34,179 [Thread-0] INFO  (DNGLoginUtility.java:51) - DNGLogin succesfull!
2023-06-30T17:20:34,180 [Thread-0] INFO  (RestUtility.java:44) - Fetching the RM stream urls for the GC https://jazz-test4.conti.de/gc/configuration/1411
2023-06-30T17:20:35,006 [Thread-0] INFO  (RestUtility.java:81) - Getting the stream details for the RM stream https://jazz-test4.conti.de/rm4/cm/baseline/_rJ1xMPvjEey3tf8S7_tE0A
2023-06-30T17:20:44,478 [Thread-0] INFO  (RestUtility.java:161) - Getting the module count and its details for the steam https://jazz-test4.conti.de/rm4/cm/baseline/_rJ1xMPvjEey3tf8S7_tE0A
2023-06-30T17:20:55,344 [Thread-0] INFO  (RestUtility.java:81) - Getting the stream details for the RM stream https://jazz-test4.conti.de/rm4/cm/baseline/_rKBXYPvjEey3tf8S7_tE0A
2023-06-30T17:22:10,171 [Thread-0] INFO  (RestUtility.java:161) - Getting the module count and its details for the steam https://jazz-test4.conti.de/rm4/cm/baseline/_rKBXYPvjEey3tf8S7_tE0A
2023-06-30T17:22:18,431 [Thread-0] INFO  (RestUtility.java:81) - Getting the stream details for the RM stream https://jazz-test4.conti.de/rm4/cm/baseline/_rKLvcPvjEey3tf8S7_tE0A
2023-06-30T17:23:21,908 [Thread-0] INFO  (RestUtility.java:161) - Getting the module count and its details for the steam https://jazz-test4.conti.de/rm4/cm/baseline/_rKLvcPvjEey3tf8S7_tE0A
